Log file open, 12/21/19 22:44:05
LogWindows: Failed to load 'aqProf.dll' (GetLastError=126)
LogWindows: File 'aqProf.dll' does not exist
LogWindows: Failed to load 'VtuneApi.dll' (GetLastError=126)
LogWindows: File 'VtuneApi.dll' does not exist
LogWindows: Failed to load 'VtuneApi32e.dll' (GetLastError=126)
LogWindows: File 'VtuneApi32e.dll' does not exist
LogConsoleResponse: Display: Failed to find resolution value strings in scalability ini. Falling back to default.
LogInit: Display: Running engine for game: BuildingEscape
LogPlatformFile: Not using cached read wrapper
LogTaskGraph: Started task graph with 5 named threads and 11 total threads with 3 sets of task threads.
LogStats: Stats thread started at 1.520741
LogD3D11RHI: Loaded GFSDK_Aftermath_Lib.x64.dll
LogICUInternationalization: ICU TimeZone Detection - Raw Offset: +5:30, Platform Override: ''
LogPluginManager: Mounting plugin Paper2D
LogPluginManager: Mounting plugin AISupport
LogPluginManager: Mounting plugin LightPropagationVolume
LogPluginManager: Mounting plugin ActorLayerUtilities
LogPluginManager: Mounting plugin AnimationSharing
LogPluginManager: Mounting plugin CLionSourceCodeAccess
LogPluginManager: Mounting plugin CodeLiteSourceCodeAccess
LogPluginManager: Mounting plugin GitSourceControl
LogPluginManager: Mounting plugin KDevelopSourceCodeAccess
LogPluginManager: Mounting plugin NullSourceCodeAccess
LogPluginManager: Mounting plugin PerforceSourceControl
LogPluginManager: Mounting plugin PlasticSourceControl
LogPluginManager: Mounting plugin SubversionSourceControl
LogPluginManager: Mounting plugin UObjectPlugin
LogPluginManager: Mounting plugin VisualStudioCodeSourceCodeAccess
LogPluginManager: Mounting plugin VisualStudioSourceCodeAccess
LogPluginManager: Mounting plugin XCodeSourceCodeAccess
LogPluginManager: Mounting plugin AssetManagerEditor
LogPluginManager: Mounting plugin CryptoKeys
LogPluginManager: Mounting plugin CurveEditorTools
LogPluginManager: Mounting plugin DataValidation
LogPluginManager: Mounting plugin FacialAnimation
LogPluginManager: Mounting plugin GameplayTagsEditor
LogPluginManager: Mounting plugin MacGraphicsSwitching
LogPluginManager: Mounting plugin MaterialAnalyzer
LogPluginManager: Mounting plugin MobileLauncherProfileWizard
LogPluginManager: Mounting plugin PluginBrowser
LogPluginManager: Mounting plugin SpeedTreeImporter
LogPluginManager: Mounting plugin DatasmithContent
LogPluginManager: Mounting plugin VariantManagerContent
LogPluginManager: Mounting plugin AlembicImporter
LogPluginManager: Mounting plugin AutomationUtils
LogPluginManager: Mounting plugin BackChannel
LogPluginManager: Mounting plugin CharacterAI
LogPluginManager: Mounting plugin GeometryCache
LogPluginManager: Mounting plugin PlatformCrypto
LogPluginManager: Mounting plugin ProxyLODPlugin
LogPluginManager: Mounting plugin SkeletalReduction
LogPluginManager: Mounting plugin MagicLeap
LogPluginManager: Mounting plugin MagicLeapMedia
LogPluginManager: Mounting plugin MLSDK
LogPluginManager: Mounting plugin AndroidMedia
LogPluginManager: Mounting plugin AvfMedia
LogPluginManager: Mounting plugin ImgMedia
LogPluginManager: Mounting plugin MediaCompositing
LogPluginManager: Mounting plugin MediaPlayerEditor
LogPluginManager: Mounting plugin WebMMedia
LogPluginManager: Mounting plugin WmfMedia
LogPluginManager: Mounting plugin TcpMessaging
LogPluginManager: Mounting plugin UdpMessaging
LogPluginManager: Mounting plugin ActorSequence
LogPluginManager: Mounting plugin LevelSequenceEditor
LogPluginManager: Mounting plugin MatineeToLevelSequence
LogPluginManager: Mounting plugin NetcodeUnitTest
LogPluginManager: Mounting plugin NUTUnrealEngine4
LogPluginManager: Mounting plugin OnlineSubsystemGooglePlay
LogPluginManager: Mounting plugin OnlineSubsystemIOS
LogPluginManager: Mounting plugin OnlineSubsystem
LogPluginManager: Mounting plugin OnlineSubsystemNull
LogPluginManager: Mounting plugin OnlineSubsystemUtils
LogPluginManager: Mounting plugin LauncherChunkInstaller
LogPluginManager: Mounting plugin AndroidDeviceProfileSelector
LogPluginManager: Mounting plugin AndroidMoviePlayer
LogPluginManager: Mounting plugin AndroidPermission
LogPluginManager: Mounting plugin AppleImageUtils
LogPluginManager: Mounting plugin AppleMoviePlayer
LogPluginManager: Mounting plugin ArchVisCharacter
LogPluginManager: Mounting plugin AssetTags
LogPluginManager: Mounting plugin AudioCapture
LogPluginManager: Mounting plugin CableComponent
LogPluginManager: Mounting plugin CustomMeshComponent
LogPluginManager: Mounting plugin EditableMesh
LogPluginManager: Mounting plugin ExampleDeviceProfileSelector
LogPluginManager: Mounting plugin GoogleCloudMessaging
LogPluginManager: Mounting plugin IOSDeviceProfileSelector
LogPluginManager: Mounting plugin LinuxDeviceProfileSelector
LogPluginManager: Mounting plugin LocationServicesBPLibrary
LogPluginManager: Mounting plugin MobilePatchingUtils
LogPluginManager: Mounting plugin OculusVR
LogPluginManager: Mounting plugin PhysXVehicles
LogPluginManager: Mounting plugin PostSplashScreen
LogPluginManager: Mounting plugin ProceduralMeshComponent
LogPluginManager: Mounting plugin RuntimePhysXCooking
LogPluginManager: Mounting plugin SignificanceManager
LogPluginManager: Mounting plugin SteamVR
LogPluginManager: Mounting plugin WebMMoviePlayer
LogPluginManager: Mounting plugin WindowsMoviePlayer
LogPluginManager: Mounting plugin ScreenshotTools
LogInit: Using libcurl 7.55.1-DEV
LogInit:  - built for x86_64-pc-win32
LogInit:  - supports SSL with OpenSSL/1.1.1
LogInit:  - supports HTTP deflate (compression) using libz 1.2.8
LogInit:  - other features:
LogInit:      CURL_VERSION_SSL
LogInit:      CURL_VERSION_LIBZ
LogInit:      CURL_VERSION_IPV6
LogInit:      CURL_VERSION_ASYNCHDNS
LogInit:      CURL_VERSION_LARGEFILE
LogInit:      CURL_VERSION_IDN
LogInit:  CurlRequestOptions (configurable via config and command line):
LogInit:  - bVerifyPeer = true  - Libcurl will verify peer certificate
LogInit:  - bUseHttpProxy = false  - Libcurl will NOT use HTTP proxy
LogInit:  - bDontReuseConnections = false  - Libcurl will reuse connections
LogInit:  - MaxHostConnections = 16  - Libcurl will limit the number of connections to a host
LogInit:  - LocalHostAddr = Default
LogInit:  - BufferSize = 65536
LogOnline: OSS: Creating online subsystem instance for: NULL
LogInit: WinSock: version 1.1 (2.2), MaxSocks=32767, MaxUdp=65467
LogOnline: OSS: TryLoadSubsystemAndSetDefault: Loaded subsystem for module [NULL]
LogInit: Build: ++UE4+Release-4.24-CL-10570792
LogInit: Engine Version: 4.24.0-10570792+++UE4+Release-4.24
LogInit: Compatible Engine Version: 4.24.0-10570792+++UE4+Release-4.24
LogInit: Net CL: 10570792
LogInit: OS: Windows 7 (Service Pack 1), CPU: Intel(R) Core(TM) i3-4160 CPU @ 3.60GHz, GPU: NVIDIA GeForce GTX 1650
LogInit: Compiled (64-bit): Dec  6 2019 02:05:13
LogInit: Compiled with Visual C++: 19.16.27032.01
LogInit: Build Configuration: Development
LogInit: Branch Name: ++UE4+Release-4.24
LogInit: Command Line: 
LogInit: Base Directory: D:/Epic Games/UE_4.24/Engine/Binaries/Win64/
LogInit: Installed Engine Build: 1
LogDevObjectVersion: Number of dev versions registered: 25
LogDevObjectVersion:   Dev-Blueprints (B0D832E4-1F89-4F0D-ACCF-7EB736FD4AA2): 10
LogDevObjectVersion:   Dev-Build (E1C64328-A22C-4D53-A36C-8E866417BD8C): 0
LogDevObjectVersion:   Dev-Core (375EC13C-06E4-48FB-B500-84F0262A717E): 3
LogDevObjectVersion:   Dev-Editor (E4B068ED-F494-42E9-A231-DA0B2E46BB41): 37
LogDevObjectVersion:   Dev-Framework (CFFC743F-43B0-4480-9391-14DF171D2073): 36
LogDevObjectVersion:   Dev-Mobile (B02B49B5-BB20-44E9-A304-32B752E40360): 2
LogDevObjectVersion:   Dev-Networking (A4E4105C-59A1-49B5-A7C5-40C4547EDFEE): 0
LogDevObjectVersion:   Dev-Online (39C831C9-5AE6-47DC-9A44-9C173E1C8E7C): 0
LogDevObjectVersion:   Dev-Physics (78F01B33-EBEA-4F98-B9B4-84EACCB95AA2): 2
LogDevObjectVersion:   Dev-Platform (6631380F-2D4D-43E0-8009-CF276956A95A): 0
LogDevObjectVersion:   Dev-Rendering (12F88B9F-8875-4AFC-A67C-D90C383ABD29): 36
LogDevObjectVersion:   Dev-Sequencer (7B5AE74C-D270-4C10-A958-57980B212A5A): 11
LogDevObjectVersion:   Dev-VR (D7296918-1DD6-4BDD-9DE2-64A83CC13884): 2
LogDevObjectVersion:   Dev-LoadTimes (C2A15278-BFE7-4AFE-6C17-90FF531DF755): 1
LogDevObjectVersion:   Private-Geometry (6EACA3D4-40EC-4CC1-B786-8BED09428FC5): 3
LogDevObjectVersion:   Dev-AnimPhys (29E575DD-E0A3-4627-9D10-D276232CDCEA): 17
LogDevObjectVersion:   Dev-Anim (AF43A65D-7FD3-4947-9873-3E8ED9C1BB05): 2
LogDevObjectVersion:   Dev-ReflectionCapture (6B266CEC-1EC7-4B8F-A30B-E4D90942FC07): 1
LogDevObjectVersion:   Dev-Automation (0DF73D61-A23F-47EA-B727-89E90C41499A): 1
LogDevObjectVersion:   FortniteMain (601D1886-AC64-4F84-AA16-D3DE0DEAC7D6): 31
LogDevObjectVersion:   Dev-Enterprise (9DFFBCD6-494F-0158-E221-12823C92A888): 8
LogDevObjectVersion:   Dev-Niagara (F2AED0AC-9AFE-416F-8664-AA7FFA26D6FC): 1
LogDevObjectVersion:   Dev-Destruction (174F1F0B-B4C6-45A5-B13F-2EE8D0FB917D): 9
LogDevObjectVersion:   Dev-Physics-Ext (35F94A83-E258-406C-A318-09F59610247C): 8
LogDevObjectVersion:   Dev-CineCamera (B2E18506-4273-CFC2-A54E-F4BB758BBA07): 1
LogInit: Presizing for max 25165824 objects, including 0 objects not considered by GC, pre-allocating 0 bytes for permanent pool.
LogInit: Object subsystem initialized
LogConfig: Setting CVar [[con.DebugEarlyDefault:1]]
LogConfig: Setting CVar [[r.setres:1280x720]]
[2019.12.21-17.14.06:967][  0]LogConfig: Setting CVar [[r.VSync:0]]
[2019.12.21-17.14.06:967][  0]LogConfig: Setting CVar [[r.RHICmdBypass:0]]
[2019.12.21-17.14.06:967][  0]LogConfig: Applying CVar settings from Section [/Script/Engine.RendererSettings] File [D:/Game Devlopment/Unreal Games/BuildingEscape/BuildingEscape/Saved/Config/Windows/Engine.ini]
[2019.12.21-17.14.06:967][  0]LogConfig: Setting CVar [[r.GPUCrashDebugging:0]]
[2019.12.21-17.14.06:967][  0]LogConfig: Applying CVar settings from Section [/Script/Engine.RendererOverrideSettings] File [D:/Game Devlopment/Unreal Games/BuildingEscape/BuildingEscape/Saved/Config/Windows/Engine.ini]
[2019.12.21-17.14.06:967][  0]LogConfig: Applying CVar settings from Section [/Script/Engine.StreamingSettings] File [D:/Game Devlopment/Unreal Games/BuildingEscape/BuildingEscape/Saved/Config/Windows/Engine.ini]
[2019.12.21-17.14.06:967][  0]LogConfig: Setting CVar [[s.MinBulkDataSizeForAsyncLoading:131072]]
[2019.12.21-17.14.06:967][  0]LogConfig: Setting CVar [[s.AsyncLoadingThreadEnabled:0]]
[2019.12.21-17.14.06:967][  0]LogConfig: Setting CVar [[s.EventDrivenLoaderEnabled:1]]
[2019.12.21-17.14.06:967][  0]LogConfig: Setting CVar [[s.WarnIfTimeLimitExceeded:0]]
[2019.12.21-17.14.06:967][  0]LogConfig: Setting CVar [[s.TimeLimitExceededMultiplier:1.5]]
[2019.12.21-17.14.06:968][  0]LogConfig: Setting CVar [[s.TimeLimitExceededMinTime:0.005]]
[2019.12.21-17.14.06:968][  0]LogConfig: Setting CVar [[s.UseBackgroundLevelStreaming:1]]
[2019.12.21-17.14.06:968][  0]LogConfig: Setting CVar [[s.PriorityAsyncLoadingExtraTime:15.0]]
[2019.12.21-17.14.06:968][  0]LogConfig: Setting CVar [[s.LevelStreamingActorsUpdateTimeLimit:5.0]]
[2019.12.21-17.14.06:968][  0]LogConfig: Setting CVar [[s.PriorityLevelStreamingActorsUpdateExtraTime:5.0]]
[2019.12.21-17.14.06:968][  0]LogConfig: Setting CVar [[s.LevelStreamingComponentsRegistrationGranularity:10]]
[2019.12.21-17.14.06:968][  0]LogConfig: Setting CVar [[s.UnregisterComponentsTimeLimit:1.0]]
[2019.12.21-17.14.06:968][  0]LogConfig: Setting CVar [[s.LevelStreamingComponentsUnregistrationGranularity:5]]
[2019.12.21-17.14.06:968][  0]LogConfig: Setting CVar [[s.FlushStreamingOnExit:1]]
[2019.12.21-17.14.06:968][  0]LogConfig: Applying CVar settings from Section [/Script/Engine.GarbageCollectionSettings] File [D:/Game Devlopment/Unreal Games/BuildingEscape/BuildingEscape/Saved/Config/Windows/Engine.ini]
[2019.12.21-17.14.06:968][  0]LogConfig: Setting CVar [[gc.MaxObjectsNotConsideredByGC:1]]
[2019.12.21-17.14.06:968][  0]LogConfig: Setting CVar [[gc.SizeOfPermanentObjectPool:0]]
[2019.12.21-17.14.06:968][  0]LogConfig: Setting CVar [[gc.FlushStreamingOnGC:0]]
[2019.12.21-17.14.06:968][  0]LogConfig: Setting CVar [[gc.NumRetriesBeforeForcingGC:10]]
[2019.12.21-17.14.06:968][  0]LogConfig: Setting CVar [[gc.AllowParallelGC:1]]
[2019.12.21-17.14.06:968][  0]LogConfig: Setting CVar [[gc.TimeBetweenPurgingPendingKillObjects:61.1]]
[2019.12.21-17.14.06:968][  0]LogConfig: Setting CVar [[gc.MaxObjectsInEditor:25165824]]
[2019.12.21-17.14.06:968][  0]LogConfig: Setting CVar [[gc.IncrementalBeginDestroyEnabled:1]]
[2019.12.21-17.14.06:968][  0]LogConfig: Setting CVar [[gc.CreateGCClusters:1]]
[2019.12.21-17.14.06:968][  0]LogConfig: Setting CVar [[gc.MinGCClusterSize:5]]
[2019.12.21-17.14.06:968][  0]LogConfig: Setting CVar [[gc.ActorClusteringEnabled:0]]
[2019.12.21-17.14.06:968][  0]LogConfig: Setting CVar [[gc.BlueprintClusteringEnabled:0]]
[2019.12.21-17.14.06:968][  0]LogConfig: Setting CVar [[gc.UseDisregardForGCOnDedicatedServers:0]]
[2019.12.21-17.14.06:968][  0]LogConfig: Applying CVar settings from Section [/Script/Engine.NetworkSettings] File [D:/Game Devlopment/Unreal Games/BuildingEscape/BuildingEscape/Saved/Config/Windows/Engine.ini]
[2019.12.21-17.14.06:968][  0]LogConfig: Applying CVar settings from Section [/Script/UnrealEd.CookerSettings] File [D:/Game Devlopment/Unreal Games/BuildingEscape/BuildingEscape/Saved/Config/Windows/Engine.ini]
[2019.12.21-17.14.06:970][  0]LogConfig: Applying CVar settings from Section [ViewDistanceQuality@3] File [D:/Game Devlopment/Unreal Games/BuildingEscape/BuildingEscape/Saved/Config/Windows/Scalability.ini]
[2019.12.21-17.14.06:970][  0]LogConfig: Setting CVar [[r.SkeletalMeshLODBias:0]]
[2019.12.21-17.14.06:970][  0]LogConfig: Setting CVar [[r.ViewDistanceScale:1.0]]
[2019.12.21-17.14.06:970][  0]LogConfig: Applying CVar settings from Section [AntiAliasingQuality@3] File [D:/Game Devlopment/Unreal Games/BuildingEscape/BuildingEscape/Saved/Config/Windows/Scalability.ini]
[2019.12.21-17.14.06:970][  0]LogConfig: Setting CVar [[r.PostProcessAAQuality:4]]
[2019.12.21-17.14.06:970][  0]LogConfig: Applying CVar settings from Section [ShadowQuality@3] File [D:/Game Devlopment/Unreal Games/BuildingEscape/BuildingEscape/Saved/Config/Windows/Scalability.ini]
[2019.12.21-17.14.06:970][  0]LogConfig: Setting CVar [[r.LightFunctionQuality:1]]
[2019.12.21-17.14.06:970][  0]LogConfig: Setting CVar [[r.ShadowQuality:5]]
[2019.12.21-17.14.06:970][  0]LogConfig: Setting CVar [[r.Shadow.CSM.MaxCascades:10]]
[2019.12.21-17.14.06:970][  0]LogConfig: Setting CVar [[r.Shadow.MaxResolution:2048]]
[2019.12.21-17.14.06:970][  0]LogConfig: Setting CVar [[r.Shadow.MaxCSMResolution:2048]]
[2019.12.21-17.14.06:970][  0]LogConfig: Setting CVar [[r.Shadow.RadiusThreshold:0.01]]
[2019.12.21-17.14.06:970][  0]LogConfig: Setting CVar [[r.Shadow.DistanceScale:1.0]]
[2019.12.21-17.14.06:970][  0]LogConfig: Setting CVar [[r.Shadow.CSM.TransitionScale:1.0]]
[2019.12.21-17.14.06:970][  0]LogConfig: Setting CVar [[r.Shadow.PreShadowResolutionFactor:1.0]]
[2019.12.21-17.14.06:970][  0]LogConfig: Setting CVar [[r.DistanceFieldShadowing:1]]
[2019.12.21-17.14.06:970][  0]LogConfig: Setting CVar [[r.DistanceFieldAO:1]]
[2019.12.21-17.14.06:970][  0]LogConfig: Setting CVar [[r.AOQuality:2]]
[2019.12.21-17.14.06:970][  0]LogConfig: Setting CVar [[r.VolumetricFog:1]]
[2019.12.21-17.14.06:970][  0]LogConfig: Setting CVar [[r.VolumetricFog.GridPixelSize:8]]
[2019.12.21-17.14.06:970][  0]LogConfig: Setting CVar [[r.VolumetricFog.GridSizeZ:128]]
[2019.12.21-17.14.06:970][  0]LogConfig: Setting CVar [[r.VolumetricFog.HistoryMissSupersampleCount:4]]
[2019.12.21-17.14.06:970][  0]LogConfig: Setting CVar [[r.LightMaxDrawDistanceScale:1]]
[2019.12.21-17.14.06:971][  0]LogConfig: Setting CVar [[r.CapsuleShadows:1]]
[2019.12.21-17.14.06:971][  0]LogConfig: Applying CVar settings from Section [PostProcessQuality@3] File [D:/Game Devlopment/Unreal Games/BuildingEscape/BuildingEscape/Saved/Config/Windows/Scalability.ini]
[2019.12.21-17.14.06:971][  0]LogConfig: Setting CVar [[r.MotionBlurQuality:4]]
[2019.12.21-17.14.06:971][  0]LogConfig: Setting CVar [[r.AmbientOcclusionMipLevelFactor:0.4]]
[2019.12.21-17.14.06:971][  0]LogConfig: Setting CVar [[r.AmbientOcclusionMaxQuality:100]]
[2019.12.21-17.14.06:971][  0]LogConfig: Setting CVar [[r.AmbientOcclusionLevels:-1]]
[2019.12.21-17.14.06:971][  0]LogConfig: Setting CVar [[r.AmbientOcclusionRadiusScale:1.0]]
[2019.12.21-17.14.06:971][  0]LogConfig: Setting CVar [[r.DepthOfFieldQuality:2]]
[2019.12.21-17.14.06:971][  0]LogConfig: Setting CVar [[r.RenderTargetPoolMin:400]]
[2019.12.21-17.14.06:971][  0]LogConfig: Setting CVar [[r.LensFlareQuality:2]]
[2019.12.21-17.14.06:971][  0]LogConfig: Setting CVar [[r.SceneColorFringeQuality:1]]
[2019.12.21-17.14.06:971][  0]LogConfig: Setting CVar [[r.EyeAdaptationQuality:2]]
[2019.12.21-17.14.06:971][  0]LogConfig: Setting CVar [[r.BloomQuality:5]]
[2019.12.21-17.14.06:971][  0]LogConfig: Setting CVar [[r.FastBlurThreshold:100]]
[2019.12.21-17.14.06:971][  0]LogConfig: Setting CVar [[r.Upscale.Quality:3]]
[2019.12.21-17.14.06:971][  0]LogConfig: Setting CVar [[r.Tonemapper.GrainQuantization:1]]
[2019.12.21-17.14.06:971][  0]LogConfig: Setting CVar [[r.LightShaftQuality:1]]
[2019.12.21-17.14.06:971][  0]LogConfig: Setting CVar [[r.Filter.SizeScale:1]]
[2019.12.21-17.14.06:971][  0]LogConfig: Setting CVar [[r.Tonemapper.Quality:5]]
[2019.12.21-17.14.06:971][  0]LogConfig: Setting CVar [[r.DOF.Gather.AccumulatorQuality:1        ; higher gathering accumulator quality]]
[2019.12.21-17.14.06:971][  0]LogConfig: Setting CVar [[r.DOF.Gather.PostfilterMethod:1          ; Median3x3 postfilering method]]
[2019.12.21-17.14.06:971][  0]LogConfig: Setting CVar [[r.DOF.Gather.EnableBokehSettings:0       ; no bokeh simulation when gathering]]
[2019.12.21-17.14.06:971][  0]LogConfig: Setting CVar [[r.DOF.Gather.RingCount:4                 ; medium number of samples when gathering]]
[2019.12.21-17.14.06:971][  0]LogConfig: Setting CVar [[r.DOF.Scatter.ForegroundCompositing:1    ; additive foreground scattering]]
[2019.12.21-17.14.06:971][  0]LogConfig: Setting CVar [[r.DOF.Scatter.BackgroundCompositing:2    ; additive background scattering]]
[2019.12.21-17.14.06:971][  0]LogConfig: Setting CVar [[r.DOF.Scatter.EnableBokehSettings:1      ; bokeh simulation when scattering]]
[2019.12.21-17.14.06:971][  0]LogConfig: Setting CVar [[r.DOF.Scatter.MaxSpriteRatio:0.1         ; only a maximum of 10% of scattered bokeh]]
[2019.12.21-17.14.06:971][  0]LogConfig: Setting CVar [[r.DOF.Recombine.Quality:1                ; cheap slight out of focus]]
[2019.12.21-17.14.06:971][  0]LogConfig: Setting CVar [[r.DOF.Recombine.EnableBokehSettings:0    ; no bokeh simulation on slight out of focus]]
[2019.12.21-17.14.06:971][  0]LogConfig: Setting CVar [[r.DOF.TemporalAAQuality:1                ; more stable temporal accumulation]]
[2019.12.21-17.14.06:971][  0]LogConfig: Setting CVar [[r.DOF.Kernel.MaxForegroundRadius:0.025]]
[2019.12.21-17.14.06:971][  0]LogConfig: Setting CVar [[r.DOF.Kernel.MaxBackgroundRadius:0.025]]
[2019.12.21-17.14.06:971][  0]LogConfig: Applying CVar settings from Section [TextureQuality@3] File [D:/Game Devlopment/Unreal Games/BuildingEscape/BuildingEscape/Saved/Config/Windows/Scalability.ini]
[2019.12.21-17.14.06:971][  0]LogConfig: Setting CVar [[r.Streaming.MipBias:0]]
[2019.12.21-17.14.06:971][  0]LogConfig: Setting CVar [[r.Streaming.AmortizeCPUToGPUCopy:0]]
[2019.12.21-17.14.06:971][  0]LogConfig: Setting CVar [[r.Streaming.MaxNumTexturesToStreamPerFrame:0]]
[2019.12.21-17.14.06:971][  0]LogConfig: Setting CVar [[r.Streaming.Boost:1]]
[2019.12.21-17.14.06:971][  0]LogConfig: Setting CVar [[r.MaxAnisotropy:8]]
[2019.12.21-17.14.06:971][  0]LogConfig: Setting CVar [[r.VT.MaxAnisotropy:8]]
[2019.12.21-17.14.06:971][  0]LogConfig: Setting CVar [[r.Streaming.LimitPoolSizeToVRAM:0]]
[2019.12.21-17.14.06:971][  0]LogConfig: Setting CVar [[r.Streaming.PoolSize:1000]]
[2019.12.21-17.14.06:971][  0]LogConfig: Setting CVar [[r.Streaming.MaxEffectiveScreenSize:0]]
[2019.12.21-17.14.06:971][  0]LogConfig: Applying CVar settings from Section [EffectsQuality@3] File [D:/Game Devlopment/Unreal Games/BuildingEscape/BuildingEscape/Saved/Config/Windows/Scalability.ini]
[2019.12.21-17.14.06:971][  0]LogConfig: Setting CVar [[r.TranslucencyLightingVolumeDim:64]]
[2019.12.21-17.14.06:971][  0]LogConfig: Setting CVar [[r.RefractionQuality:2]]
[2019.12.21-17.14.06:971][  0]LogConfig: Setting CVar [[r.SSR.Quality:3]]
[2019.12.21-17.14.06:971][  0]LogConfig: Setting CVar [[r.SSR.HalfResSceneColor:0]]
[2019.12.21-17.14.06:971][  0]LogConfig: Setting CVar [[r.SceneColorFormat:4]]
[2019.12.21-17.14.06:971][  0]LogConfig: Setting CVar [[r.DetailMode:2]]
[2019.12.21-17.14.06:971][  0]LogConfig: Setting CVar [[r.TranslucencyVolumeBlur:1]]
[2019.12.21-17.14.06:971][  0]LogConfig: Setting CVar [[r.MaterialQualityLevel:1 ; High quality]]
[2019.12.21-17.14.06:971][  0]LogConfig: Setting CVar [[r.SSS.Scale:1]]
[2019.12.21-17.14.06:971][  0]LogConfig: Setting CVar [[r.SSS.SampleSet:2]]
[2019.12.21-17.14.06:971][  0]LogConfig: Setting CVar [[r.SSS.Quality:1]]
[2019.12.21-17.14.06:971][  0]LogConfig: Setting CVar [[r.SSS.HalfRes:1]]
[2019.12.21-17.14.06:971][  0]LogConfig: Setting CVar [[r.SSGI.Quality:3]]
[2019.12.21-17.14.06:971][  0]LogConfig: Setting CVar [[r.EmitterSpawnRateScale:1.0]]
[2019.12.21-17.14.06:971][  0]LogConfig: Setting CVar [[r.ParticleLightQuality:2]]
[2019.12.21-17.14.06:971][  0]LogConfig: Setting CVar [[r.SkyAtmosphere.AerialPerspectiveLUT.FastApplyOnOpaque:1 ; Always have FastSkyLUT 1 in this case to avoid wrong sky]]
[2019.12.21-17.14.06:971][  0]LogConfig: Setting CVar [[r.SkyAtmosphere.AerialPerspectiveLUT.SampleCountPerSlice:1]]
[2019.12.21-17.14.06:971][  0]LogConfig: Setting CVar [[r.SkyAtmosphere.AerialPerspectiveLUT.DepthResolution:16.0]]
[2019.12.21-17.14.06:971][  0]LogConfig: Setting CVar [[r.SkyAtmosphere.FastSkyLUT:1]]
[2019.12.21-17.14.06:971][  0]LogConfig: Setting CVar [[r.SkyAtmosphere.FastSkyLUT.SampleCountMin:4.0]]
[2019.12.21-17.14.06:971][  0]LogConfig: Setting CVar [[r.SkyAtmosphere.FastSkyLUT.SampleCountMax:32.0]]
[2019.12.21-17.14.06:971][  0]LogConfig: Setting CVar [[r.SkyAtmosphere.SampleCountMin:4.0]]
[2019.12.21-17.14.06:971][  0]LogConfig: Setting CVar [[r.SkyAtmosphere.SampleCountMax:32.0]]
[2019.12.21-17.14.06:971][  0]LogConfig: Setting CVar [[r.SkyAtmosphere.TransmittanceLUT.UseSmallFormat:0]]
[2019.12.21-17.14.06:971][  0]LogConfig: Setting CVar [[r.SkyAtmosphere.TransmittanceLUT.SampleCount:10.0]]
[2019.12.21-17.14.06:971][  0]LogConfig: Setting CVar [[r.SkyAtmosphere.MultiScatteringLUT.SampleCount:15.0]]
[2019.12.21-17.14.06:971][  0]LogConfig: Applying CVar settings from Section [FoliageQuality@3] File [D:/Game Devlopment/Unreal Games/BuildingEscape/BuildingEscape/Saved/Config/Windows/Scalability.ini]
[2019.12.21-17.14.06:971][  0]LogConfig: Setting CVar [[foliage.DensityScale:1.0]]
[2019.12.21-17.14.06:971][  0]LogConfig: Setting CVar [[grass.DensityScale:1.0]]
[2019.12.21-17.14.06:971][  0]LogConfig: Applying CVar settings from Section [ShadingQuality@3] File [D:/Game Devlopment/Unreal Games/BuildingEscape/BuildingEscape/Saved/Config/Windows/Scalability.ini]
[2019.12.21-17.14.06:971][  0]LogConfig: Setting CVar [[r.HairStrands.SkyLighting.SampleCount:16]]
[2019.12.21-17.14.06:971][  0]LogConfig: Setting CVar [[r.HairStrands.SkyLighting.JitterIntegration:0]]
[2019.12.21-17.14.06:971][  0]LogConfig: Setting CVar [[r.HairStrands.SkyAO.SampleCount:16]]
[2019.12.21-17.14.06:971][  0]LogInit: Selected Device Profile: [Windows]
[2019.12.21-17.14.06:971][  0]LogInit: Applying CVar settings loaded from the selected device profile: [Windows]
[2019.12.21-17.14.06:988][  0]LogHAL: Display: Platform has ~ 8 GB [8448454656 / 8589934592 / 8], which maps to Default [LargestMinGB=32, LargerMinGB=12, DefaultMinGB=8, SmallerMinGB=6, SmallestMinGB=0)
[2019.12.21-17.14.06:988][  0]LogInit: Going up to parent DeviceProfile []
[2019.12.21-17.14.06:988][  0]LogConfig: Applying CVar settings from Section [ViewDistanceQuality@3] File [D:/Game Devlopment/Unreal Games/BuildingEscape/BuildingEscape/Saved/Config/Windows/Scalability.ini]
[2019.12.21-17.14.06:988][  0]LogConfig: Setting CVar [[r.SkeletalMeshLODBias:0]]
[2019.12.21-17.14.06:988][  0]LogConfig: Setting CVar [[r.ViewDistanceScale:1.0]]
[2019.12.21-17.14.06:988][  0]LogConfig: Applying CVar settings from Section [AntiAliasingQuality@3] File [D:/Game Devlopment/Unreal Games/BuildingEscape/BuildingEscape/Saved/Config/Windows/Scalability.ini]
[2019.12.21-17.14.06:988][  0]LogConfig: Setting CVar [[r.PostProcessAAQuality:4]]
[2019.12.21-17.14.06:989][  0]LogConfig: Applying CVar settings from Section [ShadowQuality@3] File [D:/Game Devlopment/Unreal Games/BuildingEscape/BuildingEscape/Saved/Config/Windows/Scalability.ini]
[2019.12.21-17.14.06:989][  0]LogConfig: Setting CVar [[r.LightFunctionQuality:1]]
[2019.12.21-17.14.06:989][  0]LogConfig: Setting CVar [[r.ShadowQuality:5]]
[2019.12.21-17.14.06:989][  0]LogConfig: Setting CVar [[r.Shadow.CSM.MaxCascades:10]]
[2019.12.21-17.14.06:989][  0]LogConfig: Setting CVar [[r.Shadow.MaxResolution:2048]]
[2019.12.21-17.14.06:989][  0]LogConfig: Setting CVar [[r.Shadow.MaxCSMResolution:2048]]
[2019.12.21-17.14.06:989][  0]LogConfig: Setting CVar [[r.Shadow.RadiusThreshold:0.01]]
[2019.12.21-17.14.06:989][  0]LogConfig: Setting CVar [[r.Shadow.DistanceScale:1.0]]
[2019.12.21-17.14.06:989][  0]LogConfig: Setting CVar [[r.Shadow.CSM.TransitionScale:1.0]]
[2019.12.21-17.14.06:989][  0]LogConfig: Setting CVar [[r.Shadow.PreShadowResolutionFactor:1.0]]
[2019.12.21-17.14.06:989][  0]LogConfig: Setting CVar [[r.DistanceFieldShadowing:1]]
[2019.12.21-17.14.06:989][  0]LogConfig: Setting CVar [[r.DistanceFieldAO:1]]
[2019.12.21-17.14.06:989][  0]LogConfig: Setting CVar [[r.AOQuality:2]]
[2019.12.21-17.14.06:989][  0]LogConfig: Setting CVar [[r.VolumetricFog:1]]
[2019.12.21-17.14.06:989][  0]LogConfig: Setting CVar [[r.VolumetricFog.GridPixelSize:8]]
[2019.12.21-17.14.06:989][  0]LogConfig: Setting CVar [[r.VolumetricFog.GridSizeZ:128]]
[2019.12.21-17.14.06:989][  0]LogConfig: Setting CVar [[r.VolumetricFog.HistoryMissSupersampleCount:4]]
[2019.12.21-17.14.06:989][  0]LogConfig: Setting CVar [[r.LightMaxDrawDistanceScale:1]]
[2019.12.21-17.14.06:989][  0]LogConfig: Setting CVar [[r.CapsuleShadows:1]]
[2019.12.21-17.14.06:989][  0]LogConfig: Applying CVar settings from Section [PostProcessQuality@3] File [D:/Game Devlopment/Unreal Games/BuildingEscape/BuildingEscape/Saved/Config/Windows/Scalability.ini]
[2019.12.21-17.14.06:989][  0]LogConfig: Setting CVar [[r.MotionBlurQuality:4]]
[2019.12.21-17.14.06:989][  0]LogConfig: Setting CVar [[r.AmbientOcclusionMipLevelFactor:0.4]]
[2019.12.21-17.14.06:989][  0]LogConfig: Setting CVar [[r.AmbientOcclusionMaxQuality:100]]
[2019.12.21-17.14.06:989][  0]LogConfig: Setting CVar [[r.AmbientOcclusionLevels:-1]]
[2019.12.21-17.14.06:989][  0]LogConfig: Setting CVar [[r.AmbientOcclusionRadiusScale:1.0]]
[2019.12.21-17.14.06:989][  0]LogConfig: Setting CVar [[r.DepthOfFieldQuality:2]]
[2019.12.21-17.14.06:989][  0]LogConfig: Setting CVar [[r.RenderTargetPoolMin:400]]
[2019.12.21-17.14.06:989][  0]LogConfig: Setting CVar [[r.LensFlareQuality:2]]
[2019.12.21-17.14.06:989][  0]LogConfig: Setting CVar [[r.SceneColorFringeQuality:1]]
[2019.12.21-17.14.06:989][  0]LogConfig: Setting CVar [[r.EyeAdaptationQuality:2]]
[2019.12.21-17.14.06:989][  0]LogConfig: Setting CVar [[r.BloomQuality:5]]
[2019.12.21-17.14.06:989][  0]LogConfig: Setting CVar [[r.FastBlurThreshold:100]]
[2019.12.21-17.14.06:989][  0]LogConfig: Setting CVar [[r.Upscale.Quality:3]]
[2019.12.21-17.14.06:989][  0]LogConfig: Setting CVar [[r.Tonemapper.GrainQuantization:1]]
[2019.12.21-17.14.06:989][  0]LogConfig: Setting CVar [[r.LightShaftQuality:1]]
[2019.12.21-17.14.06:989][  0]LogConfig: Setting CVar [[r.Filter.SizeScale:1]]
[2019.12.21-17.14.06:989][  0]LogConfig: Setting CVar [[r.Tonemapper.Quality:5]]
[2019.12.21-17.14.06:989][  0]LogConfig: Setting CVar [[r.DOF.Gather.AccumulatorQuality:1        ; higher gathering accumulator quality]]
[2019.12.21-17.14.06:989][  0]LogConfig: Setting CVar [[r.DOF.Gather.PostfilterMethod:1          ; Median3x3 postfilering method]]
[2019.12.21-17.14.06:989][  0]LogConfig: Setting CVar [[r.DOF.Gather.EnableBokehSettings:0       ; no bokeh simulation when gathering]]
[2019.12.21-17.14.06:989][  0]LogConfig: Setting CVar [[r.DOF.Gather.RingCount:4                 ; medium number of samples when gathering]]
[2019.12.21-17.14.06:989][  0]LogConfig: Setting CVar [[r.DOF.Scatter.ForegroundCompositing:1    ; additive foreground scattering]]
[2019.12.21-17.14.06:989][  0]LogConfig: Setting CVar [[r.DOF.Scatter.BackgroundCompositing:2    ; additive background scattering]]
[2019.12.21-17.14.06:989][  0]LogConfig: Setting CVar [[r.DOF.Scatter.EnableBokehSettings:1      ; bokeh simulation when scattering]]
[2019.12.21-17.14.06:989][  0]LogConfig: Setting CVar [[r.DOF.Scatter.MaxSpriteRatio:0.1         ; only a maximum of 10% of scattered bokeh]]
[2019.12.21-17.14.06:989][  0]LogConfig: Setting CVar [[r.DOF.Recombine.Quality:1                ; cheap slight out of focus]]
[2019.12.21-17.14.06:989][  0]LogConfig: Setting CVar [[r.DOF.Recombine.EnableBokehSettings:0    ; no bokeh simulation on slight out of focus]]
[2019.12.21-17.14.06:989][  0]LogConfig: Setting CVar [[r.DOF.TemporalAAQuality:1                ; more stable temporal accumulation]]
[2019.12.21-17.14.06:989][  0]LogConfig: Setting CVar [[r.DOF.Kernel.MaxForegroundRadius:0.025]]
[2019.12.21-17.14.06:989][  0]LogConfig: Setting CVar [[r.DOF.Kernel.MaxBackgroundRadius:0.025]]
[2019.12.21-17.14.06:989][  0]LogConfig: Applying CVar settings from Section [TextureQuality@3] File [D:/Game Devlopment/Unreal Games/BuildingEscape/BuildingEscape/Saved/Config/Windows/Scalability.ini]
[2019.12.21-17.14.06:989][  0]LogConfig: Setting CVar [[r.Streaming.MipBias:0]]
[2019.12.21-17.14.06:989][  0]LogConfig: Setting CVar [[r.Streaming.AmortizeCPUToGPUCopy:0]]
[2019.12.21-17.14.06:989][  0]LogConfig: Setting CVar [[r.Streaming.MaxNumTexturesToStreamPerFrame:0]]
[2019.12.21-17.14.06:989][  0]LogConfig: Setting CVar [[r.Streaming.Boost:1]]
[2019.12.21-17.14.06:989][  0]LogConfig: Setting CVar [[r.MaxAnisotropy:8]]
[2019.12.21-17.14.06:989][  0]LogConfig: Setting CVar [[r.VT.MaxAnisotropy:8]]
[2019.12.21-17.14.06:989][  0]LogConfig: Setting CVar [[r.Streaming.LimitPoolSizeToVRAM:0]]
[2019.12.21-17.14.06:989][  0]LogConfig: Setting CVar [[r.Streaming.PoolSize:1000]]
[2019.12.21-17.14.06:989][  0]LogConfig: Setting CVar [[r.Streaming.MaxEffectiveScreenSize:0]]
[2019.12.21-17.14.06:989][  0]LogConfig: Applying CVar settings from Section [EffectsQuality@3] File [D:/Game Devlopment/Unreal Games/BuildingEscape/BuildingEscape/Saved/Config/Windows/Scalability.ini]
[2019.12.21-17.14.06:990][  0]LogConfig: Setting CVar [[r.TranslucencyLightingVolumeDim:64]]
[2019.12.21-17.14.06:990][  0]LogConfig: Setting CVar [[r.RefractionQuality:2]]
[2019.12.21-17.14.06:990][  0]LogConfig: Setting CVar [[r.SSR.Quality:3]]
[2019.12.21-17.14.06:990][  0]LogConfig: Setting CVar [[r.SSR.HalfResSceneColor:0]]
[2019.12.21-17.14.06:990][  0]LogConfig: Setting CVar [[r.SceneColorFormat:4]]
[2019.12.21-17.14.06:990][  0]LogConfig: Setting CVar [[r.DetailMode:2]]
[2019.12.21-17.14.06:990][  0]LogConfig: Setting CVar [[r.TranslucencyVolumeBlur:1]]
[2019.12.21-17.14.06:990][  0]LogConfig: Setting CVar [[r.MaterialQualityLevel:1 ; High quality]]
[2019.12.21-17.14.06:990][  0]LogConfig: Setting CVar [[r.SSS.Scale:1]]
[2019.12.21-17.14.06:990][  0]LogConfig: Setting CVar [[r.SSS.SampleSet:2]]
[2019.12.21-17.14.06:990][  0]LogConfig: Setting CVar [[r.SSS.Quality:1]]
[2019.12.21-17.14.06:990][  0]LogConfig: Setting CVar [[r.SSS.HalfRes:1]]
[2019.12.21-17.14.06:990][  0]LogConfig: Setting CVar [[r.SSGI.Quality:3]]
[2019.12.21-17.14.06:990][  0]LogConfig: Setting CVar [[r.EmitterSpawnRateScale:1.0]]
[2019.12.21-17.14.06:990][  0]LogConfig: Setting CVar [[r.ParticleLightQuality:2]]
[2019.12.21-17.14.06:990][  0]LogConfig: Setting CVar [[r.SkyAtmosphere.AerialPerspectiveLUT.FastApplyOnOpaque:1 ; Always have FastSkyLUT 1 in this case to avoid wrong sky]]
[2019.12.21-17.14.06:990][  0]LogConfig: Setting CVar [[r.SkyAtmosphere.AerialPerspectiveLUT.SampleCountPerSlice:1]]
[2019.12.21-17.14.06:990][  0]LogConfig: Setting CVar [[r.SkyAtmosphere.AerialPerspectiveLUT.DepthResolution:16.0]]
[2019.12.21-17.14.06:990][  0]LogConfig: Setting CVar [[r.SkyAtmosphere.FastSkyLUT:1]]
[2019.12.21-17.14.06:990][  0]LogConfig: Setting CVar [[r.SkyAtmosphere.FastSkyLUT.SampleCountMin:4.0]]
[2019.12.21-17.14.06:990][  0]LogConfig: Setting CVar [[r.SkyAtmosphere.FastSkyLUT.SampleCountMax:32.0]]
[2019.12.21-17.14.06:990][  0]LogConfig: Setting CVar [[r.SkyAtmosphere.SampleCountMin:4.0]]
[2019.12.21-17.14.06:990][  0]LogConfig: Setting CVar [[r.SkyAtmosphere.SampleCountMax:32.0]]
[2019.12.21-17.14.06:990][  0]LogConfig: Setting CVar [[r.SkyAtmosphere.TransmittanceLUT.UseSmallFormat:0]]
[2019.12.21-17.14.06:990][  0]LogConfig: Setting CVar [[r.SkyAtmosphere.TransmittanceLUT.SampleCount:10.0]]
[2019.12.21-17.14.06:990][  0]LogConfig: Setting CVar [[r.SkyAtmosphere.MultiScatteringLUT.SampleCount:15.0]]
[2019.12.21-17.14.06:990][  0]LogConfig: Applying CVar settings from Section [FoliageQuality@3] File [D:/Game Devlopment/Unreal Games/BuildingEscape/BuildingEscape/Saved/Config/Windows/Scalability.ini]
[2019.12.21-17.14.06:990][  0]LogConfig: Setting CVar [[foliage.DensityScale:1.0]]
[2019.12.21-17.14.06:990][  0]LogConfig: Setting CVar [[grass.DensityScale:1.0]]
[2019.12.21-17.14.06:990][  0]LogConfig: Applying CVar settings from Section [ShadingQuality@3] File [D:/Game Devlopment/Unreal Games/BuildingEscape/BuildingEscape/Saved/Config/Windows/Scalability.ini]
[2019.12.21-17.14.06:990][  0]LogConfig: Setting CVar [[r.HairStrands.SkyLighting.SampleCount:16]]
[2019.12.21-17.14.06:990][  0]LogConfig: Setting CVar [[r.HairStrands.SkyLighting.JitterIntegration:0]]
[2019.12.21-17.14.06:990][  0]LogConfig: Setting CVar [[r.HairStrands.SkyAO.SampleCount:16]]
[2019.12.21-17.14.06:990][  0]LogConfig: Applying CVar settings from Section [Startup] File [../../../Engine/Config/ConsoleVariables.ini]
[2019.12.21-17.14.06:990][  0]LogConfig: Setting CVar [[net.UseAdaptiveNetUpdateFrequency:0]]
[2019.12.21-17.14.06:990][  0]LogConfig: Setting CVar [[p.chaos.AllowCreatePhysxBodies:1]]
[2019.12.21-17.14.06:990][  0]LogConfig: Applying CVar settings from Section [ConsoleVariables] File [D:/Game Devlopment/Unreal Games/BuildingEscape/BuildingEscape/Saved/Config/Windows/Engine.ini]
[2019.12.21-17.14.06:990][  0]LogInit: Computer: SWATI-PC
[2019.12.21-17.14.06:990][  0]LogInit: User: Swati
[2019.12.21-17.14.06:990][  0]LogInit: CPU Page size=4096, Cores=2
[2019.12.21-17.14.06:990][  0]LogInit: High frequency timer resolution =3.507519 MHz
[2019.12.21-17.14.06:990][  0]LogMemory: Memory total: Physical=7.9GB (8GB approx)
[2019.12.21-17.14.06:990][  0]LogMemory: Platform Memory Stats for Windows
[2019.12.21-17.14.06:990][  0]LogMemory: Process Physical Memory: 104.03 MB used, 104.03 MB peak
[2019.12.21-17.14.06:991][  0]LogMemory: Process Virtual Memory: 102.70 MB used, 102.70 MB peak
[2019.12.21-17.14.06:991][  0]LogMemory: Physical Memory: 5791.52 MB used,  2265.55 MB free, 8057.07 MB total
[2019.12.21-17.14.06:991][  0]LogMemory: Virtual Memory: 1001.91 MB used,  8387606.00 MB free, 8388608.00 MB total
[2019.12.21-17.14.07:122][  0]LogWindows: WindowsPlatformFeatures enabled
[2019.12.21-17.14.07:516][  0]LogInit: Using OS detected language (en-US).
[2019.12.21-17.14.07:516][  0]LogInit: Using OS detected locale (en-US).
[2019.12.21-17.14.07:533][  0]LogTextLocalizationManager: No specific localization for 'en-US' exists, so the 'en' localization will be used.
[2019.12.21-17.14.08:041][  0]LogWindows: Failed to load 'shcore.dll' (GetLastError=126)
[2019.12.21-17.14.08:041][  0]LogWindows: File 'shcore.dll' does not exist
[2019.12.21-17.14.08:041][  0]LogInit: Setting process to DPI aware
[2019.12.21-17.14.08:286][  0]LogSlate: New Slate User Created.  User Index 0, Is Virtual User: 0
[2019.12.21-17.14.08:286][  0]LogSlate: Slate User Registered.  User Index 0, Is Virtual User: 0
[2019.12.21-17.14.08:875][  0]LogHMD: Failed to initialize OpenVR with code 110
[2019.12.21-17.14.08:875][  0]LogD3D11RHI: D3D11 min allowed feature level: 11_0
[2019.12.21-17.14.08:875][  0]LogD3D11RHI: D3D11 max allowed feature level: 11_0
[2019.12.21-17.14.08:875][  0]LogD3D11RHI: D3D11 adapters:
[2019.12.21-17.14.08:945][  0]LogD3D11RHI:    0. 'NVIDIA GeForce GTX 1650' (Feature Level 11_0)
[2019.12.21-17.14.08:945][  0]LogD3D11RHI:       3950/0/3772 MB DedicatedVideo/DedicatedSystem/SharedSystem, Outputs:1, VendorId:0x10de
[2019.12.21-17.14.09:378][  0]LogD3D11RHI:    1. 'Intel(R) HD Graphics 4400' (Feature Level 11_0)
[2019.12.21-17.14.09:378][  0]LogD3D11RHI:       192/0/1632 MB DedicatedVideo/DedicatedSystem/SharedSystem, Outputs:0, VendorId:0x8086
[2019.12.21-17.14.09:378][  0]LogD3D11RHI: Chosen D3D11 Adapter: 0
[2019.12.21-17.14.09:383][  0]LogD3D11RHI: Creating new Direct3DDevice
[2019.12.21-17.14.09:383][  0]LogD3D11RHI:     GPU DeviceId: 0x1f82 (for the marketing name, search the web for "GPU Device Id")
[2019.12.21-17.14.09:383][  0]LogWindows: EnumDisplayDevices:
[2019.12.21-17.14.09:384][  0]LogWindows:    0. 'NVIDIA GeForce GTX 1650' (P:1 D:1)
[2019.12.21-17.14.09:384][  0]LogWindows:    1. 'NVIDIA GeForce GTX 1650' (P:0 D:0)
[2019.12.21-17.14.09:384][  0]LogWindows:    2. 'NVIDIA GeForce GTX 1650' (P:0 D:0)
[2019.12.21-17.14.09:384][  0]LogWindows:    3. 'NVIDIA GeForce GTX 1650' (P:0 D:0)
[2019.12.21-17.14.09:384][  0]LogWindows:    4. 'Intel(R) HD Graphics 4400' (P:0 D:0)
[2019.12.21-17.14.09:384][  0]LogWindows:    5. 'Intel(R) HD Graphics 4400' (P:0 D:0)
[2019.12.21-17.14.09:384][  0]LogWindows:    6. 'Intel(R) HD Graphics 4400' (P:0 D:0)
[2019.12.21-17.14.09:384][  0]LogWindows:    7. 'RDPDD Chained DD' (P:0 D:0)
[2019.12.21-17.14.09:384][  0]LogWindows:    8. 'RDP Encoder Mirror Driver' (P:0 D:0)
[2019.12.21-17.14.09:384][  0]LogWindows:    9. 'RDP Reflector Display Driver' (P:0 D:0)
[2019.12.21-17.14.09:384][  0]LogWindows: DebugString: PrimaryIsNotTheChoosenAdapter PrimaryIsNotTheChoosenAdapter PrimaryIsNotTheChoosenAdapter GetVideoDriverDetailsInvalid PrimaryIsNotTheChoosenAdapter GetVideoDriverDetailsInvalid PrimaryIsNotTheChoosenAdapter GetVideoDriverDetailsInvalid PrimaryIsNotTheChoosenAdapter FoundDriverCount:4 
[2019.12.21-17.14.09:384][  0]LogD3D11RHI:     Adapter Name: NVIDIA GeForce GTX 1650
[2019.12.21-17.14.09:384][  0]LogD3D11RHI:   Driver Version: 441.08 (internal:26.21.14.4108, unified:441.08)
[2019.12.21-17.14.09:384][  0]LogD3D11RHI:      Driver Date: 10-22-2019
[2019.12.21-17.14.09:384][  0]LogRHI: Texture pool is 2765 MB (70% of 3950 MB)
[2019.12.21-17.14.09:409][  0]LogD3D11RHI: RHI has support for 64 bit atomics
[2019.12.21-17.14.09:409][  0]LogD3D11RHI: Async texture creation enabled
[2019.12.21-17.14.09:424][  0]LogD3D11RHI: GPU Timing Frequency: 1000.000000 (Debug: 2 2)
[2019.12.21-17.14.09:979][  0]LogTargetPlatformManager: Display: Loaded TargetPlatform 'AllDesktop'
[2019.12.21-17.14.10:041][  0]LogTargetPlatformManager: Display: Loaded TargetPlatform 'Android'
[2019.12.21-17.14.10:041][  0]LogTargetPlatformManager: Display: Loaded TargetPlatform 'Android_ASTC'
[2019.12.21-17.14.10:041][  0]LogTargetPlatformManager: Display: Loaded TargetPlatform 'Android_ATC'
[2019.12.21-17.14.10:041][  0]LogTargetPlatformManager: Display: Loaded TargetPlatform 'Android_DXT'
[2019.12.21-17.14.10:041][  0]LogTargetPlatformManager: Display: Loaded TargetPlatform 'Android_ETC1'
[2019.12.21-17.14.10:041][  0]LogTargetPlatformManager: Display: Loaded TargetPlatform 'Android_ETC1a'
[2019.12.21-17.14.10:041][  0]LogTargetPlatformManager: Display: Loaded TargetPlatform 'Android_ETC2'
[2019.12.21-17.14.10:041][  0]LogTargetPlatformManager: Display: Loaded TargetPlatform 'Android_PVRTC'
[2019.12.21-17.14.10:041][  0]LogTargetPlatformManager: Display: Loaded TargetPlatform 'AndroidClient'
[2019.12.21-17.14.10:042][  0]LogTargetPlatformManager: Display: Loaded TargetPlatform 'Android_ASTCClient'
[2019.12.21-17.14.10:042][  0]LogTargetPlatformManager: Display: Loaded TargetPlatform 'Android_ATCClient'
[2019.12.21-17.14.10:042][  0]LogTargetPlatformManager: Display: Loaded TargetPlatform 'Android_DXTClient'
[2019.12.21-17.14.10:042][  0]LogTargetPlatformManager: Display: Loaded TargetPlatform 'Android_ETC1Client'
[2019.12.21-17.14.10:042][  0]LogTargetPlatformManager: Display: Loaded TargetPlatform 'Android_ETC1aClient'
[2019.12.21-17.14.10:042][  0]LogTargetPlatformManager: Display: Loaded TargetPlatform 'Android_ETC2Client'
[2019.12.21-17.14.10:042][  0]LogTargetPlatformManager: Display: Loaded TargetPlatform 'Android_PVRTCClient'
[2019.12.21-17.14.10:042][  0]LogTargetPlatformManager: Display: Loaded TargetPlatform 'Android_Multi'
[2019.12.21-17.14.10:042][  0]LogTargetPlatformManager: Display: Loaded TargetPlatform 'Android_MultiClient'
[2019.12.21-17.14.10:102][  0]LogTargetPlatformManager: Display: Loaded TargetPlatform 'IOSClient'
[2019.12.21-17.14.10:102][  0]LogTargetPlatformManager: Display: Loaded TargetPlatform 'IOS'
[2019.12.21-17.14.10:149][  0]LogTargetPlatformManager: Display: Loaded TargetPlatform 'LinuxNoEditor'
[2019.12.21-17.14.10:165][  0]LogTargetPlatformManager: Display: Loaded TargetPlatform 'LinuxClient'
[2019.12.21-17.14.10:176][  0]LogTargetPlatformManager: Display: Loaded TargetPlatform 'LinuxServer'
[2019.12.21-17.14.10:197][  0]LogTargetPlatformManager: Display: Loaded TargetPlatform 'LinuxAArch64NoEditor'
[2019.12.21-17.14.10:213][  0]LogTargetPlatformManager: Display: Loaded TargetPlatform 'LinuxAArch64Client'
[2019.12.21-17.14.10:229][  0]LogTargetPlatformManager: Display: Loaded TargetPlatform 'LinuxAArch64Server'
[2019.12.21-17.14.10:270][  0]LogTargetPlatformManager: Display: Loaded TargetPlatform 'Lumin'
[2019.12.21-17.14.10:270][  0]LogTargetPlatformManager: Display: Loaded TargetPlatform 'LuminClient'
[2019.12.21-17.14.10:285][  0]LogTargetPlatformManager: Display: Loaded TargetPlatform 'TVOSClient'
[2019.12.21-17.14.10:285][  0]LogTargetPlatformManager: Display: Loaded TargetPlatform 'TVOS'
[2019.12.21-17.14.10:309][  0]LogTargetPlatformManager: Display: Loaded TargetPlatform 'WindowsNoEditor'
[2019.12.21-17.14.10:360][  0]LogTargetPlatformManager: Display: Loaded TargetPlatform 'Windows'
[2019.12.21-17.14.10:416][  0]LogTargetPlatformManager: Display: Loaded TargetPlatform 'WindowsClient'
[2019.12.21-17.14.10:491][  0]LogTargetPlatformManager: Display: Loaded TargetPlatform 'WindowsServer'
[2019.12.21-17.14.10:491][  0]LogTargetPlatformManager: Display: Building Assets For Windows
[2019.12.21-17.14.10:682][  0]LogAudioDebug: Display: Lib vorbis DLL was dynamically loaded.
[2019.12.21-17.14.11:018][  0]LogShaderCompilers: Guid format shader working directory is -28 characters bigger than the processId version (../../../../../Game Devlopment/Unreal Games/BuildingEscape/BuildingEscape/Intermediate/Shaders/WorkingDirectory/11032/).
[2019.12.21-17.14.11:018][  0]LogShaderCompilers: Cleaned the shader compiler working directory 'C:/Users/Swati/AppData/Local/Temp/UnrealShaderWorkingDir/895997084F3CABEE01A76984D86C6F7E/'.
[2019.12.21-17.14.11:018][  0]LogXGEController: Cleaning working directory: C:/Users/Swati/AppData/Local/Temp/UnrealXGEWorkingDir/
[2019.12.21-17.14.11:018][  0]LogXGEController: Cannot use XGE Controller as Incredibuild is not installed on this machine.
[2019.12.21-17.14.11:018][  0]LogShaderCompilers: Cannot use XGE Shader Compiler as Incredibuild is not installed on this machine.
[2019.12.21-17.14.11:019][  0]LogShaderCompilers: Display: Using Local Shader Compiler.
[2019.12.21-17.14.12:799][  0]LogDerivedDataCache: Display: Max Cache Size: 512 MB
[2019.12.21-17.14.14:061][  0]LogDerivedDataCache: Loaded boot cache 1.24s 78MB C:/Users/Swati/AppData/Local/UnrealEngine/4.24/DerivedDataCache/Boot.ddc.
[2019.12.21-17.14.14:061][  0]LogDerivedDataCache: Display: Loaded Boot cache: C:/Users/Swati/AppData/Local/UnrealEngine/4.24/DerivedDataCache/Boot.ddc
[2019.12.21-17.14.14:061][  0]LogDerivedDataCache: FDerivedDataBackendGraph:  Pak pak cache file ../../../../../Game Devlopment/Unreal Games/BuildingEscape/BuildingEscape/DerivedDataCache/DDC.ddp not found, will not use a pak cache.
[2019.12.21-17.14.14:061][  0]LogDerivedDataCache: Unable to find inner node Pak for hierarchical cache Hierarchy.
[2019.12.21-17.14.14:061][  0]LogDerivedDataCache: FDerivedDataBackendGraph:  CompressedPak pak cache file ../../../../../Game Devlopment/Unreal Games/BuildingEscape/BuildingEscape/DerivedDataCache/Compressed.ddp not found, will not use a pak cache.
[2019.12.21-17.14.14:062][  0]LogDerivedDataCache: Unable to find inner node CompressedPak for hierarchical cache Hierarchy.
[2019.12.21-17.14.14:166][  0]LogDerivedDataCache: Display: Pak cache opened for reading ../../../Engine/DerivedDataCache/Compressed.ddp.
[2019.12.21-17.14.14:166][  0]LogDerivedDataCache: FDerivedDataBackendGraph:  EnterprisePak pak cache file ../../../Enterprise/DerivedDataCache/Compressed.ddp not found, will not use a pak cache.
[2019.12.21-17.14.14:166][  0]LogDerivedDataCache: Unable to find inner node EnterprisePak for hierarchical cache Hierarchy.
[2019.12.21-17.14.14:167][  0]LogDerivedDataCache: Using Local data cache path C:/Users/Swati/AppData/Local/UnrealEngine/Common/DerivedDataCache: Writable
[2019.12.21-17.14.14:167][  0]LogDerivedDataCache: Shared data cache path not found in *engine.ini, will not use an Shared cache.
[2019.12.21-17.14.14:167][  0]LogDerivedDataCache: Unable to find inner node Shared for hierarchical cache Hierarchy.
[2019.12.21-17.14.14:198][  0]LogMaterial: Verifying Global Shaders for PCD3D_SM5
[2019.12.21-17.14.14:200][  0]LogSlate: Using FreeType 2.10.0
[2019.12.21-17.14.14:201][  0]LogSlate: SlateFontServices - WITH_FREETYPE: 1, WITH_HARFBUZZ: 1
[2019.12.21-17.14.14:390][  0]LogAssetRegistry: FAssetRegistry took 0.0031 seconds to start up
[2019.12.21-17.14.14:691][  0]LogInit: Selected Device Profile: [Windows]
[2019.12.21-17.14.16:026][  0]LogMeshReduction: Using QuadricMeshReduction for automatic static mesh reduction
[2019.12.21-17.14.16:026][  0]LogMeshReduction: Using SimplygonMeshReduction for automatic skeletal mesh reduction
[2019.12.21-17.14.16:026][  0]LogMeshReduction: Using ProxyLODMeshReduction for automatic mesh merging
[2019.12.21-17.14.16:026][  0]LogMeshReduction: No distributed automatic mesh merging module available
[2019.12.21-17.14.16:026][  0]LogMeshMerging: No distributed automatic mesh merging module available
[2019.12.21-17.14.16:310][  0]LogNetVersion: BuildingEscape 1.0.0, NetCL: 10570792, EngineNetVer: 13, GameNetVer: 0 (Checksum: 2745654942)
[2019.12.21-17.14.31:326][  0]LogPackageLocalizationCache: Processed 10 localized package path(s) for 1 prioritized culture(s) in 0.065993 seconds
[2019.12.21-17.14.31:338][  0]LogUObjectArray: 46750 objects as part of root set at end of initial load.
[2019.12.21-17.14.31:338][  0]LogUObjectAllocator: 8137160 out of 0 bytes used by permanent object pool.
[2019.12.21-17.14.31:338][  0]LogUObjectArray: CloseDisregardForGC: 0/0 objects in disregard for GC pool
[2019.12.21-17.14.33:193][  0]LogTcpMessaging: Initializing TcpMessaging bridge
[2019.12.21-17.14.33:213][  0]LogUdpMessaging: Initializing bridge on interface 0.0.0.0:0 to multicast group 230.0.0.1:6666.
[2019.12.21-17.14.33:521][  0]SourceControl: Source control is disabled
[2019.12.21-17.14.33:521][  0]SourceControl: Source control is disabled
[2019.12.21-17.14.33:557][  0]SourceControl: Source control is disabled
[2019.12.21-17.14.33:566][  0]SourceControl: Source control is disabled
[2019.12.21-17.14.33:631][  0]SourceControl: Source control is disabled
[2019.12.21-17.14.34:597][  0]LogAndroidPermission: UAndroidPermissionCallbackProxy::GetInstance
[2019.12.21-17.14.34:666][  0]LogAudioCaptureCore: Display: No Audio Capture implementations found. Audio input will be silent.
[2019.12.21-17.14.34:666][  0]LogAudioCaptureCore: Display: No Audio Capture implementations found. Audio input will be silent.
[2019.12.21-17.14.35:106][  0]LogOcInput: OculusInput pre-init called
[2019.12.21-17.14.35:146][  0]LogWindows: Failed to load 'OVRPlugin.dll' (GetLastError=126)
[2019.12.21-17.14.35:146][  0]LogWindows: File 'OVRPlugin.dll' does not exist
[2019.12.21-17.14.35:558][  0]LogEngine: Initializing Engine...
[2019.12.21-17.14.35:558][  0]LogHMD: Failed to initialize OpenVR with code 110
[2019.12.21-17.14.35:560][  0]LogStats: UGameplayTagsManager::InitializeManager -  0.000 s
[2019.12.21-17.14.36:058][  0]LogInit: Initializing FReadOnlyCVARCache
[2019.12.21-17.14.36:093][  0]LogAIModule: Creating AISystem for world Untitled
[2019.12.21-17.14.36:108][  0]LogAudioMixer: Display: Audio Mixer Platform Settings:
[2019.12.21-17.14.36:108][  0]LogAudioMixer: Display: 	Sample Rate:						  48000
[2019.12.21-17.14.36:108][  0]LogAudioMixer: Display: 	Callback Buffer Frame Size Requested: 1024
[2019.12.21-17.14.36:108][  0]LogAudioMixer: Display: 	Callback Buffer Frame Size To Use:	  1024
[2019.12.21-17.14.36:108][  0]LogAudioMixer: Display: 	Number of buffers to queue:			  2
[2019.12.21-17.14.36:108][  0]LogAudioMixer: Display: 	Max Channels (voices):				  32
[2019.12.21-17.14.36:108][  0]LogAudioMixer: Display: 	Number of Async Source Workers:		  0
[2019.12.21-17.14.36:108][  0]LogAudio: Display: AudioDevice MaxSources: 32
[2019.12.21-17.14.36:108][  0]LogAudio: Display: Using built-in audio occlusion.
[2019.12.21-17.14.36:108][  0]LogAudioMixer: Display: Initializing audio mixer.
[2019.12.21-17.14.36:203][  0]LogAudioMixer: Display: Audio Device Output Speaker Info:
[2019.12.21-17.14.36:203][  0]LogAudioMixer: Display: Name: Speakers (Realtek High Definition Audio)
[2019.12.21-17.14.36:203][  0]LogAudioMixer: Display: Is Default: Yes
[2019.12.21-17.14.36:203][  0]LogAudioMixer: Display: Sample Rate: 48000
[2019.12.21-17.14.36:203][  0]LogAudioMixer: Display: Channel Count Used: 6
[2019.12.21-17.14.36:203][  0]LogAudioMixer: Display: Device Channel Count: 6
[2019.12.21-17.14.36:203][  0]LogAudioMixer: Display: Channel Order:
[2019.12.21-17.14.36:203][  0]LogAudioMixer: Display: 0: FrontLeft
[2019.12.21-17.14.36:203][  0]LogAudioMixer: Display: 1: FrontRight
[2019.12.21-17.14.36:203][  0]LogAudioMixer: Display: 2: FrontCenter
[2019.12.21-17.14.36:203][  0]LogAudioMixer: Display: 3: LowFrequency
[2019.12.21-17.14.36:203][  0]LogAudioMixer: Display: 4: BackLeft
[2019.12.21-17.14.36:203][  0]LogAudioMixer: Display: 5: BackRight
[2019.12.21-17.14.36:258][  0]LogAudioMixer: Display: Using Audio Device Speakers (Realtek High Definition Audio)
[2019.12.21-17.14.36:268][  0]LogInit: FAudioDevice initialized.
[2019.12.21-17.14.36:269][  0]LogNetVersion: Set ProjectVersion to 1.0.0.0. Version Checksum will be recalculated on next use.
[2019.12.21-17.14.36:648][  0]LogDerivedDataCache: Saved boot cache 0.38s 78MB C:/Users/Swati/AppData/Local/UnrealEngine/4.24/DerivedDataCache/Boot.ddc.
[2019.12.21-17.14.36:648][  0]LogInit: Texture streaming: Enabled
[2019.12.21-17.14.36:895][  0]LogEngineSessionManager: EngineSessionManager initialized
[2019.12.21-17.14.36:960][  0]LogEngineSessionManager: EngineSessionManager sent abnormal shutdown report. Type=Crashed, SessionId={98310A2E-4E64-5AD5-CAB2-A4A6F2A22FB8}
[2019.12.21-17.14.36:960][  0]LogEditorSessionSummary: Verbose: Initializing EditorSessionSummaryWriter for editor session tracking
[2019.12.21-17.14.36:962][  0]LogEditorSessionSummary: EditorSessionSummaryWriter initialized
[2019.12.21-17.14.37:461][  0]LogInit: Transaction tracking system initialized
[2019.12.21-17.14.37:754][  0]BlueprintLog: New page: Editor Load
[2019.12.21-17.14.38:151][  0]LocalizationService: Localization service is disabled
[2019.12.21-17.14.39:681][  0]LogCook: Display: Max memory allowance for cook 16384mb min free memory 0mb
[2019.12.21-17.14.39:681][  0]LogCook: Display: Mobile HDR setting 1
[2019.12.21-17.14.39:788][  0]LogFileCache: Scanning file cache for directory 'D:/Game Devlopment/Unreal Games/BuildingEscape/BuildingEscape/Content/' took 0.01s
[2019.12.21-17.14.41:748][  0]SourceControl: Source control is disabled
[2019.12.21-17.14.41:850][  0]LogSlate: Took 0.000149 seconds to synchronously load lazily loaded font '../../../Engine/Content/Slate/Fonts/Roboto-Regular.ttf' (155K)
[2019.12.21-17.14.51:607][  0]LogSlate: Window 'Restore Packages' being destroyed
[2019.12.21-17.14.51:625][  0]LogWindowsTextInputMethodSystem: Display: IME system now deactivated.
[2019.12.21-17.15.01:235][  0]LogSlate: Window 'Unable to Check Out From Source Control!' being destroyed
[2019.12.21-17.15.01:236][  0]LogWindowsTextInputMethodSystem: Display: IME system now deactivated.
[2019.12.21-17.15.01:299][  0]Cmd: MAP LOAD FILE="../../../../../Game Devlopment/Unreal Games/BuildingEscape/BuildingEscape/Content/Maps/Level_01.umap" TEMPLATE=0 SHOWPROGRESS=1 FEATURELEVEL=3
[2019.12.21-17.15.01:300][  0]LightingResults: New page: Lighting Build
[2019.12.21-17.15.01:324][  0]LogWorld: UWorld::CleanupWorld for Untitled, bSessionEnded=true, bCleanupResources=true
[2019.12.21-17.15.01:324][  0]LogSlate: InvalidateAllWidgets triggered.  All widgets were invalidated
[2019.12.21-17.15.01:324][  0]MapCheck: New page: Map Check
[2019.12.21-17.15.01:324][  0]LightingResults: New page: Lighting Build
[2019.12.21-17.15.01:359][  0]LogUObjectHash: Compacting FUObjectHashTables data took   3.74ms
[2019.12.21-17.15.02:866][  0]LogStaticMesh: Building static mesh SM_Door...
[2019.12.21-17.15.02:997][  0]LogStaticMesh: Built static mesh [0.13s] /Game/StarterContent/Props/SM_Door.SM_Door
[2019.12.21-17.15.03:366][  0]LogAIModule: Creating AISystem for world Level_01
[2019.12.21-17.15.03:391][  0]LogEditorServer: Finished looking for orphan Actors (0.000 secs)
[2019.12.21-17.15.03:425][  0]LogUObjectHash: Compacting FUObjectHashTables data took   3.50ms
[2019.12.21-17.15.03:426][  0]Cmd: MAP CHECKDEP NOCLEARLOG
[2019.12.21-17.15.03:427][  0]MapCheck: Map check complete: 0 Error(s), 0 Warning(s), took 0.275ms to complete.
[2019.12.21-17.15.03:427][  0]LogFileHelpers: Loading map 'Level_01' took 2.128
[2019.12.21-17.15.03:647][  0]LogSlate: Updating window title bar state: overlay mode, drag disabled, window buttons hidden, title bar hidden
[2019.12.21-17.15.03:655][  0]LogSlate: Updating window title bar state: overlay mode, drag disabled, window buttons hidden, title bar hidden
[2019.12.21-17.15.03:662][  0]LogSlate: Updating window title bar state: overlay mode, drag disabled, window buttons hidden, title bar hidden
[2019.12.21-17.15.03:669][  0]LogSlate: Updating window title bar state: overlay mode, drag disabled, window buttons hidden, title bar hidden
[2019.12.21-17.15.03:734][  0]LogCollectionManager: Loaded 0 collections in 0.001065 seconds
[2019.12.21-17.15.03:757][  0]LogFileCache: Scanning file cache for directory 'D:/Game Devlopment/Unreal Games/BuildingEscape/BuildingEscape/Saved/Collections/' took 0.00s
[2019.12.21-17.15.03:757][  0]LogFileCache: Scanning file cache for directory 'D:/Game Devlopment/Unreal Games/BuildingEscape/BuildingEscape/Content/Developers/Swati/Collections/' took 0.00s
[2019.12.21-17.15.03:757][  0]LogFileCache: Scanning file cache for directory 'D:/Game Devlopment/Unreal Games/BuildingEscape/BuildingEscape/Content/Collections/' took 0.00s
[2019.12.21-17.15.03:757][  0]LogContentBrowser: Native class hierarchy populated in 0.0079 seconds. Added 3018 classes and 719 folders.
[2019.12.21-17.15.03:788][  0]LogContentBrowser: Native class hierarchy updated for 'WidgetCarousel' in 0.0003 seconds. Added 0 classes and 0 folders.
[2019.12.21-17.15.04:567][  0]LogContentBrowser: Native class hierarchy updated for 'AddContentDialog' in 0.0004 seconds. Added 0 classes and 0 folders.
[2019.12.21-17.15.04:596][  0]LogContentBrowser: Native class hierarchy updated for 'SceneOutliner' in 0.0004 seconds. Added 2 classes and 3 folders.
[2019.12.21-17.15.04:627][  0]LogSlate: Took 0.000129 seconds to synchronously load lazily loaded font '../../../Engine/Content/Slate/Fonts/Roboto-Bold.ttf' (160K)
[2019.12.21-17.15.04:649][  0]LogSlate: Took 0.019797 seconds to synchronously load lazily loaded font '../../../Engine/Content/Editor/Slate/Fonts/FontAwesome.ttf' (139K)
[2019.12.21-17.15.04:656][  0]LogSlate: Took 0.006566 seconds to synchronously load lazily loaded font '../../../Engine/Content/Slate/Fonts/DroidSansMono.ttf' (77K)
[2019.12.21-17.15.04:848][  0]LogRenderer: Reallocating scene render targets to support 1208x572 Format 10 NumSamples 1 (Frame:1).
[2019.12.21-17.15.05:110][  0]LogContentBrowser: Native class hierarchy updated for 'HierarchicalLODOutliner' in 0.0003 seconds. Added 0 classes and 0 folders.
[2019.12.21-17.15.05:110][  0]LogLoad: (Engine Initialization) Total time: 62.29 seconds
[2019.12.21-17.15.05:110][  0]LogLoad: (Engine Initialization) Total Blueprint compile time: 0.00 seconds
[2019.12.21-17.15.05:171][  0]LogContentStreaming: Texture pool size now 1000 MB
[2019.12.21-17.15.06:282][ 19]LogAssetRegistry: Asset discovery search completed in 51.8930 seconds
[2019.12.21-17.15.06:293][ 19]LogCollectionManager: Fixed up redirectors for 0 collections in 0.006620 seconds (updated 0 objects)
[2019.12.21-17.15.55:135][852]LogSlate: Took 0.017963 seconds to synchronously load lazily loaded font '../../../Engine/Content/Slate/Fonts/Roboto-Light.ttf' (167K)
[2019.12.21-17.17.55:932][440]LogHotReload: New module detected: UE4Editor-BuildingEscape-0013.dll
[2019.12.21-17.17.56:942][444]LogHotReload: Starting Hot-Reload from IDE
[2019.12.21-17.17.56:982][444]LogSlate: Took 0.037343 seconds to synchronously load lazily loaded font '../../../Engine/Content/Slate/Fonts/Roboto-Light.ttf' (167K)
[2019.12.21-17.17.57:031][444]LogUObjectHash: Compacting FUObjectHashTables data took   0.78ms
[2019.12.21-17.17.57:041][444]LogContentBrowser: Native class hierarchy updated for 'BuildingEscape' in 0.0004 seconds. Added 3 classes and 2 folders.
[2019.12.21-17.17.57:045][444]Display: HotReload successful (0 functions remapped  0 scriptstructs remapped)
[2019.12.21-17.17.57:154][444]LogUObjectHash: Compacting FUObjectHashTables data took   1.80ms
[2019.12.21-17.17.57:163][444]LogContentBrowser: Native class hierarchy populated in 0.0089 seconds. Added 3020 classes and 722 folders.
[2019.12.21-17.17.57:332][444]Display: HotReload took  0.4s.
[2019.12.21-17.56.41:773][725]LogAudioMixer: Display: Audio Buffer Underrun detected.
[2019.12.21-17.58.07:289][980]LogAudioMixer: Display: Audio Buffer Underrun detected.
[2019.12.21-18.01.49:074][ 25]LogAudioMixer: Display: Audio Buffer Underrun detected.
[2019.12.21-18.02.52:218][213]LogAudioMixer: Display: Audio Buffer Underrun detected.
[2019.12.21-18.03.19:443][294]LogAudioMixer: Display: Audio Buffer Underrun detected.
[2019.12.21-18.03.23:647][306]LogAudioMixer: Display: Audio Buffer Underrun detected.
[2019.12.21-18.08.16:734][385]LogAudioMixer: Display: Audio Buffer Underrun detected.
[2019.12.21-18.09.35:149][619]LogAudioMixer: Display: Audio Buffer Underrun detected.
[2019.12.21-18.10.02:972][702]LogAudioMixer: Display: Audio Buffer Underrun detected.
[2019.12.21-18.10.13:005][732]LogAudioMixer: Display: Audio Buffer Underrun detected.
[2019.12.21-18.10.18:580][862]Candidate modules for hot reload:
[2019.12.21-18.10.18:580][862]  BuildingEscape
[2019.12.21-18.10.18:580][862]Launching UnrealBuildTool... [D:/Epic Games/UE_4.24/Engine/Binaries/DotNET/UnrealBuildTool.exe  -ModuleWithSuffix=BuildingEscape,7653 Win64 Development -TargetType=Editor -Project="D:/Game Devlopment/Unreal Games/BuildingEscape/BuildingEscape/BuildingEscape.uproject" "D:/Game Devlopment/Unreal Games/BuildingEscape/BuildingEscape/BuildingEscape.uproject"  -IgnoreJunk]
[2019.12.21-18.10.18:580][862]Warning: Starting HotReload took  0.0s.
[2019.12.21-18.13.05:362][769]LogHttp: Warning: 0000000020070B80: invalid HTTP response code received. URL: https://datarouter.ol.epicgames.com/datarouter/api/v1/public/data?SessionID=%7B1823DDB9-4DE4-4AEB-6ADE-1389FAD45532%7D&AppID=UEEditor.Rocket.Release&AppVersion=4.24.0-10570792%2B%2B%2BUE4%2BRelease-4.24&UserID=603e82534d6710f5d2f879be20f4777d%7Cba30148272f9489aaf0040f1070a59e8%7C05750610-f9a4-466a-84f5-bc24e1a91dfe&AppEnvironment=datacollector-binary&UploadType=eteventstream, HTTP code: 0, content length: 0, actual payload size: 0
[2019.12.21-18.13.05:362][769]LogHttp: Warning: 0000000020070B80: request failed, libcurl error: 56 (Failure when receiving data from the peer)
[2019.12.21-18.13.05:362][769]LogHttp: Warning: 0000000020070B80: libcurl info message cache 0 (Found bundle for host datarouter.ol.epicgames.com: 0x1ffcff70 [can pipeline])
[2019.12.21-18.13.05:362][769]LogHttp: Warning: 0000000020070B80: libcurl info message cache 1 (Re-using existing connection! (#21) with host datarouter.ol.epicgames.com)
[2019.12.21-18.13.05:362][769]LogHttp: Warning: 0000000020070B80: libcurl info message cache 2 (Connected to datarouter.ol.epicgames.com (52.86.156.38) port 443 (#21))
[2019.12.21-18.13.05:362][769]LogHttp: Warning: 0000000020070B80: libcurl info message cache 3 (We are completely uploaded and fine)
[2019.12.21-18.13.05:362][769]LogHttp: Warning: 0000000020070B80: libcurl info message cache 4 (OpenSSL SSL_read: SSL_ERROR_SYSCALL, errno 10054)
[2019.12.21-18.13.05:362][769]LogHttp: Warning: 0000000020070B80: libcurl info message cache 5 (Connection died, retrying a fresh connect)
[2019.12.21-18.13.05:362][769]LogHttp: Warning: 0000000020070B80: libcurl info message cache 6 (necessary data rewind wasn't possible)
[2019.12.21-18.13.05:362][769]LogHttp: Warning: 0000000020070B80: libcurl info message cache 7 (Closing connection 21)
[2019.12.21-18.13.05:371][770]LogHttp: Warning: Retry exhausted on https://datarouter.ol.epicgames.com/datarouter/api/v1/public/data?SessionID=%7B1823DDB9-4DE4-4AEB-6ADE-1389FAD45532%7D&AppID=UEEditor.Rocket.Release&AppVersion=4.24.0-10570792%2B%2B%2BUE4%2BRelease-4.24&UserID=603e82534d6710f5d2f879be20f4777d%7Cba30148272f9489aaf0040f1070a59e8%7C05750610-f9a4-466a-84f5-bc24e1a91dfe&AppEnvironment=datacollector-binary&UploadType=eteventstream
[2019.12.21-18.13.15:083][842]CompilerResultsLog: New page: Compilation - Dec 22, 2019, 5:13:14 AM
[2019.12.21-18.13.15:084][842]CompilerResultsLog: Using 'git status' to determine working set for adaptive non-unity build (D:\Game Devlopment\Unreal Games\BuildingEscape).
[2019.12.21-18.13.15:084][842]CompilerResultsLog: Parsing headers for BuildingEscapeEditor
[2019.12.21-18.13.15:084][842]CompilerResultsLog:   Running UnrealHeaderTool "D:\Game Devlopment\Unreal Games\BuildingEscape\BuildingEscape\BuildingEscape.uproject" "D:\Game Devlopment\Unreal Games\BuildingEscape\BuildingEscape\Intermediate\Build\Win64\BuildingEscapeEditor\Development\BuildingEscapeEditor.uhtmanifest" -LogCmds="loginit warning, logexit warning, logdatabase error" -Unattended -WarningsAsErrors -installed
[2019.12.21-18.13.15:084][842]CompilerResultsLog: Reflection code generated for BuildingEscapeEditor in 21.0057046 seconds
[2019.12.21-18.13.15:084][842]CompilerResultsLog: Building BuildingEscapeEditor...
[2019.12.21-18.13.15:084][842]CompilerResultsLog: Using Visual Studio 2019 14.24.28314 toolchain (D:\Microsoft Visual Studio\VC\Tools\MSVC\14.24.28314) and Windows 10.0.17763.0 SDK (C:\Program Files (x86)\Windows Kits\10).
[2019.12.21-18.13.15:084][842]CompilerResultsLog: [Upgrade]
[2019.12.21-18.13.15:084][842]CompilerResultsLog: [Upgrade] Using backward-compatible build settings. The latest version of UE4 sets the following values by default, which may require code changes:
[2019.12.21-18.13.15:084][842]CompilerResultsLog: [Upgrade]     bLegacyPublicIncludePaths = false                 => Omits subfolders from public include paths to reduce compiler command line length. (Previously: true).
[2019.12.21-18.13.15:084][842]CompilerResultsLog: [Upgrade]     ShadowVariableWarningLevel = WarningLevel.Error   => Treats shadowed variable warnings as errors. (Previously: WarningLevel.Warning).
[2019.12.21-18.13.15:084][842]CompilerResultsLog: [Upgrade]     PCHUsage = PCHUsageMode.UseExplicitOrSharedPCHs   => Set in build.cs files to enables IWYU-style PCH model. See https://docs.unrealengine.com/en-US/Programming/BuildTools/UnrealBuildTool/IWYU/index.html. (Previously: PCHUsageMode.UseSharedPCHs).
[2019.12.21-18.13.15:084][842]CompilerResultsLog: [Upgrade] Suppress this message by setting 'DefaultBuildSettings = BuildSettingsVersion.V2;' in BuildingEscapeEditor.Target.cs, and explicitly overriding settings that differ from the new defaults.
[2019.12.21-18.13.15:084][842]CompilerResultsLog: [Upgrade]
[2019.12.21-18.13.15:084][842]CompilerResultsLog: Building 5 actions with 4 processes...
[2019.12.21-18.13.15:084][842]CompilerResultsLog:   [1/5] OpenDoor.cpp
[2019.12.21-18.13.15:084][842]CompilerResultsLog:   [2/5] OpenDoor.gen.cpp
[2019.12.21-18.13.15:084][842]CompilerResultsLog:   [3/5] UE4Editor-BuildingEscape-7653.lib
[2019.12.21-18.13.15:084][842]CompilerResultsLog:      Creating library D:\Game Devlopment\Unreal Games\BuildingEscape\BuildingEscape\Intermediate\Build\Win64\UE4Editor\Development\BuildingEscape\UE4Editor-BuildingEscape-7653.lib and object D:\Game Devlopment\Unreal Games\BuildingEscape\BuildingEscape\Intermediate\Build\Win64\UE4Editor\Development\BuildingEscape\UE4Editor-BuildingEscape-7653.exp
[2019.12.21-18.13.15:084][842]CompilerResultsLog:   [4/5] UE4Editor-BuildingEscape-7653.dll
[2019.12.21-18.13.15:084][842]CompilerResultsLog:      Creating library D:\Game Devlopment\Unreal Games\BuildingEscape\BuildingEscape\Intermediate\Build\Win64\UE4Editor\Development\BuildingEscape\UE4Editor-BuildingEscape-7653.suppressed.lib and object D:\Game Devlopment\Unreal Games\BuildingEscape\BuildingEscape\Intermediate\Build\Win64\UE4Editor\Development\BuildingEscape\UE4Editor-BuildingEscape-7653.suppressed.exp
[2019.12.21-18.13.15:084][842]CompilerResultsLog:   [5/5] BuildingEscapeEditor.target
[2019.12.21-18.13.15:084][842]CompilerResultsLog: Total time in Parallel executor: 145.13 seconds
[2019.12.21-18.13.15:084][842]CompilerResultsLog: Total execution time: 176.18 seconds
[2019.12.21-18.13.15:084][842]LogMainFrame: MainFrame: Module compiling took 176.504 seconds
[2019.12.21-18.13.15:138][842]LogUObjectHash: Compacting FUObjectHashTables data took   1.05ms
[2019.12.21-18.13.15:146][842]LogContentBrowser: Native class hierarchy updated for 'BuildingEscape' in 0.0004 seconds. Added 3 classes and 2 folders.
[2019.12.21-18.13.15:149][842]Display: HotReload successful (0 functions remapped  0 scriptstructs remapped)
[2019.12.21-18.13.15:236][842]LogUObjectHash: Compacting FUObjectHashTables data took   1.81ms
[2019.12.21-18.13.15:245][842]LogContentBrowser: Native class hierarchy populated in 0.0084 seconds. Added 3020 classes and 722 folders.
[2019.12.21-18.13.15:250][842]Display: HotReload took 176.7s.
[2019.12.21-18.15.58:399][ 59]LogTemp: Repeating last play command: Selected Viewport
[2019.12.21-18.15.58:636][ 59]LogPlayLevel: PlayLevel: No blueprints needed recompiling
[2019.12.21-18.15.58:643][ 59]PIE: New page: PIE session: Level_01 (Dec 22, 2019, 5:15:58 AM)
[2019.12.21-18.15.58:708][ 59]LogOnline: OSS: Creating online subsystem instance for: NULL
[2019.12.21-18.15.58:710][ 59]LogOnline: OSS: TryLoadSubsystemAndSetDefault: Loaded subsystem for module [NULL]
[2019.12.21-18.15.58:724][ 59]LogPlayLevel: Creating play world package: /Game/Maps/UEDPIE_0_Level_01
[2019.12.21-18.15.58:814][ 59]LogPlayLevel: PIE: StaticDuplicateObject took: (0.089579s)
[2019.12.21-18.15.58:899][ 59]LogAIModule: Creating AISystem for world Level_01
[2019.12.21-18.15.58:949][ 59]LogPlayLevel: PIE: World Init took: (0.134574s)
[2019.12.21-18.15.58:949][ 59]LogPlayLevel: PIE: Created PIE world by copying editor world from /Game/Maps/Level_01.Level_01 to /Game/Maps/UEDPIE_0_Level_01.Level_01 (0.224438s)
[2019.12.21-18.15.58:982][ 59]LogUObjectHash: Compacting FUObjectHashTables data took   1.75ms
[2019.12.21-18.15.59:073][ 59]LogAudioMixer: Display: Audio Mixer Platform Settings:
[2019.12.21-18.15.59:073][ 59]LogAudioMixer: Display: 	Sample Rate:						  48000
[2019.12.21-18.15.59:073][ 59]LogAudioMixer: Display: 	Callback Buffer Frame Size Requested: 1024
[2019.12.21-18.15.59:073][ 59]LogAudioMixer: Display: 	Callback Buffer Frame Size To Use:	  1024
[2019.12.21-18.15.59:073][ 59]LogAudioMixer: Display: 	Number of buffers to queue:			  2
[2019.12.21-18.15.59:073][ 59]LogAudioMixer: Display: 	Max Channels (voices):				  32
[2019.12.21-18.15.59:073][ 59]LogAudioMixer: Display: 	Number of Async Source Workers:		  0
[2019.12.21-18.15.59:073][ 59]LogAudio: Display: AudioDevice MaxSources: 32
[2019.12.21-18.15.59:074][ 59]LogAudio: Display: Using built-in audio occlusion.
[2019.12.21-18.15.59:074][ 59]LogAudioMixer: Display: Initializing audio mixer.
[2019.12.21-18.15.59:166][ 59]LogAudioMixer: Display: Audio Device Output Speaker Info:
[2019.12.21-18.15.59:166][ 59]LogAudioMixer: Display: Name: Speakers (Realtek High Definition Audio)
[2019.12.21-18.15.59:166][ 59]LogAudioMixer: Display: Is Default: Yes
[2019.12.21-18.15.59:166][ 59]LogAudioMixer: Display: Sample Rate: 48000
[2019.12.21-18.15.59:166][ 59]LogAudioMixer: Display: Channel Count Used: 6
[2019.12.21-18.15.59:166][ 59]LogAudioMixer: Display: Device Channel Count: 6
[2019.12.21-18.15.59:166][ 59]LogAudioMixer: Display: Channel Order:
[2019.12.21-18.15.59:166][ 59]LogAudioMixer: Display: 0: FrontLeft
[2019.12.21-18.15.59:166][ 59]LogAudioMixer: Display: 1: FrontRight
[2019.12.21-18.15.59:166][ 59]LogAudioMixer: Display: 2: FrontCenter
[2019.12.21-18.15.59:166][ 59]LogAudioMixer: Display: 3: LowFrequency
[2019.12.21-18.15.59:166][ 59]LogAudioMixer: Display: 4: BackLeft
[2019.12.21-18.15.59:166][ 59]LogAudioMixer: Display: 5: BackRight
[2019.12.21-18.15.59:194][ 59]LogAudioMixer: Display: Using Audio Device Speakers (Realtek High Definition Audio)
[2019.12.21-18.15.59:230][ 59]LogInit: FAudioDevice initialized.
[2019.12.21-18.15.59:503][ 59]LogLoad: Game class is 'GameModeBase'
[2019.12.21-18.16.00:369][ 59]LogWorld: Bringing World /Game/Maps/UEDPIE_0_Level_01.Level_01 up for play (max tick rate 0) at 2019.12.21-23.46.00
[2019.12.21-18.16.00:459][ 59]LogWorld: Bringing up level for play took: 0.142376
[2019.12.21-18.16.00:511][ 59]LogOnline: OSS: Creating online subsystem instance for: :Context_1
[2019.12.21-18.16.01:596][ 59]LogContentBrowser: Native class hierarchy updated for 'MovieSceneCapture' in 0.0004 seconds. Added 20 classes and 0 folders.
[2019.12.21-18.16.01:923][ 59]LogTemp: Warning: SM_Chair_2 is at X=350.000 Y=-200.000 Z=20.000 position
[2019.12.21-18.16.01:923][ 59]LogTemp: Warning: SM_TableRound_5 is at X=360.000 Y=370.000 Z=20.000 position
[2019.12.21-18.16.02:284][ 59]PIE: Play in editor start time for /Game/Maps/UEDPIE_0_Level_01 3.852
[2019.12.21-18.16.23:516][ 59]LogWindows: Error: === Critical error: ===
[2019.12.21-18.16.23:516][ 59]LogWindows: Error: 
[2019.12.21-18.16.23:516][ 59]LogWindows: Error: Fatal error!
[2019.12.21-18.16.23:516][ 59]LogWindows: Error: 
[2019.12.21-18.16.23:516][ 59]LogWindows: Error: Unhandled Exception: EXCEPTION_ACCESS_VIOLATION reading address 0x00000238
[2019.12.21-18.16.23:516][ 59]LogWindows: Error: 
[2019.12.21-18.16.23:516][ 59]LogWindows: Error: [Callstack] 0x000007fec78bf2b8 UE4Editor-Engine.dll!UnknownFunction []
[2019.12.21-18.16.23:516][ 59]LogWindows: Error: [Callstack] 0x000007fed23c2393 UE4Editor-BuildingEscape-7653.dll!UnknownFunction []
[2019.12.21-18.16.23:516][ 59]LogWindows: Error: [Callstack] 0x000007fec7c41db8 UE4Editor-Engine.dll!UnknownFunction []
[2019.12.21-18.16.23:516][ 59]LogWindows: Error: [Callstack] 0x000007fec7c72d64 UE4Editor-Engine.dll!UnknownFunction []
[2019.12.21-18.16.23:516][ 59]LogWindows: Error: [Callstack] 0x000007fec89e3c23 UE4Editor-Engine.dll!UnknownFunction []
[2019.12.21-18.16.23:516][ 59]LogWindows: Error: [Callstack] 0x000007fec89f1c16 UE4Editor-Engine.dll!UnknownFunction []
[2019.12.21-18.16.23:516][ 59]LogWindows: Error: [Callstack] 0x000007feca669ff2 UE4Editor-Core.dll!UnknownFunction []
[2019.12.21-18.16.23:516][ 59]LogWindows: Error: [Callstack] 0x000007feca66a393 UE4Editor-Core.dll!UnknownFunction []
[2019.12.21-18.16.23:516][ 59]LogWindows: Error: [Callstack] 0x000007feca67aa68 UE4Editor-Core.dll!UnknownFunction []
[2019.12.21-18.16.23:516][ 59]LogWindows: Error: [Callstack] 0x000007fec8a10360 UE4Editor-Engine.dll!UnknownFunction []
[2019.12.21-18.16.23:516][ 59]LogWindows: Error: [Callstack] 0x000007fec8a15ff2 UE4Editor-Engine.dll!UnknownFunction []
[2019.12.21-18.16.23:516][ 59]LogWindows: Error: [Callstack] 0x000007fec8199f1f UE4Editor-Engine.dll!UnknownFunction []
[2019.12.21-18.16.23:516][ 59]LogWindows: Error: [Callstack] 0x000007fec81a55ce UE4Editor-Engine.dll!UnknownFunction []
[2019.12.21-18.16.23:516][ 59]LogWindows: Error: [Callstack] 0x000007fec53badb0 UE4Editor-UnrealEd.dll!UnknownFunction []
[2019.12.21-18.16.23:516][ 59]LogWindows: Error: [Callstack] 0x000007fec5c1ddc6 UE4Editor-UnrealEd.dll!UnknownFunction []
[2019.12.21-18.16.23:516][ 59]LogWindows: Error: [Callstack] 0x000000013f667f62 UE4Editor.exe!UnknownFunction []
[2019.12.21-18.16.23:516][ 59]LogWindows: Error: [Callstack] 0x000000013f67c3ec UE4Editor.exe!UnknownFunction []
[2019.12.21-18.16.23:516][ 59]LogWindows: Error: [Callstack] 0x000000013f67c4ca UE4Editor.exe!UnknownFunction []
[2019.12.21-18.16.23:516][ 59]LogWindows: Error: [Callstack] 0x000000013f68ceae UE4Editor.exe!UnknownFunction []
[2019.12.21-18.16.23:516][ 59]LogWindows: Error: [Callstack] 0x000000013f68fcbe UE4Editor.exe!UnknownFunction []
[2019.12.21-18.16.23:516][ 59]LogWindows: Error: [Callstack] 0x000000007797556d kernel32.dll!UnknownFunction []
[2019.12.21-18.16.23:516][ 59]LogWindows: Error: [Callstack] 0x0000000077bd372d ntdll.dll!UnknownFunction []
[2019.12.21-18.16.23:516][ 59]LogWindows: Error: 
[2019.12.21-18.16.23:568][ 59]LogExit: Executing StaticShutdownAfterError
[2019.12.21-18.16.24:242][ 59]LogWindows: FPlatformMisc::RequestExit(1)
[2019.12.21-18.16.24:242][ 59]LogCore: Engine exit requested (reason: Win RequestExit)
[2019.12.21-18.16.24:332][ 59]Log file closed, 12/21/19 23:46:24
