Log file open, 12/28/19 00:15:04
LogWindows: Failed to load 'aqProf.dll' (GetLastError=126)
LogWindows: File 'aqProf.dll' does not exist
LogWindows: Failed to load 'VtuneApi.dll' (GetLastError=126)
LogWindows: File 'VtuneApi.dll' does not exist
LogWindows: Failed to load 'VtuneApi32e.dll' (GetLastError=126)
LogWindows: File 'VtuneApi32e.dll' does not exist
LogConsoleResponse: Display: Failed to find resolution value strings in scalability ini. Falling back to default.
LogInit: Display: Running engine for game: BuildingEscape
LogPlatformFile: Not using cached read wrapper
LogTaskGraph: Started task graph with 5 named threads and 11 total threads with 3 sets of task threads.
LogStats: Stats thread started at 2.824418
LogD3D11RHI: Loaded GFSDK_Aftermath_Lib.x64.dll
LogICUInternationalization: ICU TimeZone Detection - Raw Offset: +5:30, Platform Override: ''
LogPluginManager: Mounting plugin Paper2D
LogPluginManager: Mounting plugin AISupport
LogPluginManager: Mounting plugin LightPropagationVolume
LogPluginManager: Mounting plugin ActorLayerUtilities
LogPluginManager: Mounting plugin AnimationSharing
LogPluginManager: Mounting plugin CLionSourceCodeAccess
LogPluginManager: Mounting plugin CodeLiteSourceCodeAccess
LogPluginManager: Mounting plugin GitSourceControl
LogPluginManager: Mounting plugin KDevelopSourceCodeAccess
LogPluginManager: Mounting plugin NullSourceCodeAccess
LogPluginManager: Mounting plugin PerforceSourceControl
LogPluginManager: Mounting plugin PlasticSourceControl
LogPluginManager: Mounting plugin SubversionSourceControl
LogPluginManager: Mounting plugin UObjectPlugin
LogPluginManager: Mounting plugin VisualStudioCodeSourceCodeAccess
LogPluginManager: Mounting plugin VisualStudioSourceCodeAccess
LogPluginManager: Mounting plugin XCodeSourceCodeAccess
LogPluginManager: Mounting plugin AssetManagerEditor
LogPluginManager: Mounting plugin CryptoKeys
LogPluginManager: Mounting plugin CurveEditorTools
LogPluginManager: Mounting plugin DataValidation
LogPluginManager: Mounting plugin FacialAnimation
LogPluginManager: Mounting plugin GameplayTagsEditor
LogPluginManager: Mounting plugin MacGraphicsSwitching
LogPluginManager: Mounting plugin MaterialAnalyzer
LogPluginManager: Mounting plugin MobileLauncherProfileWizard
LogPluginManager: Mounting plugin PluginBrowser
LogPluginManager: Mounting plugin SpeedTreeImporter
LogPluginManager: Mounting plugin DatasmithContent
LogPluginManager: Mounting plugin VariantManagerContent
LogPluginManager: Mounting plugin AlembicImporter
LogPluginManager: Mounting plugin AutomationUtils
LogPluginManager: Mounting plugin BackChannel
LogPluginManager: Mounting plugin CharacterAI
LogPluginManager: Mounting plugin GeometryCache
LogPluginManager: Mounting plugin PlatformCrypto
LogPluginManager: Mounting plugin ProxyLODPlugin
LogPluginManager: Mounting plugin SkeletalReduction
LogPluginManager: Mounting plugin MagicLeap
LogPluginManager: Mounting plugin MagicLeapMedia
LogPluginManager: Mounting plugin MLSDK
LogPluginManager: Mounting plugin AndroidMedia
LogPluginManager: Mounting plugin AvfMedia
LogPluginManager: Mounting plugin ImgMedia
LogPluginManager: Mounting plugin MediaCompositing
LogPluginManager: Mounting plugin MediaPlayerEditor
LogPluginManager: Mounting plugin WebMMedia
LogPluginManager: Mounting plugin WmfMedia
LogPluginManager: Mounting plugin TcpMessaging
LogPluginManager: Mounting plugin UdpMessaging
LogPluginManager: Mounting plugin ActorSequence
LogPluginManager: Mounting plugin LevelSequenceEditor
LogPluginManager: Mounting plugin MatineeToLevelSequence
LogPluginManager: Mounting plugin NetcodeUnitTest
LogPluginManager: Mounting plugin NUTUnrealEngine4
LogPluginManager: Mounting plugin OnlineSubsystemGooglePlay
LogPluginManager: Mounting plugin OnlineSubsystemIOS
LogPluginManager: Mounting plugin OnlineSubsystem
LogPluginManager: Mounting plugin OnlineSubsystemNull
LogPluginManager: Mounting plugin OnlineSubsystemUtils
LogPluginManager: Mounting plugin LauncherChunkInstaller
LogPluginManager: Mounting plugin AndroidDeviceProfileSelector
LogPluginManager: Mounting plugin AndroidMoviePlayer
LogPluginManager: Mounting plugin AndroidPermission
LogPluginManager: Mounting plugin AppleImageUtils
LogPluginManager: Mounting plugin AppleMoviePlayer
LogPluginManager: Mounting plugin ArchVisCharacter
LogPluginManager: Mounting plugin AssetTags
LogPluginManager: Mounting plugin AudioCapture
LogPluginManager: Mounting plugin CableComponent
LogPluginManager: Mounting plugin CustomMeshComponent
LogPluginManager: Mounting plugin EditableMesh
LogPluginManager: Mounting plugin ExampleDeviceProfileSelector
LogPluginManager: Mounting plugin GoogleCloudMessaging
LogPluginManager: Mounting plugin IOSDeviceProfileSelector
LogPluginManager: Mounting plugin LinuxDeviceProfileSelector
LogPluginManager: Mounting plugin LocationServicesBPLibrary
LogPluginManager: Mounting plugin MobilePatchingUtils
LogPluginManager: Mounting plugin OculusVR
LogPluginManager: Mounting plugin PhysXVehicles
LogPluginManager: Mounting plugin PostSplashScreen
LogPluginManager: Mounting plugin ProceduralMeshComponent
LogPluginManager: Mounting plugin RuntimePhysXCooking
LogPluginManager: Mounting plugin SignificanceManager
LogPluginManager: Mounting plugin SteamVR
LogPluginManager: Mounting plugin WebMMoviePlayer
LogPluginManager: Mounting plugin WindowsMoviePlayer
LogPluginManager: Mounting plugin ScreenshotTools
LogInit: Using libcurl 7.55.1-DEV
LogInit:  - built for x86_64-pc-win32
LogInit:  - supports SSL with OpenSSL/1.1.1
LogInit:  - supports HTTP deflate (compression) using libz 1.2.8
LogInit:  - other features:
LogInit:      CURL_VERSION_SSL
LogInit:      CURL_VERSION_LIBZ
LogInit:      CURL_VERSION_IPV6
LogInit:      CURL_VERSION_ASYNCHDNS
LogInit:      CURL_VERSION_LARGEFILE
LogInit:      CURL_VERSION_IDN
LogInit:  CurlRequestOptions (configurable via config and command line):
LogInit:  - bVerifyPeer = true  - Libcurl will verify peer certificate
LogInit:  - bUseHttpProxy = false  - Libcurl will NOT use HTTP proxy
LogInit:  - bDontReuseConnections = false  - Libcurl will reuse connections
LogInit:  - MaxHostConnections = 16  - Libcurl will limit the number of connections to a host
LogInit:  - LocalHostAddr = Default
LogInit:  - BufferSize = 65536
LogOnline: OSS: Creating online subsystem instance for: NULL
LogInit: WinSock: version 1.1 (2.2), MaxSocks=32767, MaxUdp=65467
LogOnline: OSS: TryLoadSubsystemAndSetDefault: Loaded subsystem for module [NULL]
LogInit: Build: ++UE4+Release-4.24-CL-10570792
LogInit: Engine Version: 4.24.0-10570792+++UE4+Release-4.24
LogInit: Compatible Engine Version: 4.24.0-10570792+++UE4+Release-4.24
LogInit: Net CL: 10570792
LogInit: OS: Windows 7 (Service Pack 1), CPU: Intel(R) Core(TM) i3-4160 CPU @ 3.60GHz, GPU: NVIDIA GeForce GTX 1650
LogInit: Compiled (64-bit): Dec  6 2019 02:05:13
LogInit: Compiled with Visual C++: 19.16.27032.01
LogInit: Build Configuration: Development
LogInit: Branch Name: ++UE4+Release-4.24
LogInit: Command Line: 
LogInit: Base Directory: D:/Epic Games/UE_4.24/Engine/Binaries/Win64/
LogInit: Installed Engine Build: 1
LogDevObjectVersion: Number of dev versions registered: 25
LogDevObjectVersion:   Dev-Blueprints (B0D832E4-1F89-4F0D-ACCF-7EB736FD4AA2): 10
LogDevObjectVersion:   Dev-Build (E1C64328-A22C-4D53-A36C-8E866417BD8C): 0
LogDevObjectVersion:   Dev-Core (375EC13C-06E4-48FB-B500-84F0262A717E): 3
LogDevObjectVersion:   Dev-Editor (E4B068ED-F494-42E9-A231-DA0B2E46BB41): 37
LogDevObjectVersion:   Dev-Framework (CFFC743F-43B0-4480-9391-14DF171D2073): 36
LogDevObjectVersion:   Dev-Mobile (B02B49B5-BB20-44E9-A304-32B752E40360): 2
LogDevObjectVersion:   Dev-Networking (A4E4105C-59A1-49B5-A7C5-40C4547EDFEE): 0
LogDevObjectVersion:   Dev-Online (39C831C9-5AE6-47DC-9A44-9C173E1C8E7C): 0
LogDevObjectVersion:   Dev-Physics (78F01B33-EBEA-4F98-B9B4-84EACCB95AA2): 2
LogDevObjectVersion:   Dev-Platform (6631380F-2D4D-43E0-8009-CF276956A95A): 0
LogDevObjectVersion:   Dev-Rendering (12F88B9F-8875-4AFC-A67C-D90C383ABD29): 36
LogDevObjectVersion:   Dev-Sequencer (7B5AE74C-D270-4C10-A958-57980B212A5A): 11
LogDevObjectVersion:   Dev-VR (D7296918-1DD6-4BDD-9DE2-64A83CC13884): 2
LogDevObjectVersion:   Dev-LoadTimes (C2A15278-BFE7-4AFE-6C17-90FF531DF755): 1
LogDevObjectVersion:   Private-Geometry (6EACA3D4-40EC-4CC1-B786-8BED09428FC5): 3
LogDevObjectVersion:   Dev-AnimPhys (29E575DD-E0A3-4627-9D10-D276232CDCEA): 17
LogDevObjectVersion:   Dev-Anim (AF43A65D-7FD3-4947-9873-3E8ED9C1BB05): 2
LogDevObjectVersion:   Dev-ReflectionCapture (6B266CEC-1EC7-4B8F-A30B-E4D90942FC07): 1
LogDevObjectVersion:   Dev-Automation (0DF73D61-A23F-47EA-B727-89E90C41499A): 1
LogDevObjectVersion:   FortniteMain (601D1886-AC64-4F84-AA16-D3DE0DEAC7D6): 31
LogDevObjectVersion:   Dev-Enterprise (9DFFBCD6-494F-0158-E221-12823C92A888): 8
LogDevObjectVersion:   Dev-Niagara (F2AED0AC-9AFE-416F-8664-AA7FFA26D6FC): 1
LogDevObjectVersion:   Dev-Destruction (174F1F0B-B4C6-45A5-B13F-2EE8D0FB917D): 9
LogDevObjectVersion:   Dev-Physics-Ext (35F94A83-E258-406C-A318-09F59610247C): 8
LogDevObjectVersion:   Dev-CineCamera (B2E18506-4273-CFC2-A54E-F4BB758BBA07): 1
LogInit: Presizing for max 25165824 objects, including 0 objects not considered by GC, pre-allocating 0 bytes for permanent pool.
LogInit: Object subsystem initialized
LogConfig: Setting CVar [[con.DebugEarlyDefault:1]]
LogConfig: Setting CVar [[r.setres:1280x720]]
[2019.12.27-18.45.06:127][  0]LogConfig: Setting CVar [[r.VSync:0]]
[2019.12.27-18.45.06:127][  0]LogConfig: Setting CVar [[r.RHICmdBypass:0]]
[2019.12.27-18.45.06:127][  0]LogConfig: Applying CVar settings from Section [/Script/Engine.RendererSettings] File [D:/Game Devlopment/Unreal Games/BuildingEscape/BuildingEscape/Saved/Config/Windows/Engine.ini]
[2019.12.27-18.45.06:127][  0]LogConfig: Setting CVar [[r.GPUCrashDebugging:0]]
[2019.12.27-18.45.06:127][  0]LogConfig: Applying CVar settings from Section [/Script/Engine.RendererOverrideSettings] File [D:/Game Devlopment/Unreal Games/BuildingEscape/BuildingEscape/Saved/Config/Windows/Engine.ini]
[2019.12.27-18.45.06:127][  0]LogConfig: Applying CVar settings from Section [/Script/Engine.StreamingSettings] File [D:/Game Devlopment/Unreal Games/BuildingEscape/BuildingEscape/Saved/Config/Windows/Engine.ini]
[2019.12.27-18.45.06:127][  0]LogConfig: Setting CVar [[s.MinBulkDataSizeForAsyncLoading:131072]]
[2019.12.27-18.45.06:127][  0]LogConfig: Setting CVar [[s.AsyncLoadingThreadEnabled:0]]
[2019.12.27-18.45.06:127][  0]LogConfig: Setting CVar [[s.EventDrivenLoaderEnabled:1]]
[2019.12.27-18.45.06:127][  0]LogConfig: Setting CVar [[s.WarnIfTimeLimitExceeded:0]]
[2019.12.27-18.45.06:127][  0]LogConfig: Setting CVar [[s.TimeLimitExceededMultiplier:1.5]]
[2019.12.27-18.45.06:127][  0]LogConfig: Setting CVar [[s.TimeLimitExceededMinTime:0.005]]
[2019.12.27-18.45.06:127][  0]LogConfig: Setting CVar [[s.UseBackgroundLevelStreaming:1]]
[2019.12.27-18.45.06:127][  0]LogConfig: Setting CVar [[s.PriorityAsyncLoadingExtraTime:15.0]]
[2019.12.27-18.45.06:127][  0]LogConfig: Setting CVar [[s.LevelStreamingActorsUpdateTimeLimit:5.0]]
[2019.12.27-18.45.06:127][  0]LogConfig: Setting CVar [[s.PriorityLevelStreamingActorsUpdateExtraTime:5.0]]
[2019.12.27-18.45.06:127][  0]LogConfig: Setting CVar [[s.LevelStreamingComponentsRegistrationGranularity:10]]
[2019.12.27-18.45.06:127][  0]LogConfig: Setting CVar [[s.UnregisterComponentsTimeLimit:1.0]]
[2019.12.27-18.45.06:127][  0]LogConfig: Setting CVar [[s.LevelStreamingComponentsUnregistrationGranularity:5]]
[2019.12.27-18.45.06:127][  0]LogConfig: Setting CVar [[s.FlushStreamingOnExit:1]]
[2019.12.27-18.45.06:127][  0]LogConfig: Applying CVar settings from Section [/Script/Engine.GarbageCollectionSettings] File [D:/Game Devlopment/Unreal Games/BuildingEscape/BuildingEscape/Saved/Config/Windows/Engine.ini]
[2019.12.27-18.45.06:127][  0]LogConfig: Setting CVar [[gc.MaxObjectsNotConsideredByGC:1]]
[2019.12.27-18.45.06:127][  0]LogConfig: Setting CVar [[gc.SizeOfPermanentObjectPool:0]]
[2019.12.27-18.45.06:127][  0]LogConfig: Setting CVar [[gc.FlushStreamingOnGC:0]]
[2019.12.27-18.45.06:127][  0]LogConfig: Setting CVar [[gc.NumRetriesBeforeForcingGC:10]]
[2019.12.27-18.45.06:127][  0]LogConfig: Setting CVar [[gc.AllowParallelGC:1]]
[2019.12.27-18.45.06:127][  0]LogConfig: Setting CVar [[gc.TimeBetweenPurgingPendingKillObjects:61.1]]
[2019.12.27-18.45.06:127][  0]LogConfig: Setting CVar [[gc.MaxObjectsInEditor:25165824]]
[2019.12.27-18.45.06:127][  0]LogConfig: Setting CVar [[gc.IncrementalBeginDestroyEnabled:1]]
[2019.12.27-18.45.06:127][  0]LogConfig: Setting CVar [[gc.CreateGCClusters:1]]
[2019.12.27-18.45.06:127][  0]LogConfig: Setting CVar [[gc.MinGCClusterSize:5]]
[2019.12.27-18.45.06:127][  0]LogConfig: Setting CVar [[gc.ActorClusteringEnabled:0]]
[2019.12.27-18.45.06:127][  0]LogConfig: Setting CVar [[gc.BlueprintClusteringEnabled:0]]
[2019.12.27-18.45.06:127][  0]LogConfig: Setting CVar [[gc.UseDisregardForGCOnDedicatedServers:0]]
[2019.12.27-18.45.06:127][  0]LogConfig: Applying CVar settings from Section [/Script/Engine.NetworkSettings] File [D:/Game Devlopment/Unreal Games/BuildingEscape/BuildingEscape/Saved/Config/Windows/Engine.ini]
[2019.12.27-18.45.06:127][  0]LogConfig: Applying CVar settings from Section [/Script/UnrealEd.CookerSettings] File [D:/Game Devlopment/Unreal Games/BuildingEscape/BuildingEscape/Saved/Config/Windows/Engine.ini]
[2019.12.27-18.45.06:130][  0]LogConfig: Applying CVar settings from Section [ViewDistanceQuality@3] File [D:/Game Devlopment/Unreal Games/BuildingEscape/BuildingEscape/Saved/Config/Windows/Scalability.ini]
[2019.12.27-18.45.06:130][  0]LogConfig: Setting CVar [[r.SkeletalMeshLODBias:0]]
[2019.12.27-18.45.06:130][  0]LogConfig: Setting CVar [[r.ViewDistanceScale:1.0]]
[2019.12.27-18.45.06:130][  0]LogConfig: Applying CVar settings from Section [AntiAliasingQuality@3] File [D:/Game Devlopment/Unreal Games/BuildingEscape/BuildingEscape/Saved/Config/Windows/Scalability.ini]
[2019.12.27-18.45.06:130][  0]LogConfig: Setting CVar [[r.PostProcessAAQuality:4]]
[2019.12.27-18.45.06:130][  0]LogConfig: Applying CVar settings from Section [ShadowQuality@3] File [D:/Game Devlopment/Unreal Games/BuildingEscape/BuildingEscape/Saved/Config/Windows/Scalability.ini]
[2019.12.27-18.45.06:130][  0]LogConfig: Setting CVar [[r.LightFunctionQuality:1]]
[2019.12.27-18.45.06:130][  0]LogConfig: Setting CVar [[r.ShadowQuality:5]]
[2019.12.27-18.45.06:130][  0]LogConfig: Setting CVar [[r.Shadow.CSM.MaxCascades:10]]
[2019.12.27-18.45.06:130][  0]LogConfig: Setting CVar [[r.Shadow.MaxResolution:2048]]
[2019.12.27-18.45.06:130][  0]LogConfig: Setting CVar [[r.Shadow.MaxCSMResolution:2048]]
[2019.12.27-18.45.06:130][  0]LogConfig: Setting CVar [[r.Shadow.RadiusThreshold:0.01]]
[2019.12.27-18.45.06:130][  0]LogConfig: Setting CVar [[r.Shadow.DistanceScale:1.0]]
[2019.12.27-18.45.06:130][  0]LogConfig: Setting CVar [[r.Shadow.CSM.TransitionScale:1.0]]
[2019.12.27-18.45.06:130][  0]LogConfig: Setting CVar [[r.Shadow.PreShadowResolutionFactor:1.0]]
[2019.12.27-18.45.06:130][  0]LogConfig: Setting CVar [[r.DistanceFieldShadowing:1]]
[2019.12.27-18.45.06:130][  0]LogConfig: Setting CVar [[r.DistanceFieldAO:1]]
[2019.12.27-18.45.06:130][  0]LogConfig: Setting CVar [[r.AOQuality:2]]
[2019.12.27-18.45.06:130][  0]LogConfig: Setting CVar [[r.VolumetricFog:1]]
[2019.12.27-18.45.06:130][  0]LogConfig: Setting CVar [[r.VolumetricFog.GridPixelSize:8]]
[2019.12.27-18.45.06:130][  0]LogConfig: Setting CVar [[r.VolumetricFog.GridSizeZ:128]]
[2019.12.27-18.45.06:130][  0]LogConfig: Setting CVar [[r.VolumetricFog.HistoryMissSupersampleCount:4]]
[2019.12.27-18.45.06:130][  0]LogConfig: Setting CVar [[r.LightMaxDrawDistanceScale:1]]
[2019.12.27-18.45.06:130][  0]LogConfig: Setting CVar [[r.CapsuleShadows:1]]
[2019.12.27-18.45.06:130][  0]LogConfig: Applying CVar settings from Section [PostProcessQuality@3] File [D:/Game Devlopment/Unreal Games/BuildingEscape/BuildingEscape/Saved/Config/Windows/Scalability.ini]
[2019.12.27-18.45.06:130][  0]LogConfig: Setting CVar [[r.MotionBlurQuality:4]]
[2019.12.27-18.45.06:130][  0]LogConfig: Setting CVar [[r.AmbientOcclusionMipLevelFactor:0.4]]
[2019.12.27-18.45.06:130][  0]LogConfig: Setting CVar [[r.AmbientOcclusionMaxQuality:100]]
[2019.12.27-18.45.06:130][  0]LogConfig: Setting CVar [[r.AmbientOcclusionLevels:-1]]
[2019.12.27-18.45.06:130][  0]LogConfig: Setting CVar [[r.AmbientOcclusionRadiusScale:1.0]]
[2019.12.27-18.45.06:130][  0]LogConfig: Setting CVar [[r.DepthOfFieldQuality:2]]
[2019.12.27-18.45.06:130][  0]LogConfig: Setting CVar [[r.RenderTargetPoolMin:400]]
[2019.12.27-18.45.06:130][  0]LogConfig: Setting CVar [[r.LensFlareQuality:2]]
[2019.12.27-18.45.06:130][  0]LogConfig: Setting CVar [[r.SceneColorFringeQuality:1]]
[2019.12.27-18.45.06:130][  0]LogConfig: Setting CVar [[r.EyeAdaptationQuality:2]]
[2019.12.27-18.45.06:130][  0]LogConfig: Setting CVar [[r.BloomQuality:5]]
[2019.12.27-18.45.06:130][  0]LogConfig: Setting CVar [[r.FastBlurThreshold:100]]
[2019.12.27-18.45.06:130][  0]LogConfig: Setting CVar [[r.Upscale.Quality:3]]
[2019.12.27-18.45.06:130][  0]LogConfig: Setting CVar [[r.Tonemapper.GrainQuantization:1]]
[2019.12.27-18.45.06:130][  0]LogConfig: Setting CVar [[r.LightShaftQuality:1]]
[2019.12.27-18.45.06:130][  0]LogConfig: Setting CVar [[r.Filter.SizeScale:1]]
[2019.12.27-18.45.06:130][  0]LogConfig: Setting CVar [[r.Tonemapper.Quality:5]]
[2019.12.27-18.45.06:130][  0]LogConfig: Setting CVar [[r.DOF.Gather.AccumulatorQuality:1        ; higher gathering accumulator quality]]
[2019.12.27-18.45.06:130][  0]LogConfig: Setting CVar [[r.DOF.Gather.PostfilterMethod:1          ; Median3x3 postfilering method]]
[2019.12.27-18.45.06:130][  0]LogConfig: Setting CVar [[r.DOF.Gather.EnableBokehSettings:0       ; no bokeh simulation when gathering]]
[2019.12.27-18.45.06:130][  0]LogConfig: Setting CVar [[r.DOF.Gather.RingCount:4                 ; medium number of samples when gathering]]
[2019.12.27-18.45.06:130][  0]LogConfig: Setting CVar [[r.DOF.Scatter.ForegroundCompositing:1    ; additive foreground scattering]]
[2019.12.27-18.45.06:130][  0]LogConfig: Setting CVar [[r.DOF.Scatter.BackgroundCompositing:2    ; additive background scattering]]
[2019.12.27-18.45.06:130][  0]LogConfig: Setting CVar [[r.DOF.Scatter.EnableBokehSettings:1      ; bokeh simulation when scattering]]
[2019.12.27-18.45.06:130][  0]LogConfig: Setting CVar [[r.DOF.Scatter.MaxSpriteRatio:0.1         ; only a maximum of 10% of scattered bokeh]]
[2019.12.27-18.45.06:130][  0]LogConfig: Setting CVar [[r.DOF.Recombine.Quality:1                ; cheap slight out of focus]]
[2019.12.27-18.45.06:130][  0]LogConfig: Setting CVar [[r.DOF.Recombine.EnableBokehSettings:0    ; no bokeh simulation on slight out of focus]]
[2019.12.27-18.45.06:130][  0]LogConfig: Setting CVar [[r.DOF.TemporalAAQuality:1                ; more stable temporal accumulation]]
[2019.12.27-18.45.06:130][  0]LogConfig: Setting CVar [[r.DOF.Kernel.MaxForegroundRadius:0.025]]
[2019.12.27-18.45.06:130][  0]LogConfig: Setting CVar [[r.DOF.Kernel.MaxBackgroundRadius:0.025]]
[2019.12.27-18.45.06:130][  0]LogConfig: Applying CVar settings from Section [TextureQuality@3] File [D:/Game Devlopment/Unreal Games/BuildingEscape/BuildingEscape/Saved/Config/Windows/Scalability.ini]
[2019.12.27-18.45.06:130][  0]LogConfig: Setting CVar [[r.Streaming.MipBias:0]]
[2019.12.27-18.45.06:130][  0]LogConfig: Setting CVar [[r.Streaming.AmortizeCPUToGPUCopy:0]]
[2019.12.27-18.45.06:130][  0]LogConfig: Setting CVar [[r.Streaming.MaxNumTexturesToStreamPerFrame:0]]
[2019.12.27-18.45.06:130][  0]LogConfig: Setting CVar [[r.Streaming.Boost:1]]
[2019.12.27-18.45.06:130][  0]LogConfig: Setting CVar [[r.MaxAnisotropy:8]]
[2019.12.27-18.45.06:130][  0]LogConfig: Setting CVar [[r.VT.MaxAnisotropy:8]]
[2019.12.27-18.45.06:130][  0]LogConfig: Setting CVar [[r.Streaming.LimitPoolSizeToVRAM:0]]
[2019.12.27-18.45.06:130][  0]LogConfig: Setting CVar [[r.Streaming.PoolSize:1000]]
[2019.12.27-18.45.06:131][  0]LogConfig: Setting CVar [[r.Streaming.MaxEffectiveScreenSize:0]]
[2019.12.27-18.45.06:131][  0]LogConfig: Applying CVar settings from Section [EffectsQuality@3] File [D:/Game Devlopment/Unreal Games/BuildingEscape/BuildingEscape/Saved/Config/Windows/Scalability.ini]
[2019.12.27-18.45.06:131][  0]LogConfig: Setting CVar [[r.TranslucencyLightingVolumeDim:64]]
[2019.12.27-18.45.06:131][  0]LogConfig: Setting CVar [[r.RefractionQuality:2]]
[2019.12.27-18.45.06:131][  0]LogConfig: Setting CVar [[r.SSR.Quality:3]]
[2019.12.27-18.45.06:131][  0]LogConfig: Setting CVar [[r.SSR.HalfResSceneColor:0]]
[2019.12.27-18.45.06:131][  0]LogConfig: Setting CVar [[r.SceneColorFormat:4]]
[2019.12.27-18.45.06:131][  0]LogConfig: Setting CVar [[r.DetailMode:2]]
[2019.12.27-18.45.06:131][  0]LogConfig: Setting CVar [[r.TranslucencyVolumeBlur:1]]
[2019.12.27-18.45.06:131][  0]LogConfig: Setting CVar [[r.MaterialQualityLevel:1 ; High quality]]
[2019.12.27-18.45.06:131][  0]LogConfig: Setting CVar [[r.SSS.Scale:1]]
[2019.12.27-18.45.06:131][  0]LogConfig: Setting CVar [[r.SSS.SampleSet:2]]
[2019.12.27-18.45.06:131][  0]LogConfig: Setting CVar [[r.SSS.Quality:1]]
[2019.12.27-18.45.06:131][  0]LogConfig: Setting CVar [[r.SSS.HalfRes:1]]
[2019.12.27-18.45.06:131][  0]LogConfig: Setting CVar [[r.SSGI.Quality:3]]
[2019.12.27-18.45.06:131][  0]LogConfig: Setting CVar [[r.EmitterSpawnRateScale:1.0]]
[2019.12.27-18.45.06:131][  0]LogConfig: Setting CVar [[r.ParticleLightQuality:2]]
[2019.12.27-18.45.06:131][  0]LogConfig: Setting CVar [[r.SkyAtmosphere.AerialPerspectiveLUT.FastApplyOnOpaque:1 ; Always have FastSkyLUT 1 in this case to avoid wrong sky]]
[2019.12.27-18.45.06:131][  0]LogConfig: Setting CVar [[r.SkyAtmosphere.AerialPerspectiveLUT.SampleCountPerSlice:1]]
[2019.12.27-18.45.06:131][  0]LogConfig: Setting CVar [[r.SkyAtmosphere.AerialPerspectiveLUT.DepthResolution:16.0]]
[2019.12.27-18.45.06:131][  0]LogConfig: Setting CVar [[r.SkyAtmosphere.FastSkyLUT:1]]
[2019.12.27-18.45.06:131][  0]LogConfig: Setting CVar [[r.SkyAtmosphere.FastSkyLUT.SampleCountMin:4.0]]
[2019.12.27-18.45.06:131][  0]LogConfig: Setting CVar [[r.SkyAtmosphere.FastSkyLUT.SampleCountMax:32.0]]
[2019.12.27-18.45.06:131][  0]LogConfig: Setting CVar [[r.SkyAtmosphere.SampleCountMin:4.0]]
[2019.12.27-18.45.06:131][  0]LogConfig: Setting CVar [[r.SkyAtmosphere.SampleCountMax:32.0]]
[2019.12.27-18.45.06:131][  0]LogConfig: Setting CVar [[r.SkyAtmosphere.TransmittanceLUT.UseSmallFormat:0]]
[2019.12.27-18.45.06:131][  0]LogConfig: Setting CVar [[r.SkyAtmosphere.TransmittanceLUT.SampleCount:10.0]]
[2019.12.27-18.45.06:131][  0]LogConfig: Setting CVar [[r.SkyAtmosphere.MultiScatteringLUT.SampleCount:15.0]]
[2019.12.27-18.45.06:131][  0]LogConfig: Applying CVar settings from Section [FoliageQuality@3] File [D:/Game Devlopment/Unreal Games/BuildingEscape/BuildingEscape/Saved/Config/Windows/Scalability.ini]
[2019.12.27-18.45.06:131][  0]LogConfig: Setting CVar [[foliage.DensityScale:1.0]]
[2019.12.27-18.45.06:131][  0]LogConfig: Setting CVar [[grass.DensityScale:1.0]]
[2019.12.27-18.45.06:131][  0]LogConfig: Applying CVar settings from Section [ShadingQuality@3] File [D:/Game Devlopment/Unreal Games/BuildingEscape/BuildingEscape/Saved/Config/Windows/Scalability.ini]
[2019.12.27-18.45.06:131][  0]LogConfig: Setting CVar [[r.HairStrands.SkyLighting.SampleCount:16]]
[2019.12.27-18.45.06:131][  0]LogConfig: Setting CVar [[r.HairStrands.SkyLighting.JitterIntegration:0]]
[2019.12.27-18.45.06:131][  0]LogConfig: Setting CVar [[r.HairStrands.SkyAO.SampleCount:16]]
[2019.12.27-18.45.06:131][  0]LogInit: Selected Device Profile: [Windows]
[2019.12.27-18.45.06:131][  0]LogInit: Applying CVar settings loaded from the selected device profile: [Windows]
[2019.12.27-18.45.06:162][  0]LogHAL: Display: Platform has ~ 8 GB [8448454656 / 8589934592 / 8], which maps to Default [LargestMinGB=32, LargerMinGB=12, DefaultMinGB=8, SmallerMinGB=6, SmallestMinGB=0)
[2019.12.27-18.45.06:162][  0]LogInit: Going up to parent DeviceProfile []
[2019.12.27-18.45.06:162][  0]LogConfig: Applying CVar settings from Section [ViewDistanceQuality@3] File [D:/Game Devlopment/Unreal Games/BuildingEscape/BuildingEscape/Saved/Config/Windows/Scalability.ini]
[2019.12.27-18.45.06:162][  0]LogConfig: Setting CVar [[r.SkeletalMeshLODBias:0]]
[2019.12.27-18.45.06:162][  0]LogConfig: Setting CVar [[r.ViewDistanceScale:1.0]]
[2019.12.27-18.45.06:162][  0]LogConfig: Applying CVar settings from Section [AntiAliasingQuality@3] File [D:/Game Devlopment/Unreal Games/BuildingEscape/BuildingEscape/Saved/Config/Windows/Scalability.ini]
[2019.12.27-18.45.06:162][  0]LogConfig: Setting CVar [[r.PostProcessAAQuality:4]]
[2019.12.27-18.45.06:162][  0]LogConfig: Applying CVar settings from Section [ShadowQuality@3] File [D:/Game Devlopment/Unreal Games/BuildingEscape/BuildingEscape/Saved/Config/Windows/Scalability.ini]
[2019.12.27-18.45.06:162][  0]LogConfig: Setting CVar [[r.LightFunctionQuality:1]]
[2019.12.27-18.45.06:162][  0]LogConfig: Setting CVar [[r.ShadowQuality:5]]
[2019.12.27-18.45.06:162][  0]LogConfig: Setting CVar [[r.Shadow.CSM.MaxCascades:10]]
[2019.12.27-18.45.06:162][  0]LogConfig: Setting CVar [[r.Shadow.MaxResolution:2048]]
[2019.12.27-18.45.06:162][  0]LogConfig: Setting CVar [[r.Shadow.MaxCSMResolution:2048]]
[2019.12.27-18.45.06:162][  0]LogConfig: Setting CVar [[r.Shadow.RadiusThreshold:0.01]]
[2019.12.27-18.45.06:162][  0]LogConfig: Setting CVar [[r.Shadow.DistanceScale:1.0]]
[2019.12.27-18.45.06:162][  0]LogConfig: Setting CVar [[r.Shadow.CSM.TransitionScale:1.0]]
[2019.12.27-18.45.06:162][  0]LogConfig: Setting CVar [[r.Shadow.PreShadowResolutionFactor:1.0]]
[2019.12.27-18.45.06:162][  0]LogConfig: Setting CVar [[r.DistanceFieldShadowing:1]]
[2019.12.27-18.45.06:163][  0]LogConfig: Setting CVar [[r.DistanceFieldAO:1]]
[2019.12.27-18.45.06:163][  0]LogConfig: Setting CVar [[r.AOQuality:2]]
[2019.12.27-18.45.06:163][  0]LogConfig: Setting CVar [[r.VolumetricFog:1]]
[2019.12.27-18.45.06:163][  0]LogConfig: Setting CVar [[r.VolumetricFog.GridPixelSize:8]]
[2019.12.27-18.45.06:163][  0]LogConfig: Setting CVar [[r.VolumetricFog.GridSizeZ:128]]
[2019.12.27-18.45.06:163][  0]LogConfig: Setting CVar [[r.VolumetricFog.HistoryMissSupersampleCount:4]]
[2019.12.27-18.45.06:163][  0]LogConfig: Setting CVar [[r.LightMaxDrawDistanceScale:1]]
[2019.12.27-18.45.06:163][  0]LogConfig: Setting CVar [[r.CapsuleShadows:1]]
[2019.12.27-18.45.06:163][  0]LogConfig: Applying CVar settings from Section [PostProcessQuality@3] File [D:/Game Devlopment/Unreal Games/BuildingEscape/BuildingEscape/Saved/Config/Windows/Scalability.ini]
[2019.12.27-18.45.06:163][  0]LogConfig: Setting CVar [[r.MotionBlurQuality:4]]
[2019.12.27-18.45.06:163][  0]LogConfig: Setting CVar [[r.AmbientOcclusionMipLevelFactor:0.4]]
[2019.12.27-18.45.06:163][  0]LogConfig: Setting CVar [[r.AmbientOcclusionMaxQuality:100]]
[2019.12.27-18.45.06:163][  0]LogConfig: Setting CVar [[r.AmbientOcclusionLevels:-1]]
[2019.12.27-18.45.06:163][  0]LogConfig: Setting CVar [[r.AmbientOcclusionRadiusScale:1.0]]
[2019.12.27-18.45.06:163][  0]LogConfig: Setting CVar [[r.DepthOfFieldQuality:2]]
[2019.12.27-18.45.06:163][  0]LogConfig: Setting CVar [[r.RenderTargetPoolMin:400]]
[2019.12.27-18.45.06:163][  0]LogConfig: Setting CVar [[r.LensFlareQuality:2]]
[2019.12.27-18.45.06:163][  0]LogConfig: Setting CVar [[r.SceneColorFringeQuality:1]]
[2019.12.27-18.45.06:163][  0]LogConfig: Setting CVar [[r.EyeAdaptationQuality:2]]
[2019.12.27-18.45.06:163][  0]LogConfig: Setting CVar [[r.BloomQuality:5]]
[2019.12.27-18.45.06:163][  0]LogConfig: Setting CVar [[r.FastBlurThreshold:100]]
[2019.12.27-18.45.06:163][  0]LogConfig: Setting CVar [[r.Upscale.Quality:3]]
[2019.12.27-18.45.06:163][  0]LogConfig: Setting CVar [[r.Tonemapper.GrainQuantization:1]]
[2019.12.27-18.45.06:163][  0]LogConfig: Setting CVar [[r.LightShaftQuality:1]]
[2019.12.27-18.45.06:163][  0]LogConfig: Setting CVar [[r.Filter.SizeScale:1]]
[2019.12.27-18.45.06:163][  0]LogConfig: Setting CVar [[r.Tonemapper.Quality:5]]
[2019.12.27-18.45.06:163][  0]LogConfig: Setting CVar [[r.DOF.Gather.AccumulatorQuality:1        ; higher gathering accumulator quality]]
[2019.12.27-18.45.06:163][  0]LogConfig: Setting CVar [[r.DOF.Gather.PostfilterMethod:1          ; Median3x3 postfilering method]]
[2019.12.27-18.45.06:163][  0]LogConfig: Setting CVar [[r.DOF.Gather.EnableBokehSettings:0       ; no bokeh simulation when gathering]]
[2019.12.27-18.45.06:163][  0]LogConfig: Setting CVar [[r.DOF.Gather.RingCount:4                 ; medium number of samples when gathering]]
[2019.12.27-18.45.06:163][  0]LogConfig: Setting CVar [[r.DOF.Scatter.ForegroundCompositing:1    ; additive foreground scattering]]
[2019.12.27-18.45.06:163][  0]LogConfig: Setting CVar [[r.DOF.Scatter.BackgroundCompositing:2    ; additive background scattering]]
[2019.12.27-18.45.06:163][  0]LogConfig: Setting CVar [[r.DOF.Scatter.EnableBokehSettings:1      ; bokeh simulation when scattering]]
[2019.12.27-18.45.06:163][  0]LogConfig: Setting CVar [[r.DOF.Scatter.MaxSpriteRatio:0.1         ; only a maximum of 10% of scattered bokeh]]
[2019.12.27-18.45.06:163][  0]LogConfig: Setting CVar [[r.DOF.Recombine.Quality:1                ; cheap slight out of focus]]
[2019.12.27-18.45.06:163][  0]LogConfig: Setting CVar [[r.DOF.Recombine.EnableBokehSettings:0    ; no bokeh simulation on slight out of focus]]
[2019.12.27-18.45.06:163][  0]LogConfig: Setting CVar [[r.DOF.TemporalAAQuality:1                ; more stable temporal accumulation]]
[2019.12.27-18.45.06:163][  0]LogConfig: Setting CVar [[r.DOF.Kernel.MaxForegroundRadius:0.025]]
[2019.12.27-18.45.06:163][  0]LogConfig: Setting CVar [[r.DOF.Kernel.MaxBackgroundRadius:0.025]]
[2019.12.27-18.45.06:163][  0]LogConfig: Applying CVar settings from Section [TextureQuality@3] File [D:/Game Devlopment/Unreal Games/BuildingEscape/BuildingEscape/Saved/Config/Windows/Scalability.ini]
[2019.12.27-18.45.06:163][  0]LogConfig: Setting CVar [[r.Streaming.MipBias:0]]
[2019.12.27-18.45.06:163][  0]LogConfig: Setting CVar [[r.Streaming.AmortizeCPUToGPUCopy:0]]
[2019.12.27-18.45.06:163][  0]LogConfig: Setting CVar [[r.Streaming.MaxNumTexturesToStreamPerFrame:0]]
[2019.12.27-18.45.06:163][  0]LogConfig: Setting CVar [[r.Streaming.Boost:1]]
[2019.12.27-18.45.06:163][  0]LogConfig: Setting CVar [[r.MaxAnisotropy:8]]
[2019.12.27-18.45.06:163][  0]LogConfig: Setting CVar [[r.VT.MaxAnisotropy:8]]
[2019.12.27-18.45.06:163][  0]LogConfig: Setting CVar [[r.Streaming.LimitPoolSizeToVRAM:0]]
[2019.12.27-18.45.06:163][  0]LogConfig: Setting CVar [[r.Streaming.PoolSize:1000]]
[2019.12.27-18.45.06:163][  0]LogConfig: Setting CVar [[r.Streaming.MaxEffectiveScreenSize:0]]
[2019.12.27-18.45.06:163][  0]LogConfig: Applying CVar settings from Section [EffectsQuality@3] File [D:/Game Devlopment/Unreal Games/BuildingEscape/BuildingEscape/Saved/Config/Windows/Scalability.ini]
[2019.12.27-18.45.06:163][  0]LogConfig: Setting CVar [[r.TranslucencyLightingVolumeDim:64]]
[2019.12.27-18.45.06:163][  0]LogConfig: Setting CVar [[r.RefractionQuality:2]]
[2019.12.27-18.45.06:163][  0]LogConfig: Setting CVar [[r.SSR.Quality:3]]
[2019.12.27-18.45.06:163][  0]LogConfig: Setting CVar [[r.SSR.HalfResSceneColor:0]]
[2019.12.27-18.45.06:163][  0]LogConfig: Setting CVar [[r.SceneColorFormat:4]]
[2019.12.27-18.45.06:163][  0]LogConfig: Setting CVar [[r.DetailMode:2]]
[2019.12.27-18.45.06:163][  0]LogConfig: Setting CVar [[r.TranslucencyVolumeBlur:1]]
[2019.12.27-18.45.06:163][  0]LogConfig: Setting CVar [[r.MaterialQualityLevel:1 ; High quality]]
[2019.12.27-18.45.06:164][  0]LogConfig: Setting CVar [[r.SSS.Scale:1]]
[2019.12.27-18.45.06:164][  0]LogConfig: Setting CVar [[r.SSS.SampleSet:2]]
[2019.12.27-18.45.06:164][  0]LogConfig: Setting CVar [[r.SSS.Quality:1]]
[2019.12.27-18.45.06:164][  0]LogConfig: Setting CVar [[r.SSS.HalfRes:1]]
[2019.12.27-18.45.06:164][  0]LogConfig: Setting CVar [[r.SSGI.Quality:3]]
[2019.12.27-18.45.06:164][  0]LogConfig: Setting CVar [[r.EmitterSpawnRateScale:1.0]]
[2019.12.27-18.45.06:164][  0]LogConfig: Setting CVar [[r.ParticleLightQuality:2]]
[2019.12.27-18.45.06:164][  0]LogConfig: Setting CVar [[r.SkyAtmosphere.AerialPerspectiveLUT.FastApplyOnOpaque:1 ; Always have FastSkyLUT 1 in this case to avoid wrong sky]]
[2019.12.27-18.45.06:164][  0]LogConfig: Setting CVar [[r.SkyAtmosphere.AerialPerspectiveLUT.SampleCountPerSlice:1]]
[2019.12.27-18.45.06:164][  0]LogConfig: Setting CVar [[r.SkyAtmosphere.AerialPerspectiveLUT.DepthResolution:16.0]]
[2019.12.27-18.45.06:164][  0]LogConfig: Setting CVar [[r.SkyAtmosphere.FastSkyLUT:1]]
[2019.12.27-18.45.06:164][  0]LogConfig: Setting CVar [[r.SkyAtmosphere.FastSkyLUT.SampleCountMin:4.0]]
[2019.12.27-18.45.06:164][  0]LogConfig: Setting CVar [[r.SkyAtmosphere.FastSkyLUT.SampleCountMax:32.0]]
[2019.12.27-18.45.06:164][  0]LogConfig: Setting CVar [[r.SkyAtmosphere.SampleCountMin:4.0]]
[2019.12.27-18.45.06:164][  0]LogConfig: Setting CVar [[r.SkyAtmosphere.SampleCountMax:32.0]]
[2019.12.27-18.45.06:164][  0]LogConfig: Setting CVar [[r.SkyAtmosphere.TransmittanceLUT.UseSmallFormat:0]]
[2019.12.27-18.45.06:164][  0]LogConfig: Setting CVar [[r.SkyAtmosphere.TransmittanceLUT.SampleCount:10.0]]
[2019.12.27-18.45.06:164][  0]LogConfig: Setting CVar [[r.SkyAtmosphere.MultiScatteringLUT.SampleCount:15.0]]
[2019.12.27-18.45.06:164][  0]LogConfig: Applying CVar settings from Section [FoliageQuality@3] File [D:/Game Devlopment/Unreal Games/BuildingEscape/BuildingEscape/Saved/Config/Windows/Scalability.ini]
[2019.12.27-18.45.06:164][  0]LogConfig: Setting CVar [[foliage.DensityScale:1.0]]
[2019.12.27-18.45.06:164][  0]LogConfig: Setting CVar [[grass.DensityScale:1.0]]
[2019.12.27-18.45.06:164][  0]LogConfig: Applying CVar settings from Section [ShadingQuality@3] File [D:/Game Devlopment/Unreal Games/BuildingEscape/BuildingEscape/Saved/Config/Windows/Scalability.ini]
[2019.12.27-18.45.06:164][  0]LogConfig: Setting CVar [[r.HairStrands.SkyLighting.SampleCount:16]]
[2019.12.27-18.45.06:164][  0]LogConfig: Setting CVar [[r.HairStrands.SkyLighting.JitterIntegration:0]]
[2019.12.27-18.45.06:164][  0]LogConfig: Setting CVar [[r.HairStrands.SkyAO.SampleCount:16]]
[2019.12.27-18.45.06:164][  0]LogConfig: Applying CVar settings from Section [Startup] File [../../../Engine/Config/ConsoleVariables.ini]
[2019.12.27-18.45.06:182][  0]LogConfig: Setting CVar [[net.UseAdaptiveNetUpdateFrequency:0]]
[2019.12.27-18.45.06:182][  0]LogConfig: Setting CVar [[p.chaos.AllowCreatePhysxBodies:1]]
[2019.12.27-18.45.06:182][  0]LogConfig: Applying CVar settings from Section [ConsoleVariables] File [D:/Game Devlopment/Unreal Games/BuildingEscape/BuildingEscape/Saved/Config/Windows/Engine.ini]
[2019.12.27-18.45.06:182][  0]LogInit: Computer: SWATI-PC
[2019.12.27-18.45.06:182][  0]LogInit: User: Swati
[2019.12.27-18.45.06:182][  0]LogInit: CPU Page size=4096, Cores=2
[2019.12.27-18.45.06:182][  0]LogInit: High frequency timer resolution =3.507548 MHz
[2019.12.27-18.45.06:183][  0]LogMemory: Memory total: Physical=7.9GB (8GB approx)
[2019.12.27-18.45.06:183][  0]LogMemory: Platform Memory Stats for Windows
[2019.12.27-18.45.06:183][  0]LogMemory: Process Physical Memory: 103.79 MB used, 103.79 MB peak
[2019.12.27-18.45.06:183][  0]LogMemory: Process Virtual Memory: 102.58 MB used, 102.58 MB peak
[2019.12.27-18.45.06:183][  0]LogMemory: Physical Memory: 5272.77 MB used,  2784.31 MB free, 8057.07 MB total
[2019.12.27-18.45.06:183][  0]LogMemory: Virtual Memory: 1001.91 MB used,  8387606.00 MB free, 8388608.00 MB total
[2019.12.27-18.45.06:263][  0]LogWindows: WindowsPlatformFeatures enabled
[2019.12.27-18.45.06:751][  0]LogInit: Using OS detected language (en-US).
[2019.12.27-18.45.06:751][  0]LogInit: Using OS detected locale (en-US).
[2019.12.27-18.45.06:808][  0]LogTextLocalizationManager: No specific localization for 'en-US' exists, so the 'en' localization will be used.
[2019.12.27-18.45.07:373][  0]LogWindows: Failed to load 'shcore.dll' (GetLastError=126)
[2019.12.27-18.45.07:373][  0]LogWindows: File 'shcore.dll' does not exist
[2019.12.27-18.45.07:374][  0]LogInit: Setting process to DPI aware
[2019.12.27-18.45.07:775][  0]LogSlate: New Slate User Created.  User Index 0, Is Virtual User: 0
[2019.12.27-18.45.07:775][  0]LogSlate: Slate User Registered.  User Index 0, Is Virtual User: 0
[2019.12.27-18.45.08:488][  0]LogHMD: Failed to initialize OpenVR with code 110
[2019.12.27-18.45.08:488][  0]LogD3D11RHI: D3D11 min allowed feature level: 11_0
[2019.12.27-18.45.08:488][  0]LogD3D11RHI: D3D11 max allowed feature level: 11_0
[2019.12.27-18.45.08:488][  0]LogD3D11RHI: D3D11 adapters:
[2019.12.27-18.45.10:225][  0]LogD3D11RHI:    0. 'NVIDIA GeForce GTX 1650' (Feature Level 11_0)
[2019.12.27-18.45.10:225][  0]LogD3D11RHI:       3950/0/3772 MB DedicatedVideo/DedicatedSystem/SharedSystem, Outputs:1, VendorId:0x10de
[2019.12.27-18.45.10:566][  0]LogD3D11RHI:    1. 'Intel(R) HD Graphics 4400' (Feature Level 11_0)
[2019.12.27-18.45.10:566][  0]LogD3D11RHI:       192/0/1632 MB DedicatedVideo/DedicatedSystem/SharedSystem, Outputs:0, VendorId:0x8086
[2019.12.27-18.45.10:566][  0]LogD3D11RHI: Chosen D3D11 Adapter: 0
[2019.12.27-18.45.10:580][  0]LogD3D11RHI: Creating new Direct3DDevice
[2019.12.27-18.45.10:580][  0]LogD3D11RHI:     GPU DeviceId: 0x1f82 (for the marketing name, search the web for "GPU Device Id")
[2019.12.27-18.45.10:580][  0]LogWindows: EnumDisplayDevices:
[2019.12.27-18.45.10:580][  0]LogWindows:    0. 'NVIDIA GeForce GTX 1650' (P:1 D:1)
[2019.12.27-18.45.10:581][  0]LogWindows:    1. 'NVIDIA GeForce GTX 1650' (P:0 D:0)
[2019.12.27-18.45.10:581][  0]LogWindows:    2. 'NVIDIA GeForce GTX 1650' (P:0 D:0)
[2019.12.27-18.45.10:581][  0]LogWindows:    3. 'NVIDIA GeForce GTX 1650' (P:0 D:0)
[2019.12.27-18.45.10:581][  0]LogWindows:    4. 'Intel(R) HD Graphics 4400' (P:0 D:0)
[2019.12.27-18.45.10:581][  0]LogWindows:    5. 'Intel(R) HD Graphics 4400' (P:0 D:0)
[2019.12.27-18.45.10:581][  0]LogWindows:    6. 'Intel(R) HD Graphics 4400' (P:0 D:0)
[2019.12.27-18.45.10:581][  0]LogWindows:    7. 'RDPDD Chained DD' (P:0 D:0)
[2019.12.27-18.45.10:581][  0]LogWindows:    8. 'RDP Encoder Mirror Driver' (P:0 D:0)
[2019.12.27-18.45.10:581][  0]LogWindows:    9. 'RDP Reflector Display Driver' (P:0 D:0)
[2019.12.27-18.45.10:581][  0]LogWindows: DebugString: PrimaryIsNotTheChoosenAdapter PrimaryIsNotTheChoosenAdapter PrimaryIsNotTheChoosenAdapter GetVideoDriverDetailsInvalid PrimaryIsNotTheChoosenAdapter GetVideoDriverDetailsInvalid PrimaryIsNotTheChoosenAdapter GetVideoDriverDetailsInvalid PrimaryIsNotTheChoosenAdapter FoundDriverCount:4 
[2019.12.27-18.45.10:581][  0]LogD3D11RHI:     Adapter Name: NVIDIA GeForce GTX 1650
[2019.12.27-18.45.10:581][  0]LogD3D11RHI:   Driver Version: 441.08 (internal:26.21.14.4108, unified:441.08)
[2019.12.27-18.45.10:581][  0]LogD3D11RHI:      Driver Date: 10-22-2019
[2019.12.27-18.45.10:581][  0]LogRHI: Texture pool is 2765 MB (70% of 3950 MB)
[2019.12.27-18.45.10:608][  0]LogD3D11RHI: RHI has support for 64 bit atomics
[2019.12.27-18.45.10:609][  0]LogD3D11RHI: Async texture creation enabled
[2019.12.27-18.45.10:619][  0]LogD3D11RHI: GPU Timing Frequency: 1000.000000 (Debug: 2 1)
[2019.12.27-18.45.12:084][  0]LogTargetPlatformManager: Display: Loaded TargetPlatform 'AllDesktop'
[2019.12.27-18.45.12:143][  0]LogTargetPlatformManager: Display: Loaded TargetPlatform 'Android'
[2019.12.27-18.45.12:143][  0]LogTargetPlatformManager: Display: Loaded TargetPlatform 'Android_ASTC'
[2019.12.27-18.45.12:143][  0]LogTargetPlatformManager: Display: Loaded TargetPlatform 'Android_ATC'
[2019.12.27-18.45.12:143][  0]LogTargetPlatformManager: Display: Loaded TargetPlatform 'Android_DXT'
[2019.12.27-18.45.12:143][  0]LogTargetPlatformManager: Display: Loaded TargetPlatform 'Android_ETC1'
[2019.12.27-18.45.12:143][  0]LogTargetPlatformManager: Display: Loaded TargetPlatform 'Android_ETC1a'
[2019.12.27-18.45.12:143][  0]LogTargetPlatformManager: Display: Loaded TargetPlatform 'Android_ETC2'
[2019.12.27-18.45.12:143][  0]LogTargetPlatformManager: Display: Loaded TargetPlatform 'Android_PVRTC'
[2019.12.27-18.45.12:143][  0]LogTargetPlatformManager: Display: Loaded TargetPlatform 'AndroidClient'
[2019.12.27-18.45.12:143][  0]LogTargetPlatformManager: Display: Loaded TargetPlatform 'Android_ASTCClient'
[2019.12.27-18.45.12:143][  0]LogTargetPlatformManager: Display: Loaded TargetPlatform 'Android_ATCClient'
[2019.12.27-18.45.12:143][  0]LogTargetPlatformManager: Display: Loaded TargetPlatform 'Android_DXTClient'
[2019.12.27-18.45.12:143][  0]LogTargetPlatformManager: Display: Loaded TargetPlatform 'Android_ETC1Client'
[2019.12.27-18.45.12:143][  0]LogTargetPlatformManager: Display: Loaded TargetPlatform 'Android_ETC1aClient'
[2019.12.27-18.45.12:143][  0]LogTargetPlatformManager: Display: Loaded TargetPlatform 'Android_ETC2Client'
[2019.12.27-18.45.12:143][  0]LogTargetPlatformManager: Display: Loaded TargetPlatform 'Android_PVRTCClient'
[2019.12.27-18.45.12:143][  0]LogTargetPlatformManager: Display: Loaded TargetPlatform 'Android_Multi'
[2019.12.27-18.45.12:143][  0]LogTargetPlatformManager: Display: Loaded TargetPlatform 'Android_MultiClient'
[2019.12.27-18.45.12:247][  0]LogTargetPlatformManager: Display: Loaded TargetPlatform 'IOSClient'
[2019.12.27-18.45.12:247][  0]LogTargetPlatformManager: Display: Loaded TargetPlatform 'IOS'
[2019.12.27-18.45.12:265][  0]LogTargetPlatformManager: Display: Loaded TargetPlatform 'LinuxNoEditor'
[2019.12.27-18.45.12:281][  0]LogTargetPlatformManager: Display: Loaded TargetPlatform 'LinuxClient'
[2019.12.27-18.45.12:303][  0]LogTargetPlatformManager: Display: Loaded TargetPlatform 'LinuxServer'
[2019.12.27-18.45.12:324][  0]LogTargetPlatformManager: Display: Loaded TargetPlatform 'LinuxAArch64NoEditor'
[2019.12.27-18.45.12:341][  0]LogTargetPlatformManager: Display: Loaded TargetPlatform 'LinuxAArch64Client'
[2019.12.27-18.45.12:354][  0]LogTargetPlatformManager: Display: Loaded TargetPlatform 'LinuxAArch64Server'
[2019.12.27-18.45.12:391][  0]LogTargetPlatformManager: Display: Loaded TargetPlatform 'Lumin'
[2019.12.27-18.45.12:391][  0]LogTargetPlatformManager: Display: Loaded TargetPlatform 'LuminClient'
[2019.12.27-18.45.12:404][  0]LogTargetPlatformManager: Display: Loaded TargetPlatform 'TVOSClient'
[2019.12.27-18.45.12:404][  0]LogTargetPlatformManager: Display: Loaded TargetPlatform 'TVOS'
[2019.12.27-18.45.12:424][  0]LogTargetPlatformManager: Display: Loaded TargetPlatform 'WindowsNoEditor'
[2019.12.27-18.45.12:464][  0]LogTargetPlatformManager: Display: Loaded TargetPlatform 'Windows'
[2019.12.27-18.45.12:478][  0]LogTargetPlatformManager: Display: Loaded TargetPlatform 'WindowsClient'
[2019.12.27-18.45.12:489][  0]LogTargetPlatformManager: Display: Loaded TargetPlatform 'WindowsServer'
[2019.12.27-18.45.12:489][  0]LogTargetPlatformManager: Display: Building Assets For Windows
[2019.12.27-18.45.12:542][  0]LogAudioDebug: Display: Lib vorbis DLL was dynamically loaded.
[2019.12.27-18.45.12:878][  0]LogShaderCompilers: Guid format shader working directory is -27 characters bigger than the processId version (../../../../../Game Devlopment/Unreal Games/BuildingEscape/BuildingEscape/Intermediate/Shaders/WorkingDirectory/4588/).
[2019.12.27-18.45.12:878][  0]LogShaderCompilers: Cleaned the shader compiler working directory 'C:/Users/Swati/AppData/Local/Temp/UnrealShaderWorkingDir/16F7D7644CB67286F1FA79B2666432AE/'.
[2019.12.27-18.45.12:879][  0]LogXGEController: Cannot use XGE Controller as Incredibuild is not installed on this machine.
[2019.12.27-18.45.12:879][  0]LogShaderCompilers: Cannot use XGE Shader Compiler as Incredibuild is not installed on this machine.
[2019.12.27-18.45.12:879][  0]LogShaderCompilers: Display: Using Local Shader Compiler.
[2019.12.27-18.45.14:880][  0]LogDerivedDataCache: Display: Max Cache Size: 512 MB
[2019.12.27-18.45.16:214][  0]LogDerivedDataCache: Loaded boot cache 1.33s 78MB C:/Users/Swati/AppData/Local/UnrealEngine/4.24/DerivedDataCache/Boot.ddc.
[2019.12.27-18.45.16:214][  0]LogDerivedDataCache: Display: Loaded Boot cache: C:/Users/Swati/AppData/Local/UnrealEngine/4.24/DerivedDataCache/Boot.ddc
[2019.12.27-18.45.16:214][  0]LogDerivedDataCache: FDerivedDataBackendGraph:  Pak pak cache file ../../../../../Game Devlopment/Unreal Games/BuildingEscape/BuildingEscape/DerivedDataCache/DDC.ddp not found, will not use a pak cache.
[2019.12.27-18.45.16:214][  0]LogDerivedDataCache: Unable to find inner node Pak for hierarchical cache Hierarchy.
[2019.12.27-18.45.16:214][  0]LogDerivedDataCache: FDerivedDataBackendGraph:  CompressedPak pak cache file ../../../../../Game Devlopment/Unreal Games/BuildingEscape/BuildingEscape/DerivedDataCache/Compressed.ddp not found, will not use a pak cache.
[2019.12.27-18.45.16:214][  0]LogDerivedDataCache: Unable to find inner node CompressedPak for hierarchical cache Hierarchy.
[2019.12.27-18.45.16:248][  0]LogDerivedDataCache: Display: Pak cache opened for reading ../../../Engine/DerivedDataCache/Compressed.ddp.
[2019.12.27-18.45.16:249][  0]LogDerivedDataCache: FDerivedDataBackendGraph:  EnterprisePak pak cache file ../../../Enterprise/DerivedDataCache/Compressed.ddp not found, will not use a pak cache.
[2019.12.27-18.45.16:249][  0]LogDerivedDataCache: Unable to find inner node EnterprisePak for hierarchical cache Hierarchy.
[2019.12.27-18.45.16:249][  0]LogDerivedDataCache: Using Local data cache path C:/Users/Swati/AppData/Local/UnrealEngine/Common/DerivedDataCache: Writable
[2019.12.27-18.45.16:249][  0]LogDerivedDataCache: Shared data cache path not found in *engine.ini, will not use an Shared cache.
[2019.12.27-18.45.16:250][  0]LogDerivedDataCache: Unable to find inner node Shared for hierarchical cache Hierarchy.
[2019.12.27-18.45.16:276][  0]LogMaterial: Verifying Global Shaders for PCD3D_SM5
[2019.12.27-18.45.16:278][  0]LogSlate: Using FreeType 2.10.0
[2019.12.27-18.45.16:336][  0]LogSlate: SlateFontServices - WITH_FREETYPE: 1, WITH_HARFBUZZ: 1
[2019.12.27-18.45.17:013][  0]LogAssetRegistry: FAssetRegistry took 0.0037 seconds to start up
[2019.12.27-18.45.17:381][  0]LogInit: Selected Device Profile: [Windows]
[2019.12.27-18.45.18:079][  0]LogMeshReduction: Using QuadricMeshReduction for automatic static mesh reduction
[2019.12.27-18.45.18:079][  0]LogMeshReduction: Using SimplygonMeshReduction for automatic skeletal mesh reduction
[2019.12.27-18.45.18:079][  0]LogMeshReduction: Using ProxyLODMeshReduction for automatic mesh merging
[2019.12.27-18.45.18:079][  0]LogMeshReduction: No distributed automatic mesh merging module available
[2019.12.27-18.45.18:079][  0]LogMeshMerging: No distributed automatic mesh merging module available
[2019.12.27-18.45.18:157][  0]LogNetVersion: BuildingEscape 1.0.0, NetCL: 10570792, EngineNetVer: 13, GameNetVer: 0 (Checksum: 2745654942)
[2019.12.27-18.45.31:427][  0]LogPackageLocalizationCache: Processed 10 localized package path(s) for 1 prioritized culture(s) in 0.055795 seconds
[2019.12.27-18.45.31:437][  0]LogUObjectArray: 46750 objects as part of root set at end of initial load.
[2019.12.27-18.45.31:437][  0]LogUObjectAllocator: 8137160 out of 0 bytes used by permanent object pool.
[2019.12.27-18.45.31:437][  0]LogUObjectArray: CloseDisregardForGC: 0/0 objects in disregard for GC pool
[2019.12.27-18.45.33:315][  0]LogTcpMessaging: Initializing TcpMessaging bridge
[2019.12.27-18.45.33:336][  0]LogUdpMessaging: Initializing bridge on interface 0.0.0.0:0 to multicast group 230.0.0.1:6666.
[2019.12.27-18.45.33:662][  0]SourceControl: Source control is disabled
[2019.12.27-18.45.33:662][  0]SourceControl: Source control is disabled
[2019.12.27-18.45.33:687][  0]SourceControl: Source control is disabled
[2019.12.27-18.45.33:756][  0]SourceControl: Source control is disabled
[2019.12.27-18.45.33:764][  0]SourceControl: Source control is disabled
[2019.12.27-18.45.34:525][  0]LogAndroidPermission: UAndroidPermissionCallbackProxy::GetInstance
[2019.12.27-18.45.34:582][  0]LogAudioCaptureCore: Display: No Audio Capture implementations found. Audio input will be silent.
[2019.12.27-18.45.34:583][  0]LogAudioCaptureCore: Display: No Audio Capture implementations found. Audio input will be silent.
[2019.12.27-18.45.34:904][  0]LogOcInput: OculusInput pre-init called
[2019.12.27-18.45.34:948][  0]LogWindows: Failed to load 'OVRPlugin.dll' (GetLastError=126)
[2019.12.27-18.45.34:948][  0]LogWindows: File 'OVRPlugin.dll' does not exist
[2019.12.27-18.45.35:113][  0]LogEngine: Initializing Engine...
[2019.12.27-18.45.35:114][  0]LogHMD: Failed to initialize OpenVR with code 110
[2019.12.27-18.45.35:115][  0]LogStats: UGameplayTagsManager::InitializeManager -  0.000 s
[2019.12.27-18.45.35:623][  0]LogInit: Initializing FReadOnlyCVARCache
[2019.12.27-18.45.35:664][  0]LogAIModule: Creating AISystem for world Untitled
[2019.12.27-18.45.35:679][  0]LogAudioMixer: Display: Audio Mixer Platform Settings:
[2019.12.27-18.45.35:679][  0]LogAudioMixer: Display: 	Sample Rate:						  48000
[2019.12.27-18.45.35:679][  0]LogAudioMixer: Display: 	Callback Buffer Frame Size Requested: 1024
[2019.12.27-18.45.35:679][  0]LogAudioMixer: Display: 	Callback Buffer Frame Size To Use:	  1024
[2019.12.27-18.45.35:679][  0]LogAudioMixer: Display: 	Number of buffers to queue:			  2
[2019.12.27-18.45.35:679][  0]LogAudioMixer: Display: 	Max Channels (voices):				  32
[2019.12.27-18.45.35:679][  0]LogAudioMixer: Display: 	Number of Async Source Workers:		  0
[2019.12.27-18.45.35:679][  0]LogAudio: Display: AudioDevice MaxSources: 32
[2019.12.27-18.45.35:680][  0]LogAudio: Display: Using built-in audio occlusion.
[2019.12.27-18.45.35:680][  0]LogAudioMixer: Display: Initializing audio mixer.
[2019.12.27-18.45.35:762][  0]LogAudioMixer: Display: Audio Device Output Speaker Info:
[2019.12.27-18.45.35:762][  0]LogAudioMixer: Display: Name: Speakers (Realtek High Definition Audio)
[2019.12.27-18.45.35:762][  0]LogAudioMixer: Display: Is Default: Yes
[2019.12.27-18.45.35:762][  0]LogAudioMixer: Display: Sample Rate: 48000
[2019.12.27-18.45.35:762][  0]LogAudioMixer: Display: Channel Count Used: 6
[2019.12.27-18.45.35:762][  0]LogAudioMixer: Display: Device Channel Count: 6
[2019.12.27-18.45.35:762][  0]LogAudioMixer: Display: Channel Order:
[2019.12.27-18.45.35:762][  0]LogAudioMixer: Display: 0: FrontLeft
[2019.12.27-18.45.35:762][  0]LogAudioMixer: Display: 1: FrontRight
[2019.12.27-18.45.35:762][  0]LogAudioMixer: Display: 2: FrontCenter
[2019.12.27-18.45.35:762][  0]LogAudioMixer: Display: 3: LowFrequency
[2019.12.27-18.45.35:762][  0]LogAudioMixer: Display: 4: BackLeft
[2019.12.27-18.45.35:762][  0]LogAudioMixer: Display: 5: BackRight
[2019.12.27-18.45.35:774][  0]LogAudioMixer: Display: Using Audio Device Speakers (Realtek High Definition Audio)
[2019.12.27-18.45.35:785][  0]LogInit: FAudioDevice initialized.
[2019.12.27-18.45.35:786][  0]LogNetVersion: Set ProjectVersion to 1.0.0.0. Version Checksum will be recalculated on next use.
[2019.12.27-18.45.36:203][  0]LogDerivedDataCache: Saved boot cache 0.42s 78MB C:/Users/Swati/AppData/Local/UnrealEngine/4.24/DerivedDataCache/Boot.ddc.
[2019.12.27-18.45.36:204][  0]LogInit: Texture streaming: Enabled
[2019.12.27-18.45.36:268][  0]LogEngineSessionManager: EngineSessionManager initialized
[2019.12.27-18.45.36:269][  0]LogEngineSessionManager: EngineSessionManager sent abnormal shutdown report. Type=AbnormalShutdown, SessionId={B81900DA-435D-ED47-55EC-4E897DB2FF51}
[2019.12.27-18.45.36:269][  0]LogEditorSessionSummary: Verbose: Initializing EditorSessionSummaryWriter for editor session tracking
[2019.12.27-18.45.36:279][  0]LogEditorSessionSummary: EditorSessionSummaryWriter initialized
[2019.12.27-18.45.36:463][  0]LogInit: Transaction tracking system initialized
[2019.12.27-18.45.37:332][  0]BlueprintLog: New page: Editor Load
[2019.12.27-18.45.37:713][  0]LocalizationService: Localization service is disabled
[2019.12.27-18.45.38:734][  0]LogFileCache: Scanning file cache for directory 'D:/Game Devlopment/Unreal Games/BuildingEscape/BuildingEscape/Content/' took 0.00s
[2019.12.27-18.45.38:734][  0]LogCook: Display: Max memory allowance for cook 16384mb min free memory 0mb
[2019.12.27-18.45.38:734][  0]LogCook: Display: Mobile HDR setting 1
[2019.12.27-18.45.41:472][  0]SourceControl: Source control is disabled
[2019.12.27-18.45.41:472][  0]Cmd: MAP LOAD FILE="../../../../../Game Devlopment/Unreal Games/BuildingEscape/BuildingEscape/Content/Maps/Level_01.umap" TEMPLATE=0 SHOWPROGRESS=1 FEATURELEVEL=3
[2019.12.27-18.45.41:472][  0]LightingResults: New page: Lighting Build
[2019.12.27-18.45.41:485][  0]LogWorld: UWorld::CleanupWorld for Untitled, bSessionEnded=true, bCleanupResources=true
[2019.12.27-18.45.41:485][  0]LogSlate: InvalidateAllWidgets triggered.  All widgets were invalidated
[2019.12.27-18.45.41:486][  0]MapCheck: New page: Map Check
[2019.12.27-18.45.41:486][  0]LightingResults: New page: Lighting Build
[2019.12.27-18.45.41:530][  0]LogUObjectHash: Compacting FUObjectHashTables data took   1.96ms
[2019.12.27-18.45.42:876][  0]LogAIModule: Creating AISystem for world Level_01
[2019.12.27-18.45.42:884][  0]LogEditorServer: Finished looking for orphan Actors (0.000 secs)
[2019.12.27-18.45.42:931][  0]LogUObjectHash: Compacting FUObjectHashTables data took   3.41ms
[2019.12.27-18.45.42:931][  0]Cmd: MAP CHECKDEP NOCLEARLOG
[2019.12.27-18.45.42:931][  0]MapCheck: Map check complete: 0 Error(s), 0 Warning(s), took 0.101ms to complete.
[2019.12.27-18.45.42:931][  0]LogFileHelpers: Loading map 'Level_01' took 1.460
[2019.12.27-18.45.43:647][  0]LogSlate: Updating window title bar state: overlay mode, drag disabled, window buttons hidden, title bar hidden
[2019.12.27-18.45.43:658][  0]LogSlate: Updating window title bar state: overlay mode, drag disabled, window buttons hidden, title bar hidden
[2019.12.27-18.45.43:668][  0]LogSlate: Updating window title bar state: overlay mode, drag disabled, window buttons hidden, title bar hidden
[2019.12.27-18.45.43:675][  0]LogSlate: Updating window title bar state: overlay mode, drag disabled, window buttons hidden, title bar hidden
[2019.12.27-18.45.43:816][  0]LogCollectionManager: Loaded 0 collections in 0.001114 seconds
[2019.12.27-18.45.44:021][  0]LogFileCache: Scanning file cache for directory 'D:/Game Devlopment/Unreal Games/BuildingEscape/BuildingEscape/Saved/Collections/' took 0.00s
[2019.12.27-18.45.44:021][  0]LogFileCache: Scanning file cache for directory 'D:/Game Devlopment/Unreal Games/BuildingEscape/BuildingEscape/Content/Developers/Swati/Collections/' took 0.00s
[2019.12.27-18.45.44:021][  0]LogFileCache: Scanning file cache for directory 'D:/Game Devlopment/Unreal Games/BuildingEscape/BuildingEscape/Content/Collections/' took 0.00s
[2019.12.27-18.45.44:021][  0]LogContentBrowser: Native class hierarchy populated in 0.0082 seconds. Added 3019 classes and 719 folders.
[2019.12.27-18.45.44:336][  0]LogContentBrowser: Native class hierarchy updated for 'WidgetCarousel' in 0.0003 seconds. Added 0 classes and 0 folders.
[2019.12.27-18.45.45:634][  0]LogContentBrowser: Native class hierarchy updated for 'AddContentDialog' in 0.0003 seconds. Added 0 classes and 0 folders.
[2019.12.27-18.45.45:694][  0]LogContentBrowser: Native class hierarchy updated for 'SceneOutliner' in 0.0004 seconds. Added 2 classes and 3 folders.
[2019.12.27-18.45.45:756][  0]LogSlate: Took 0.033320 seconds to synchronously load lazily loaded font '../../../Engine/Content/Slate/Fonts/Roboto-Regular.ttf' (155K)
[2019.12.27-18.45.45:785][  0]LogSlate: Took 0.024986 seconds to synchronously load lazily loaded font '../../../Engine/Content/Slate/Fonts/Roboto-Bold.ttf' (160K)
[2019.12.27-18.45.45:797][  0]LogSlate: Took 0.011002 seconds to synchronously load lazily loaded font '../../../Engine/Content/Editor/Slate/Fonts/FontAwesome.ttf' (139K)
[2019.12.27-18.45.45:804][  0]LogSlate: Took 0.006483 seconds to synchronously load lazily loaded font '../../../Engine/Content/Slate/Fonts/DroidSansMono.ttf' (77K)
[2019.12.27-18.45.45:942][  0]LogRenderer: Reallocating scene render targets to support 1208x572 Format 10 NumSamples 1 (Frame:1).
[2019.12.27-18.45.46:269][  0]LogContentBrowser: Native class hierarchy updated for 'HierarchicalLODOutliner' in 0.0004 seconds. Added 0 classes and 0 folders.
[2019.12.27-18.45.46:269][  0]LogLoad: (Engine Initialization) Total time: 57.55 seconds
[2019.12.27-18.45.46:269][  0]LogLoad: (Engine Initialization) Total Blueprint compile time: 0.00 seconds
[2019.12.27-18.45.47:276][  0]LogContentStreaming: Texture pool size now 1000 MB
[2019.12.27-18.45.48:211][ 13]LogAssetRegistry: Asset discovery search completed in 31.1990 seconds
[2019.12.27-18.45.48:216][ 13]LogCollectionManager: Fixed up redirectors for 0 collections in 0.000009 seconds (updated 0 objects)
[2019.12.27-18.46.11:853][691]Candidate modules for hot reload:
[2019.12.27-18.46.11:853][691]  BuildingEscape
[2019.12.27-18.46.11:853][691]Launching UnrealBuildTool... [D:/Epic Games/UE_4.24/Engine/Binaries/DotNET/UnrealBuildTool.exe  -ModuleWithSuffix=BuildingEscape,5728 Win64 Development -TargetType=Editor -Project="D:/Game Devlopment/Unreal Games/BuildingEscape/BuildingEscape/BuildingEscape.uproject" "D:/Game Devlopment/Unreal Games/BuildingEscape/BuildingEscape/BuildingEscape.uproject"  -IgnoreJunk]
[2019.12.27-18.46.11:854][691]Warning: Starting HotReload took  0.0s.
[2019.12.27-18.48.00:972][117]CompilerResultsLog: New page: Compilation - Dec 28, 2019, 5:48:00 AM
[2019.12.27-18.48.00:972][117]CompilerResultsLog: Using 'git status' to determine working set for adaptive non-unity build (D:\Game Devlopment\Unreal Games\BuildingEscape).
[2019.12.27-18.48.00:972][117]CompilerResultsLog: Parsing headers for BuildingEscapeEditor
[2019.12.27-18.48.00:972][117]CompilerResultsLog:   Running UnrealHeaderTool "D:\Game Devlopment\Unreal Games\BuildingEscape\BuildingEscape\BuildingEscape.uproject" "D:\Game Devlopment\Unreal Games\BuildingEscape\BuildingEscape\Intermediate\Build\Win64\BuildingEscapeEditor\Development\BuildingEscapeEditor.uhtmanifest" -LogCmds="loginit warning, logexit warning, logdatabase error" -Unattended -WarningsAsErrors -installed
[2019.12.27-18.48.00:972][117]CompilerResultsLog: Reflection code generated for BuildingEscapeEditor in 17.1673337 seconds
[2019.12.27-18.48.00:972][117]CompilerResultsLog: Building BuildingEscapeEditor...
[2019.12.27-18.48.00:972][117]CompilerResultsLog: Using Visual Studio 2019 14.24.28314 toolchain (D:\Microsoft Visual Studio\VC\Tools\MSVC\14.24.28314) and Windows 10.0.17763.0 SDK (C:\Program Files (x86)\Windows Kits\10).
[2019.12.27-18.48.00:972][117]CompilerResultsLog: [Upgrade]
[2019.12.27-18.48.00:972][117]CompilerResultsLog: [Upgrade] Using backward-compatible build settings. The latest version of UE4 sets the following values by default, which may require code changes:
[2019.12.27-18.48.00:972][117]CompilerResultsLog: [Upgrade]     bLegacyPublicIncludePaths = false                 => Omits subfolders from public include paths to reduce compiler command line length. (Previously: true).
[2019.12.27-18.48.00:972][117]CompilerResultsLog: [Upgrade]     ShadowVariableWarningLevel = WarningLevel.Error   => Treats shadowed variable warnings as errors. (Previously: WarningLevel.Warning).
[2019.12.27-18.48.00:972][117]CompilerResultsLog: [Upgrade]     PCHUsage = PCHUsageMode.UseExplicitOrSharedPCHs   => Set in build.cs files to enables IWYU-style PCH model. See https://docs.unrealengine.com/en-US/Programming/BuildTools/UnrealBuildTool/IWYU/index.html. (Previously: PCHUsageMode.UseSharedPCHs).
[2019.12.27-18.48.00:972][117]CompilerResultsLog: [Upgrade] Suppress this message by setting 'DefaultBuildSettings = BuildSettingsVersion.V2;' in BuildingEscapeEditor.Target.cs, and explicitly overriding settings that differ from the new defaults.
[2019.12.27-18.48.00:972][117]CompilerResultsLog: [Upgrade]
[2019.12.27-18.48.00:972][117]CompilerResultsLog: Building 4 actions with 4 processes...
[2019.12.27-18.48.00:972][117]CompilerResultsLog:   [1/4] Grabber.cpp
[2019.12.27-18.48.00:972][117]CompilerResultsLog:   [2/4] UE4Editor-BuildingEscape-5728.lib
[2019.12.27-18.48.00:972][117]CompilerResultsLog:      Creating library D:\Game Devlopment\Unreal Games\BuildingEscape\BuildingEscape\Intermediate\Build\Win64\UE4Editor\Development\BuildingEscape\UE4Editor-BuildingEscape-5728.lib and object D:\Game Devlopment\Unreal Games\BuildingEscape\BuildingEscape\Intermediate\Build\Win64\UE4Editor\Development\BuildingEscape\UE4Editor-BuildingEscape-5728.exp
[2019.12.27-18.48.00:972][117]CompilerResultsLog:   [3/4] UE4Editor-BuildingEscape-5728.dll
[2019.12.27-18.48.00:972][117]CompilerResultsLog:      Creating library D:\Game Devlopment\Unreal Games\BuildingEscape\BuildingEscape\Intermediate\Build\Win64\UE4Editor\Development\BuildingEscape\UE4Editor-BuildingEscape-5728.suppressed.lib and object D:\Game Devlopment\Unreal Games\BuildingEscape\BuildingEscape\Intermediate\Build\Win64\UE4Editor\Development\BuildingEscape\UE4Editor-BuildingEscape-5728.suppressed.exp
[2019.12.27-18.48.00:972][117]CompilerResultsLog:   [4/4] BuildingEscapeEditor.target
[2019.12.27-18.48.00:972][117]CompilerResultsLog: Total time in Parallel executor: 85.51 seconds
[2019.12.27-18.48.00:972][117]CompilerResultsLog: Total execution time: 108.72 seconds
[2019.12.27-18.48.00:972][117]LogMainFrame: MainFrame: Module compiling took 109.120 seconds
[2019.12.27-18.48.01:002][117]LogUObjectHash: Compacting FUObjectHashTables data took   0.80ms
[2019.12.27-18.48.01:029][117]LogClass: Could not find existing class Grabber in package /Script/BuildingEscape for HotReload, assuming new class
[2019.12.27-18.48.01:052][117]LogHotReload: Re-instancing Grabber after hot-reload.
[2019.12.27-18.48.01:856][117]LogContentBrowser: Native class hierarchy updated for 'BuildingEscape' in 0.0003 seconds. Added 4 classes and 2 folders.
[2019.12.27-18.48.01:877][117]Display: HotReload successful (0 functions remapped  0 scriptstructs remapped)
[2019.12.27-18.48.01:992][117]LogUObjectHash: Compacting FUObjectHashTables data took   1.23ms
[2019.12.27-18.48.02:003][117]LogContentBrowser: Native class hierarchy populated in 0.0109 seconds. Added 3021 classes and 722 folders.
[2019.12.27-18.48.02:066][117]Display: HotReload took 110.2s.
[2019.12.27-18.49.04:663][252]LogAudioMixer: Display: Audio Buffer Underrun detected.
[2019.12.27-18.51.18:828][653]LogAudioMixer: Display: Audio Buffer Underrun detected.
[2019.12.27-18.52.11:347][810]LogAudioMixer: Display: Audio Buffer Underrun detected.
[2019.12.27-18.52.49:824][925]LogAudioMixer: Display: Audio Buffer Underrun detected.
[2019.12.27-18.54.03:857][341]Candidate modules for hot reload:
[2019.12.27-18.54.03:857][341]  BuildingEscape
[2019.12.27-18.54.03:857][341]Launching UnrealBuildTool... [D:/Epic Games/UE_4.24/Engine/Binaries/DotNET/UnrealBuildTool.exe  -ModuleWithSuffix=BuildingEscape,5150 Win64 Development -TargetType=Editor -Project="D:/Game Devlopment/Unreal Games/BuildingEscape/BuildingEscape/BuildingEscape.uproject" "D:/Game Devlopment/Unreal Games/BuildingEscape/BuildingEscape/BuildingEscape.uproject"  -IgnoreJunk]
[2019.12.27-18.54.03:858][341]Warning: Starting HotReload took  0.1s.
[2019.12.27-18.55.20:485][779]LogAudioMixer: Display: Audio Buffer Underrun detected.
[2019.12.27-18.55.48:265][862]LogAudioMixer: Display: Audio Buffer Underrun detected.
[2019.12.27-18.58.10:687][288]CompilerResultsLog: New page: Compilation - Dec 28, 2019, 5:58:10 AM
[2019.12.27-18.58.10:688][288]CompilerResultsLog: Using 'git status' to determine working set for adaptive non-unity build (D:\Game Devlopment\Unreal Games\BuildingEscape).
[2019.12.27-18.58.10:688][288]CompilerResultsLog: Parsing headers for BuildingEscapeEditor
[2019.12.27-18.58.10:688][288]CompilerResultsLog:   Running UnrealHeaderTool "D:\Game Devlopment\Unreal Games\BuildingEscape\BuildingEscape\BuildingEscape.uproject" "D:\Game Devlopment\Unreal Games\BuildingEscape\BuildingEscape\Intermediate\Build\Win64\BuildingEscapeEditor\Development\BuildingEscapeEditor.uhtmanifest" -LogCmds="loginit warning, logexit warning, logdatabase error" -Unattended -WarningsAsErrors -installed
[2019.12.27-18.58.10:688][288]CompilerResultsLog: Reflection code generated for BuildingEscapeEditor in 14.1366666 seconds
[2019.12.27-18.58.10:688][288]CompilerResultsLog: Building BuildingEscapeEditor...
[2019.12.27-18.58.10:688][288]CompilerResultsLog: Using Visual Studio 2019 14.24.28314 toolchain (D:\Microsoft Visual Studio\VC\Tools\MSVC\14.24.28314) and Windows 10.0.17763.0 SDK (C:\Program Files (x86)\Windows Kits\10).
[2019.12.27-18.58.10:688][288]CompilerResultsLog: [Upgrade]
[2019.12.27-18.58.10:688][288]CompilerResultsLog: [Upgrade] Using backward-compatible build settings. The latest version of UE4 sets the following values by default, which may require code changes:
[2019.12.27-18.58.10:688][288]CompilerResultsLog: [Upgrade]     bLegacyPublicIncludePaths = false                 => Omits subfolders from public include paths to reduce compiler command line length. (Previously: true).
[2019.12.27-18.58.10:688][288]CompilerResultsLog: [Upgrade]     ShadowVariableWarningLevel = WarningLevel.Error   => Treats shadowed variable warnings as errors. (Previously: WarningLevel.Warning).
[2019.12.27-18.58.10:688][288]CompilerResultsLog: [Upgrade]     PCHUsage = PCHUsageMode.UseExplicitOrSharedPCHs   => Set in build.cs files to enables IWYU-style PCH model. See https://docs.unrealengine.com/en-US/Programming/BuildTools/UnrealBuildTool/IWYU/index.html. (Previously: PCHUsageMode.UseSharedPCHs).
[2019.12.27-18.58.10:689][288]CompilerResultsLog: [Upgrade] Suppress this message by setting 'DefaultBuildSettings = BuildSettingsVersion.V2;' in BuildingEscapeEditor.Target.cs, and explicitly overriding settings that differ from the new defaults.
[2019.12.27-18.58.10:689][288]CompilerResultsLog: [Upgrade]
[2019.12.27-18.58.10:689][288]CompilerResultsLog: Building 5 actions with 4 processes...
[2019.12.27-18.58.10:689][288]CompilerResultsLog:   [1/5] Grabber.cpp
[2019.12.27-18.58.10:689][288]CompilerResultsLog:   [2/5] PositionReport.cpp
[2019.12.27-18.58.10:689][288]CompilerResultsLog:   [3/5] UE4Editor-BuildingEscape-5150.lib
[2019.12.27-18.58.10:689][288]CompilerResultsLog:      Creating library D:\Game Devlopment\Unreal Games\BuildingEscape\BuildingEscape\Intermediate\Build\Win64\UE4Editor\Development\BuildingEscape\UE4Editor-BuildingEscape-5150.lib and object D:\Game Devlopment\Unreal Games\BuildingEscape\BuildingEscape\Intermediate\Build\Win64\UE4Editor\Development\BuildingEscape\UE4Editor-BuildingEscape-5150.exp
[2019.12.27-18.58.10:689][288]CompilerResultsLog:   [4/5] UE4Editor-BuildingEscape-5150.dll
[2019.12.27-18.58.10:689][288]CompilerResultsLog:      Creating library D:\Game Devlopment\Unreal Games\BuildingEscape\BuildingEscape\Intermediate\Build\Win64\UE4Editor\Development\BuildingEscape\UE4Editor-BuildingEscape-5150.suppressed.lib and object D:\Game Devlopment\Unreal Games\BuildingEscape\BuildingEscape\Intermediate\Build\Win64\UE4Editor\Development\BuildingEscape\UE4Editor-BuildingEscape-5150.suppressed.exp
[2019.12.27-18.58.10:689][288]CompilerResultsLog:   [5/5] BuildingEscapeEditor.target
[2019.12.27-18.58.10:689][288]CompilerResultsLog: Total time in Parallel executor: 218.33 seconds
[2019.12.27-18.58.10:689][288]CompilerResultsLog: Total execution time: 246.50 seconds
[2019.12.27-18.58.10:689][288]LogMainFrame: MainFrame: Module compiling took 246.831 seconds
[2019.12.27-18.58.10:725][288]LogUObjectHash: Compacting FUObjectHashTables data took   1.10ms
[2019.12.27-18.58.10:742][288]LogContentBrowser: Native class hierarchy updated for 'BuildingEscape' in 0.0007 seconds. Added 4 classes and 2 folders.
[2019.12.27-18.58.10:747][288]Display: HotReload successful (0 functions remapped  0 scriptstructs remapped)
[2019.12.27-18.58.10:884][288]LogUObjectHash: Compacting FUObjectHashTables data took   1.77ms
[2019.12.27-18.58.10:898][288]LogContentBrowser: Native class hierarchy populated in 0.0138 seconds. Added 3021 classes and 722 folders.
[2019.12.27-18.58.10:906][288]Display: HotReload took 247.1s.
[2019.12.27-18.59.40:595][557]LogAudioMixer: Display: Audio Buffer Underrun detected.
[2019.12.27-18.59.56:998][606]LogAudioMixer: Display: Audio Buffer Underrun detected.
[2019.12.27-19.00.03:347][625]LogAudioMixer: Display: Audio Buffer Underrun detected.
[2019.12.27-19.00.43:758][745]LogAudioMixer: Display: Audio Buffer Underrun detected.
[2019.12.27-19.00.52:175][770]LogAudioMixer: Display: Audio Buffer Underrun detected.
[2019.12.27-19.00.56:851][784]LogAudioMixer: Display: Audio Buffer Underrun detected.
[2019.12.27-19.00.57:854][787]LogAudioMixer: Display: Audio Buffer Underrun detected.
[2019.12.27-19.01.06:864][814]LogAudioMixer: Display: Audio Buffer Underrun detected.
[2019.12.27-19.01.22:274][860]LogAudioMixer: Display: Audio Buffer Underrun detected.
[2019.12.27-19.01.37:309][905]LogAudioMixer: Display: Audio Buffer Underrun detected.
[2019.12.27-19.01.49:225][117]Candidate modules for hot reload:
[2019.12.27-19.01.49:225][117]  BuildingEscape
[2019.12.27-19.01.49:225][117]Launching UnrealBuildTool... [D:/Epic Games/UE_4.24/Engine/Binaries/DotNET/UnrealBuildTool.exe  -ModuleWithSuffix=BuildingEscape,9688 Win64 Development -TargetType=Editor -Project="D:/Game Devlopment/Unreal Games/BuildingEscape/BuildingEscape/BuildingEscape.uproject" "D:/Game Devlopment/Unreal Games/BuildingEscape/BuildingEscape/BuildingEscape.uproject"  -IgnoreJunk]
[2019.12.27-19.01.49:226][117]Warning: Starting HotReload took  0.1s.
[2019.12.27-19.04.59:297][874]CompilerResultsLog: New page: Compilation - Dec 28, 2019, 6:04:59 AM
[2019.12.27-19.04.59:297][874]CompilerResultsLog: Using 'git status' to determine working set for adaptive non-unity build (D:\Game Devlopment\Unreal Games\BuildingEscape).
[2019.12.27-19.04.59:297][874]CompilerResultsLog: Parsing headers for BuildingEscapeEditor
[2019.12.27-19.04.59:297][874]CompilerResultsLog:   Running UnrealHeaderTool "D:\Game Devlopment\Unreal Games\BuildingEscape\BuildingEscape\BuildingEscape.uproject" "D:\Game Devlopment\Unreal Games\BuildingEscape\BuildingEscape\Intermediate\Build\Win64\BuildingEscapeEditor\Development\BuildingEscapeEditor.uhtmanifest" -LogCmds="loginit warning, logexit warning, logdatabase error" -Unattended -WarningsAsErrors -installed
[2019.12.27-19.04.59:297][874]CompilerResultsLog: Reflection code generated for BuildingEscapeEditor in 17.6130373 seconds
[2019.12.27-19.04.59:297][874]CompilerResultsLog: Building BuildingEscapeEditor...
[2019.12.27-19.04.59:297][874]CompilerResultsLog: Using Visual Studio 2019 14.24.28314 toolchain (D:\Microsoft Visual Studio\VC\Tools\MSVC\14.24.28314) and Windows 10.0.17763.0 SDK (C:\Program Files (x86)\Windows Kits\10).
[2019.12.27-19.04.59:297][874]CompilerResultsLog: [Upgrade]
[2019.12.27-19.04.59:297][874]CompilerResultsLog: [Upgrade] Using backward-compatible build settings. The latest version of UE4 sets the following values by default, which may require code changes:
[2019.12.27-19.04.59:297][874]CompilerResultsLog: [Upgrade]     bLegacyPublicIncludePaths = false                 => Omits subfolders from public include paths to reduce compiler command line length. (Previously: true).
[2019.12.27-19.04.59:297][874]CompilerResultsLog: [Upgrade]     ShadowVariableWarningLevel = WarningLevel.Error   => Treats shadowed variable warnings as errors. (Previously: WarningLevel.Warning).
[2019.12.27-19.04.59:297][874]CompilerResultsLog: [Upgrade]     PCHUsage = PCHUsageMode.UseExplicitOrSharedPCHs   => Set in build.cs files to enables IWYU-style PCH model. See https://docs.unrealengine.com/en-US/Programming/BuildTools/UnrealBuildTool/IWYU/index.html. (Previously: PCHUsageMode.UseSharedPCHs).
[2019.12.27-19.04.59:297][874]CompilerResultsLog: [Upgrade] Suppress this message by setting 'DefaultBuildSettings = BuildSettingsVersion.V2;' in BuildingEscapeEditor.Target.cs, and explicitly overriding settings that differ from the new defaults.
[2019.12.27-19.04.59:297][874]CompilerResultsLog: [Upgrade]
[2019.12.27-19.04.59:297][874]CompilerResultsLog: Building 5 actions with 4 processes...
[2019.12.27-19.04.59:297][874]CompilerResultsLog:   [1/5] Grabber.gen.cpp
[2019.12.27-19.04.59:297][874]CompilerResultsLog:   [2/5] Grabber.cpp
[2019.12.27-19.04.59:297][874]CompilerResultsLog:   [3/5] UE4Editor-BuildingEscape-9688.lib
[2019.12.27-19.04.59:297][874]CompilerResultsLog:      Creating library D:\Game Devlopment\Unreal Games\BuildingEscape\BuildingEscape\Intermediate\Build\Win64\UE4Editor\Development\BuildingEscape\UE4Editor-BuildingEscape-9688.lib and object D:\Game Devlopment\Unreal Games\BuildingEscape\BuildingEscape\Intermediate\Build\Win64\UE4Editor\Development\BuildingEscape\UE4Editor-BuildingEscape-9688.exp
[2019.12.27-19.04.59:297][874]CompilerResultsLog:   [4/5] UE4Editor-BuildingEscape-9688.dll
[2019.12.27-19.04.59:297][874]CompilerResultsLog:      Creating library D:\Game Devlopment\Unreal Games\BuildingEscape\BuildingEscape\Intermediate\Build\Win64\UE4Editor\Development\BuildingEscape\UE4Editor-BuildingEscape-9688.suppressed.lib and object D:\Game Devlopment\Unreal Games\BuildingEscape\BuildingEscape\Intermediate\Build\Win64\UE4Editor\Development\BuildingEscape\UE4Editor-BuildingEscape-9688.suppressed.exp
[2019.12.27-19.04.59:297][874]CompilerResultsLog:   [5/5] BuildingEscapeEditor.target
[2019.12.27-19.04.59:297][874]CompilerResultsLog: Total time in Parallel executor: 158.28 seconds
[2019.12.27-19.04.59:297][874]CompilerResultsLog: Total execution time: 189.94 seconds
[2019.12.27-19.04.59:297][874]LogMainFrame: MainFrame: Module compiling took 190.072 seconds
[2019.12.27-19.04.59:319][874]LogUObjectHash: Compacting FUObjectHashTables data took   0.78ms
[2019.12.27-19.04.59:323][874]LogClass: Could not find existing class Grabber in package /Script/BuildingEscape for HotReload, assuming new class
[2019.12.27-19.04.59:331][874]LogHotReload: Re-instancing Grabber after hot-reload.
[2019.12.27-19.04.59:438][874]LogContentBrowser: Native class hierarchy updated for 'BuildingEscape' in 0.0004 seconds. Added 4 classes and 2 folders.
[2019.12.27-19.04.59:441][874]Display: HotReload successful (0 functions remapped  0 scriptstructs remapped)
[2019.12.27-19.04.59:534][874]LogUObjectHash: Compacting FUObjectHashTables data took   1.62ms
[2019.12.27-19.04.59:543][874]LogContentBrowser: Native class hierarchy populated in 0.0089 seconds. Added 3021 classes and 722 folders.
[2019.12.27-19.04.59:548][874]Display: HotReload took 190.4s.
[2019.12.27-19.05.40:275][401]LogTemp: Repeating last play command: Selected Viewport
[2019.12.27-19.05.40:494][401]LogPlayLevel: PlayLevel: No blueprints needed recompiling
[2019.12.27-19.05.40:517][401]PIE: New page: PIE session: Level_01 (Dec 28, 2019, 6:05:40 AM)
[2019.12.27-19.05.40:653][401]LogOnline: OSS: Creating online subsystem instance for: NULL
[2019.12.27-19.05.40:655][401]LogOnline: OSS: TryLoadSubsystemAndSetDefault: Loaded subsystem for module [NULL]
[2019.12.27-19.05.40:742][401]LogPlayLevel: Creating play world package: /Game/Maps/UEDPIE_0_Level_01
[2019.12.27-19.05.41:105][401]LogPlayLevel: PIE: StaticDuplicateObject took: (0.363117s)
[2019.12.27-19.05.41:231][401]LogAIModule: Creating AISystem for world Level_01
[2019.12.27-19.05.41:362][401]LogPlayLevel: PIE: World Init took: (0.256663s)
[2019.12.27-19.05.41:485][401]LogPlayLevel: PIE: Created PIE world by copying editor world from /Game/Maps/Level_01.Level_01 to /Game/Maps/UEDPIE_0_Level_01.Level_01 (0.743414s)
[2019.12.27-19.05.41:515][401]LogUObjectHash: Compacting FUObjectHashTables data took   2.24ms
[2019.12.27-19.05.41:644][401]LogAudioMixer: Display: Audio Mixer Platform Settings:
[2019.12.27-19.05.41:644][401]LogAudioMixer: Display: 	Sample Rate:						  48000
[2019.12.27-19.05.41:644][401]LogAudioMixer: Display: 	Callback Buffer Frame Size Requested: 1024
[2019.12.27-19.05.41:644][401]LogAudioMixer: Display: 	Callback Buffer Frame Size To Use:	  1024
[2019.12.27-19.05.41:644][401]LogAudioMixer: Display: 	Number of buffers to queue:			  2
[2019.12.27-19.05.41:644][401]LogAudioMixer: Display: 	Max Channels (voices):				  32
[2019.12.27-19.05.41:644][401]LogAudioMixer: Display: 	Number of Async Source Workers:		  0
[2019.12.27-19.05.41:644][401]LogAudio: Display: AudioDevice MaxSources: 32
[2019.12.27-19.05.41:645][401]LogAudio: Display: Using built-in audio occlusion.
[2019.12.27-19.05.41:645][401]LogAudioMixer: Display: Initializing audio mixer.
[2019.12.27-19.05.41:747][401]LogAudioMixer: Display: Audio Device Output Speaker Info:
[2019.12.27-19.05.41:747][401]LogAudioMixer: Display: Name: Speakers (Realtek High Definition Audio)
[2019.12.27-19.05.41:747][401]LogAudioMixer: Display: Is Default: Yes
[2019.12.27-19.05.41:747][401]LogAudioMixer: Display: Sample Rate: 48000
[2019.12.27-19.05.41:747][401]LogAudioMixer: Display: Channel Count Used: 6
[2019.12.27-19.05.41:747][401]LogAudioMixer: Display: Device Channel Count: 6
[2019.12.27-19.05.41:747][401]LogAudioMixer: Display: Channel Order:
[2019.12.27-19.05.41:747][401]LogAudioMixer: Display: 0: FrontLeft
[2019.12.27-19.05.41:747][401]LogAudioMixer: Display: 1: FrontRight
[2019.12.27-19.05.41:747][401]LogAudioMixer: Display: 2: FrontCenter
[2019.12.27-19.05.41:747][401]LogAudioMixer: Display: 3: LowFrequency
[2019.12.27-19.05.41:747][401]LogAudioMixer: Display: 4: BackLeft
[2019.12.27-19.05.41:747][401]LogAudioMixer: Display: 5: BackRight
[2019.12.27-19.05.41:773][401]LogAudioMixer: Display: Using Audio Device Speakers (Realtek High Definition Audio)
[2019.12.27-19.05.41:805][401]LogInit: FAudioDevice initialized.
[2019.12.27-19.05.42:375][401]LogLoad: Game class is 'BuildingEscapeGameModeBase_BP_C'
[2019.12.27-19.05.42:837][401]LogWorld: Bringing World /Game/Maps/UEDPIE_0_Level_01.Level_01 up for play (max tick rate 0) at 2019.12.28-00.35.42
[2019.12.27-19.05.42:953][401]LogWorld: Bringing up level for play took: 0.152543
[2019.12.27-19.05.42:987][401]LogOnline: OSS: Creating online subsystem instance for: :Context_1
[2019.12.27-19.05.43:847][401]LogContentBrowser: Native class hierarchy updated for 'MovieSceneCapture' in 0.0004 seconds. Added 20 classes and 0 folders.
[2019.12.27-19.05.44:362][401]PIE: Play in editor start time for /Game/Maps/UEDPIE_0_Level_01 4.936
[2019.12.27-19.05.55:956][913]LogTemp: Warning: I hit on SM_Chair_2
[2019.12.27-19.05.55:964][914]LogTemp: Warning: I hit on SM_Chair_2
[2019.12.27-19.05.55:973][915]LogTemp: Warning: I hit on SM_Chair_2
[2019.12.27-19.05.55:981][916]LogTemp: Warning: I hit on SM_Chair_2
[2019.12.27-19.05.55:989][917]LogTemp: Warning: I hit on SM_Chair_2
[2019.12.27-19.05.55:998][918]LogTemp: Warning: I hit on SM_Chair_2
[2019.12.27-19.05.56:006][919]LogTemp: Warning: I hit on SM_Chair_2
[2019.12.27-19.05.56:014][920]LogTemp: Warning: I hit on SM_Chair_2
[2019.12.27-19.05.56:023][921]LogTemp: Warning: I hit on SM_Chair_2
[2019.12.27-19.05.56:031][922]LogTemp: Warning: I hit on SM_Chair_2
[2019.12.27-19.05.56:039][923]LogTemp: Warning: I hit on SM_Chair_2
[2019.12.27-19.05.56:047][924]LogTemp: Warning: I hit on SM_Chair_2
[2019.12.27-19.05.56:056][925]LogTemp: Warning: I hit on SM_Chair_2
[2019.12.27-19.05.56:064][926]LogTemp: Warning: I hit on SM_Chair_2
[2019.12.27-19.05.56:073][927]LogTemp: Warning: I hit on SM_Chair_2
[2019.12.27-19.05.56:081][928]LogTemp: Warning: I hit on SM_Chair_2
[2019.12.27-19.05.56:089][929]LogTemp: Warning: I hit on SM_Chair_2
[2019.12.27-19.05.56:098][930]LogTemp: Warning: I hit on SM_Chair_2
[2019.12.27-19.05.56:106][931]LogTemp: Warning: I hit on SM_Chair_2
[2019.12.27-19.05.56:114][932]LogTemp: Warning: I hit on SM_Chair_2
[2019.12.27-19.05.56:122][933]LogTemp: Warning: I hit on SM_Chair_2
[2019.12.27-19.05.56:131][934]LogTemp: Warning: I hit on SM_Chair_2
[2019.12.27-19.05.56:139][935]LogTemp: Warning: I hit on SM_Chair_2
[2019.12.27-19.05.56:147][936]LogTemp: Warning: I hit on SM_Chair_2
[2019.12.27-19.05.56:156][937]LogTemp: Warning: I hit on SM_Chair_2
[2019.12.27-19.05.56:165][938]LogTemp: Warning: I hit on SM_Chair_2
[2019.12.27-19.05.56:174][939]LogTemp: Warning: I hit on SM_Chair_2
[2019.12.27-19.05.56:182][940]LogTemp: Warning: I hit on SM_Chair_2
[2019.12.27-19.05.56:190][941]LogTemp: Warning: I hit on SM_Chair_2
[2019.12.27-19.05.56:199][942]LogTemp: Warning: I hit on SM_Chair_2
[2019.12.27-19.05.56:207][943]LogTemp: Warning: I hit on SM_Chair_2
[2019.12.27-19.05.56:215][944]LogTemp: Warning: I hit on SM_Chair_2
[2019.12.27-19.05.56:224][945]LogTemp: Warning: I hit on SM_Chair_2
[2019.12.27-19.05.56:233][946]LogTemp: Warning: I hit on SM_Chair_2
[2019.12.27-19.05.56:242][947]LogTemp: Warning: I hit on SM_Chair_2
[2019.12.27-19.05.56:251][948]LogTemp: Warning: I hit on SM_Chair_2
[2019.12.27-19.06.01:663][949]LogTemp: Warning: I hit on SM_Chair_2
[2019.12.27-19.06.16:273][887]LogAudioMixer: Display: No commands were queued while flushing the source manager.
[2019.12.27-19.06.16:273][887]LogAudioMixer: Display: No commands were queued while flushing the source manager.
[2019.12.27-19.06.16:424][887]LogSlate: Updating window title bar state: overlay mode, drag disabled, window buttons hidden, title bar hidden
[2019.12.27-19.06.16:424][887]LogWorld: BeginTearingDown for /Game/Maps/UEDPIE_0_Level_01
[2019.12.27-19.06.16:425][887]LogAudioMixer: Display: No commands were queued while flushing the source manager.
[2019.12.27-19.06.16:425][887]LogWorld: UWorld::CleanupWorld for Level_01, bSessionEnded=true, bCleanupResources=true
[2019.12.27-19.06.16:425][887]LogSlate: InvalidateAllWidgets triggered.  All widgets were invalidated
[2019.12.27-19.06.16:482][887]LogPlayLevel: Display: Shutting down PIE online subsystems
[2019.12.27-19.06.16:504][887]LogSlate: InvalidateAllWidgets triggered.  All widgets were invalidated
[2019.12.27-19.06.16:570][887]LogAudioMixer: Display: No commands were queued while flushing the source manager.
[2019.12.27-19.06.16:612][887]LogSlate: Updating window title bar state: overlay mode, drag disabled, window buttons hidden, title bar hidden
[2019.12.27-19.06.16:784][887]LogUObjectHash: Compacting FUObjectHashTables data took   2.74ms
[2019.12.27-19.06.16:860][888]LogPlayLevel: Display: Destroying online subsystem :Context_1
[2019.12.27-19.06.21:949][932]LogAudioMixer: Display: Audio Buffer Underrun detected.
[2019.12.27-19.06.32:015][962]LogSlate: Took 0.036580 seconds to synchronously load lazily loaded font '../../../Engine/Content/Slate/Fonts/Roboto-Light.ttf' (167K)
[2019.12.27-19.12.55:138][739]LogAudioMixer: Display: Audio Buffer Underrun detected.
[2019.12.27-19.13.07:880][777]LogAudioMixer: Display: Audio Buffer Underrun detected.
[2019.12.27-19.14.14:565][975]LogAudioMixer: Display: Audio Buffer Underrun detected.
[2019.12.27-19.14.18:117][985]LogAudioMixer: Display: Audio Buffer Underrun detected.
[2019.12.27-19.14.28:229][ 15]LogAudioMixer: Display: Audio Buffer Underrun detected.
[2019.12.27-19.17.26:315][547]LogHotReload: New module detected: UE4Editor-BuildingEscape-0016.dll
[2019.12.27-19.17.31:721][564]LogHotReload: Starting Hot-Reload from IDE
[2019.12.27-19.17.31:979][564]LogUObjectHash: Compacting FUObjectHashTables data took   1.79ms
[2019.12.27-19.17.31:991][564]LogContentBrowser: Native class hierarchy updated for 'BuildingEscape' in 0.0005 seconds. Added 4 classes and 2 folders.
[2019.12.27-19.17.31:995][564]Display: HotReload successful (0 functions remapped  0 scriptstructs remapped)
[2019.12.27-19.17.32:105][564]LogAudioMixer: Display: Audio Buffer Underrun detected.
[2019.12.27-19.17.32:106][564]LogUObjectHash: Compacting FUObjectHashTables data took   1.15ms
[2019.12.27-19.17.32:117][564]LogContentBrowser: Native class hierarchy populated in 0.0104 seconds. Added 3021 classes and 722 folders.
[2019.12.27-19.17.32:126][564]Display: HotReload took  0.4s.
[2019.12.27-19.20.36:676][116]LogAudioMixer: Display: Audio Buffer Underrun detected.
[2019.12.27-19.24.41:752][849]LogAudioMixer: Display: Audio Buffer Underrun detected.
[2019.12.27-19.25.01:331][907]LogSlate: Window 'Project Settings' being destroyed
[2019.12.27-19.25.01:334][907]LogSlate: Window 'Project Settings' being destroyed
[2019.12.27-19.25.04:198][123]Candidate modules for hot reload:
[2019.12.27-19.25.04:199][123]  BuildingEscape
[2019.12.27-19.25.04:199][123]Launching UnrealBuildTool... [D:/Epic Games/UE_4.24/Engine/Binaries/DotNET/UnrealBuildTool.exe  -ModuleWithSuffix=BuildingEscape,4532 Win64 Development -TargetType=Editor -Project="D:/Game Devlopment/Unreal Games/BuildingEscape/BuildingEscape/BuildingEscape.uproject" "D:/Game Devlopment/Unreal Games/BuildingEscape/BuildingEscape/BuildingEscape.uproject"  -IgnoreJunk]
[2019.12.27-19.25.04:199][123]Warning: Starting HotReload took  0.1s.
[2019.12.27-19.26.49:286][ 99]CompilerResultsLog: New page: Compilation - Dec 28, 2019, 6:26:49 AM
[2019.12.27-19.26.49:287][ 99]CompilerResultsLog: Using 'git status' to determine working set for adaptive non-unity build (D:\Game Devlopment\Unreal Games\BuildingEscape).
[2019.12.27-19.26.49:287][ 99]CompilerResultsLog: Parsing headers for BuildingEscapeEditor
[2019.12.27-19.26.49:287][ 99]CompilerResultsLog:   Running UnrealHeaderTool "D:\Game Devlopment\Unreal Games\BuildingEscape\BuildingEscape\BuildingEscape.uproject" "D:\Game Devlopment\Unreal Games\BuildingEscape\BuildingEscape\Intermediate\Build\Win64\BuildingEscapeEditor\Development\BuildingEscapeEditor.uhtmanifest" -LogCmds="loginit warning, logexit warning, logdatabase error" -Unattended -WarningsAsErrors -installed
[2019.12.27-19.26.49:287][ 99]CompilerResultsLog: Reflection code generated for BuildingEscapeEditor in 8.0872344 seconds
[2019.12.27-19.26.49:287][ 99]CompilerResultsLog: Building BuildingEscapeEditor...
[2019.12.27-19.26.49:287][ 99]CompilerResultsLog: Using Visual Studio 2019 14.24.28314 toolchain (D:\Microsoft Visual Studio\VC\Tools\MSVC\14.24.28314) and Windows 10.0.17763.0 SDK (C:\Program Files (x86)\Windows Kits\10).
[2019.12.27-19.26.49:287][ 99]CompilerResultsLog: [Upgrade]
[2019.12.27-19.26.49:287][ 99]CompilerResultsLog: [Upgrade] Using backward-compatible build settings. The latest version of UE4 sets the following values by default, which may require code changes:
[2019.12.27-19.26.49:287][ 99]CompilerResultsLog: [Upgrade]     bLegacyPublicIncludePaths = false                 => Omits subfolders from public include paths to reduce compiler command line length. (Previously: true).
[2019.12.27-19.26.49:287][ 99]CompilerResultsLog: [Upgrade]     ShadowVariableWarningLevel = WarningLevel.Error   => Treats shadowed variable warnings as errors. (Previously: WarningLevel.Warning).
[2019.12.27-19.26.49:287][ 99]CompilerResultsLog: [Upgrade]     PCHUsage = PCHUsageMode.UseExplicitOrSharedPCHs   => Set in build.cs files to enables IWYU-style PCH model. See https://docs.unrealengine.com/en-US/Programming/BuildTools/UnrealBuildTool/IWYU/index.html. (Previously: PCHUsageMode.UseSharedPCHs).
[2019.12.27-19.26.49:287][ 99]CompilerResultsLog: [Upgrade] Suppress this message by setting 'DefaultBuildSettings = BuildSettingsVersion.V2;' in BuildingEscapeEditor.Target.cs, and explicitly overriding settings that differ from the new defaults.
[2019.12.27-19.26.49:287][ 99]CompilerResultsLog: [Upgrade]
[2019.12.27-19.26.49:287][ 99]CompilerResultsLog: Building 4 actions with 4 processes...
[2019.12.27-19.26.49:287][ 99]CompilerResultsLog:   [1/4] Grabber.cpp
[2019.12.27-19.26.49:287][ 99]CompilerResultsLog:   [2/4] UE4Editor-BuildingEscape-4532.lib
[2019.12.27-19.26.49:287][ 99]CompilerResultsLog:      Creating library D:\Game Devlopment\Unreal Games\BuildingEscape\BuildingEscape\Intermediate\Build\Win64\UE4Editor\Development\BuildingEscape\UE4Editor-BuildingEscape-4532.lib and object D:\Game Devlopment\Unreal Games\BuildingEscape\BuildingEscape\Intermediate\Build\Win64\UE4Editor\Development\BuildingEscape\UE4Editor-BuildingEscape-4532.exp
[2019.12.27-19.26.49:287][ 99]CompilerResultsLog:   [3/4] UE4Editor-BuildingEscape-4532.dll
[2019.12.27-19.26.49:287][ 99]CompilerResultsLog:      Creating library D:\Game Devlopment\Unreal Games\BuildingEscape\BuildingEscape\Intermediate\Build\Win64\UE4Editor\Development\BuildingEscape\UE4Editor-BuildingEscape-4532.suppressed.lib and object D:\Game Devlopment\Unreal Games\BuildingEscape\BuildingEscape\Intermediate\Build\Win64\UE4Editor\Development\BuildingEscape\UE4Editor-BuildingEscape-4532.suppressed.exp
[2019.12.27-19.26.49:287][ 99]CompilerResultsLog:   [4/4] BuildingEscapeEditor.target
[2019.12.27-19.26.49:287][ 99]CompilerResultsLog: Total time in Parallel executor: 92.10 seconds
[2019.12.27-19.26.49:287][ 99]CompilerResultsLog: Total execution time: 105.00 seconds
[2019.12.27-19.26.49:287][ 99]LogMainFrame: MainFrame: Module compiling took 105.089 seconds
[2019.12.27-19.26.49:317][ 99]LogUObjectHash: Compacting FUObjectHashTables data took   1.10ms
[2019.12.27-19.26.49:334][ 99]LogContentBrowser: Native class hierarchy updated for 'BuildingEscape' in 0.0005 seconds. Added 4 classes and 2 folders.
[2019.12.27-19.26.49:338][ 99]Display: HotReload successful (0 functions remapped  0 scriptstructs remapped)
[2019.12.27-19.26.49:457][ 99]LogUObjectHash: Compacting FUObjectHashTables data took   1.74ms
[2019.12.27-19.26.49:471][ 99]LogContentBrowser: Native class hierarchy populated in 0.0141 seconds. Added 3021 classes and 722 folders.
[2019.12.27-19.26.49:479][ 99]Display: HotReload took 105.4s.
[2019.12.27-19.26.54:809][708]LogTemp: Repeating last play command: Selected Viewport
[2019.12.27-19.26.54:820][708]LogPlayLevel: PlayLevel: No blueprints needed recompiling
[2019.12.27-19.26.54:820][708]PIE: New page: PIE session: Level_01 (Dec 28, 2019, 6:26:54 AM)
[2019.12.27-19.26.54:820][708]LogPlayLevel: Creating play world package: /Game/Maps/UEDPIE_0_Level_01
[2019.12.27-19.26.54:930][708]LogPlayLevel: PIE: StaticDuplicateObject took: (0.110329s)
[2019.12.27-19.26.54:932][708]LogAIModule: Creating AISystem for world Level_01
[2019.12.27-19.26.54:944][708]LogPlayLevel: PIE: World Init took: (0.013794s)
[2019.12.27-19.26.54:944][708]LogPlayLevel: PIE: Created PIE world by copying editor world from /Game/Maps/Level_01.Level_01 to /Game/Maps/UEDPIE_0_Level_01.Level_01 (0.124324s)
[2019.12.27-19.26.54:973][708]LogUObjectHash: Compacting FUObjectHashTables data took   1.72ms
[2019.12.27-19.26.54:974][708]LogAudioMixer: Display: Audio Mixer Platform Settings:
[2019.12.27-19.26.54:974][708]LogAudioMixer: Display: 	Sample Rate:						  48000
[2019.12.27-19.26.54:974][708]LogAudioMixer: Display: 	Callback Buffer Frame Size Requested: 1024
[2019.12.27-19.26.54:974][708]LogAudioMixer: Display: 	Callback Buffer Frame Size To Use:	  1024
[2019.12.27-19.26.54:974][708]LogAudioMixer: Display: 	Number of buffers to queue:			  2
[2019.12.27-19.26.54:974][708]LogAudioMixer: Display: 	Max Channels (voices):				  32
[2019.12.27-19.26.54:974][708]LogAudioMixer: Display: 	Number of Async Source Workers:		  0
[2019.12.27-19.26.54:974][708]LogAudio: Display: AudioDevice MaxSources: 32
[2019.12.27-19.26.54:974][708]LogAudio: Display: Using built-in audio occlusion.
[2019.12.27-19.26.54:974][708]LogAudioMixer: Display: Initializing audio mixer.
[2019.12.27-19.26.55:050][708]LogAudioMixer: Display: Audio Device Output Speaker Info:
[2019.12.27-19.26.55:050][708]LogAudioMixer: Display: Name: Speakers (Realtek High Definition Audio)
[2019.12.27-19.26.55:050][708]LogAudioMixer: Display: Is Default: Yes
[2019.12.27-19.26.55:050][708]LogAudioMixer: Display: Sample Rate: 48000
[2019.12.27-19.26.55:050][708]LogAudioMixer: Display: Channel Count Used: 6
[2019.12.27-19.26.55:050][708]LogAudioMixer: Display: Device Channel Count: 6
[2019.12.27-19.26.55:050][708]LogAudioMixer: Display: Channel Order:
[2019.12.27-19.26.55:050][708]LogAudioMixer: Display: 0: FrontLeft
[2019.12.27-19.26.55:050][708]LogAudioMixer: Display: 1: FrontRight
[2019.12.27-19.26.55:050][708]LogAudioMixer: Display: 2: FrontCenter
[2019.12.27-19.26.55:050][708]LogAudioMixer: Display: 3: LowFrequency
[2019.12.27-19.26.55:050][708]LogAudioMixer: Display: 4: BackLeft
[2019.12.27-19.26.55:050][708]LogAudioMixer: Display: 5: BackRight
[2019.12.27-19.26.55:058][708]LogAudioMixer: Display: Using Audio Device Speakers (Realtek High Definition Audio)
[2019.12.27-19.26.55:060][708]LogInit: FAudioDevice initialized.
[2019.12.27-19.26.55:066][708]LogLoad: Game class is 'BuildingEscapeGameModeBase_BP_C'
[2019.12.27-19.26.55:069][708]LogWorld: Bringing World /Game/Maps/UEDPIE_0_Level_01.Level_01 up for play (max tick rate 0) at 2019.12.28-00.56.55
[2019.12.27-19.26.55:069][708]LogWorld: Bringing up level for play took: 0.002454
[2019.12.27-19.26.55:069][708]LogOnline: OSS: Creating online subsystem instance for: :Context_3
[2019.12.27-19.26.55:071][708]PIE: Play in editor start time for /Game/Maps/UEDPIE_0_Level_01 -0.37
[2019.12.27-19.26.57:612][844]LogTemp: Error: Grab pressed
[2019.12.27-19.27.04:271][ 26]LogTemp: Error: Grab pressed
[2019.12.27-19.27.06:055][210]LogTemp: Error: Grab pressed
[2019.12.27-19.27.08:012][439]LogTemp: Error: Grab pressed
[2019.12.27-19.27.08:594][508]LogTemp: Error: Grab pressed
[2019.12.27-19.27.08:970][552]LogTemp: Error: Grab pressed
[2019.12.27-19.27.09:186][578]LogTemp: Error: Grab pressed
[2019.12.27-19.27.09:354][598]LogTemp: Error: Grab pressed
[2019.12.27-19.27.09:533][619]LogTemp: Error: Grab pressed
[2019.12.27-19.27.11:132][805]LogAudioMixer: Display: No commands were queued while flushing the source manager.
[2019.12.27-19.27.11:132][805]LogAudioMixer: Display: No commands were queued while flushing the source manager.
[2019.12.27-19.27.11:132][805]LogSlate: Updating window title bar state: overlay mode, drag disabled, window buttons hidden, title bar hidden
[2019.12.27-19.27.11:132][805]LogWorld: BeginTearingDown for /Game/Maps/UEDPIE_0_Level_01
[2019.12.27-19.27.11:132][805]LogAudioMixer: Display: No commands were queued while flushing the source manager.
[2019.12.27-19.27.11:132][805]LogWorld: UWorld::CleanupWorld for Level_01, bSessionEnded=true, bCleanupResources=true
[2019.12.27-19.27.11:133][805]LogSlate: InvalidateAllWidgets triggered.  All widgets were invalidated
[2019.12.27-19.27.11:141][805]LogPlayLevel: Display: Shutting down PIE online subsystems
[2019.12.27-19.27.11:146][805]LogSlate: InvalidateAllWidgets triggered.  All widgets were invalidated
[2019.12.27-19.27.11:174][805]LogAudioMixer: Display: No commands were queued while flushing the source manager.
[2019.12.27-19.27.11:177][805]LogSlate: Updating window title bar state: overlay mode, drag disabled, window buttons hidden, title bar hidden
[2019.12.27-19.27.11:179][805]LogUObjectHash: Compacting FUObjectHashTables data took   1.60ms
[2019.12.27-19.27.11:241][808]LogPlayLevel: Display: Destroying online subsystem :Context_3
[2019.12.27-19.28.45:374][281]LogHotReload: New module detected: UE4Editor-BuildingEscape-0019.dll
[2019.12.27-19.28.46:060][284]LogHotReload: Starting Hot-Reload from IDE
[2019.12.27-19.28.46:115][284]LogUObjectHash: Compacting FUObjectHashTables data took   1.07ms
[2019.12.27-19.28.46:127][284]LogContentBrowser: Native class hierarchy updated for 'BuildingEscape' in 0.0003 seconds. Added 4 classes and 2 folders.
[2019.12.27-19.28.46:130][284]Display: HotReload successful (0 functions remapped  0 scriptstructs remapped)
[2019.12.27-19.28.46:247][284]LogUObjectHash: Compacting FUObjectHashTables data took   1.66ms
[2019.12.27-19.28.46:259][284]LogContentBrowser: Native class hierarchy populated in 0.0123 seconds. Added 3021 classes and 722 folders.
[2019.12.27-19.28.46:266][284]Display: HotReload took  0.2s.
[2019.12.27-19.28.51:409][300]LogAudioMixer: Display: Audio Buffer Underrun detected.
[2019.12.27-19.29.02:265][675]LogUObjectHash: Compacting FUObjectHashTables data took   0.97ms
[2019.12.27-19.29.08:441][383]LogUObjectHash: Compacting FUObjectHashTables data took   1.70ms
[2019.12.27-19.29.10:519][612]LogUObjectHash: Compacting FUObjectHashTables data took   1.69ms
[2019.12.27-19.29.17:822][448]LogUObjectHash: Compacting FUObjectHashTables data took   0.95ms
[2019.12.27-19.29.17:853][448]LogSlate: Window 'BuildingEscape - Unreal Editor' being destroyed
[2019.12.27-19.29.17:937][449]Cmd: QUIT_EDITOR
[2019.12.27-19.29.17:937][449]LogCore: Engine exit requested (reason: UUnrealEdEngine::CloseEditor())
[2019.12.27-19.29.17:947][449]LogCore: Engine exit requested (reason: EngineExit() was called; note: exit was already requested)
[2019.12.27-19.29.17:947][449]LogAudioMixer: Display: No commands were queued while flushing the source manager.
[2019.12.27-19.29.23:692][449]LogExit: Preparing to exit.
[2019.12.27-19.29.31:048][449]LogWorld: UWorld::CleanupWorld for World_0, bSessionEnded=true, bCleanupResources=true
[2019.12.27-19.29.32:528][449]LogDemo: Cleaned up 0 splitscreen connections with owner deletion
[2019.12.27-19.29.34:491][449]LogWorld: UWorld::CleanupWorld for None, bSessionEnded=true, bCleanupResources=true
[2019.12.27-19.29.34:491][449]LogExit: Editor shut down
[2019.12.27-19.29.34:492][449]LogExit: Transaction tracking system shut down
[2019.12.27-19.29.45:033][449]LogExit: Object subsystem successfully closed.
[2019.12.27-19.29.46:862][449]LogShaderCompilers: Display: Shaders left to compile 0
